Log file open, 04/24/15 16:11:10
LogInit:Display: Running engine without a game
LogInit:Display: Loading recent project file: ../../../../../../Users/Hinato/Documents/Unreal Projects/RevoX01/RevoX01.uproject
LogInit: Version: 4.7.6-2513093+++depot+UE4-Releases+4.7
LogInit: API Version: 2455222
LogInit: Compiled (64-bit): Apr 15 2015 12:09:54
LogInit: Compiled with Visual C++: 18.00.21005.01
LogInit: Build Configuration: Development
LogInit: Branch Name: ++depot+UE4-Releases+4.7
LogInit: Command line: 
LogInit: Base directory: C:/Program Files/Epic Games/4.7/Engine/Binaries/Win64/
LogInit: Rocket: 1
[2015.04.24-14.11.10:381][  0]LogTaskGraph: Started task graph with 3 named threads and 6 total threads.
[2015.04.24-14.11.10:436][  0]LogOnline:Warning: No default platform service specified for OnlineSubsystem
[2015.04.24-14.11.10:452][  0]LogInit: Presizing for 0 objects not considered by GC, pre-allocating 0 bytes.
[2015.04.24-14.11.10:464][  0]LogInit: Object subsystem initialized
[2015.04.24-14.11.10:467][  0]LogConsoleResponse:Warning: Skipping Unknown console variable: 'UIScaleRule = ShortestSide'
[2015.04.24-14.11.10:467][  0]LogConsoleResponse:Warning:   Found in ini file 'C:/Users/Hinato/Documents/Unreal Projects/RevoX01/Saved/Config/Windows/Engine.ini', in section '[/Script/Engine.RendererSettings]'
[2015.04.24-14.11.10:467][  0]LogConsoleResponse:Warning: Skipping Unknown console variable: 'UIScaleCurve = (EditorCurveData=(Keys=),ExternalCurve=None)'
[2015.04.24-14.11.10:467][  0]LogConsoleResponse:Warning:   Found in ini file 'C:/Users/Hinato/Documents/Unreal Projects/RevoX01/Saved/Config/Windows/Engine.ini', in section '[/Script/Engine.RendererSettings]'
[2015.04.24-14.11.10:467][  0]LogConsoleManager:Warning: Console variable 'r.MSAA.CompositingSampleCount' wasn't set (Priority ProjectSetting < Scalability)
[2015.04.24-14.11.10:467][  0]LogInit: Selected Device Profile: [Windows]
[2015.04.24-14.11.10:467][  0]LogInit: Applying CVar settings loaded from the selected device profile: [Windows]
[2015.04.24-14.11.10:474][  0]LogInit: Computer: P02
[2015.04.24-14.11.10:474][  0]LogInit: User: Hinato
[2015.04.24-14.11.10:474][  0]LogInit: CPU Page size=4096, Cores=4
[2015.04.24-14.11.10:474][  0]LogInit: High frequency timer resolution =2.727568 MHz
[2015.04.24-14.11.10:474][  0]LogMemory: Memory total: Physical=4.0GB (4GB approx) Virtual=8192.0GB
[2015.04.24-14.11.10:474][  0]LogMemory: Platform Memory Stats for Windows
[2015.04.24-14.11.10:474][  0]LogMemory: Process Physical Memory: 48.53 MB used, 48.53 MB peak
[2015.04.24-14.11.10:474][  0]LogMemory: Process Virtual Memory: 24.78 MB used, 26.20 MB peak
[2015.04.24-14.11.10:475][  0]LogMemory: Physical Memory: 2903.61 MB used, 4087.11 MB total
[2015.04.24-14.11.10:475][  0]LogMemory: Virtual Memory: 279.70 MB used, 8388608.00 MB total
[2015.04.24-14.11.10:505][  0]LogD3D11RHI: Found D3D11 adapter 0: NVIDIA GeForce GTX 560 Ti   (Feature Level 11_0)
[2015.04.24-14.11.10:505][  0]LogD3D11RHI: Adapter has 1998MB of dedicated video memory, 0MB of dedicated system memory, and 1787MB of shared system memory, 1 output[s]
[2015.04.24-14.11.10:505][  0]LogD3D11RHI: Chosen D3D11 Adapter Id = 0
[2015.04.24-14.11.10:509][  0]LogRHI: Texture pool is 1361 MB (70% of 1945 MB)
[2015.04.24-14.11.10:518][  0]LogD3D11RHI: Async texture creation enabled
[2015.04.24-14.11.10:586][  0]LogTextLocalizationManager: The requested culture ('de_DE') has no localization data; falling back to 'en' for localization and internationalization data.
[2015.04.24-14.11.10:693][  0]LogTextLocalizationManager:Warning: Loading localization resources contain conflicting entries for (Namespace:UICommands, Key:Save_ToolTip):
Resource: (C:/Program Files/Epic Games/4.7/Engine/Content/Localization/Editor/en/Editor.locres) Hash: (-29098895) String: (Saves the current level to disk)
Resource: (C:/Program Files/Epic Games/4.7/Engine/Content/Localization/Engine/en/Engine.locres) Hash: (-1280300587) String: (Save selected data to vlog file)
[2015.04.24-14.11.10:693][  0]LogTextLocalizationManager:Warning: Loading localization resources contain conflicting entries for (Namespace:ContentBrowser, Key:ImportAssetToolTip):
Resource: (C:/Program Files/Epic Games/4.7/Engine/Content/Localization/Editor/en/Editor.locres) Hash: (-630476809) String: (Import to {0}...)
Resource: (C:/Program Files/Epic Games/4.7/Engine/Content/Localization/Editor/en/Editor.locres) Hash: (1271782899) String: (Imports an asset from file to this folder.)
[2015.04.24-14.11.10:800][  0]LogContentStreaming: Texture pool size is 0.000000MB
[2015.04.24-14.11.13:548][  0]LogTargetPlatformManager:Display: Building Assets For Windows
[2015.04.24-14.11.14:169][  0]LogTargetPlatformManager:Display: Building Assets For Windows
[2015.04.24-14.11.14:247][  0]LogDerivedDataCache:Display: Max Cache Size: 512 MB
[2015.04.24-14.11.14:300][  0]LogDerivedDataCache: Loaded boot cache 0.05s 39MB C:/Users/Hinato/AppData/Local/UnrealEngine/4.7/DerivedDataCache/Boot.ddc.
[2015.04.24-14.11.14:300][  0]LogDerivedDataCache:Display: Loaded Boot cache: C:/Users/Hinato/AppData/Local/UnrealEngine/4.7/DerivedDataCache/Boot.ddc
[2015.04.24-14.11.14:300][  0]LogDerivedDataCache: FDerivedDataBackendGraph:  Pak pak cache file ../../../../../../Users/Hinato/Documents/Unreal Projects/RevoX01/DerivedDataCache/DDC.ddp not found, will not use a pak cache.
[2015.04.24-14.11.14:300][  0]LogDerivedDataCache: Unable to find inner node Pak for hierarchical cache Hierarchy.
[2015.04.24-14.11.14:450][  0]LogDerivedDataCache:Display: Pak cache opened for reading ../../../Engine/DerivedDataCache/Compressed.ddp.
[2015.04.24-14.11.14:462][  0]LogDerivedDataCache: Using Local data cache path C:/Users/Hinato/AppData/Local/UnrealEngine/Common/DerivedDataCache: Writable
[2015.04.24-14.11.14:858][  0]LogMeshUtilities: No automatic mesh reduction module available
[2015.04.24-14.11.14:858][  0]LogMeshUtilities: No automatic mesh merging module available
[2015.04.24-14.11.15:331][  0]LogInit: WinSock: version 1.1 (2.2), MaxSocks=32767, MaxUdp=65467
[2015.04.24-14.11.15:428][  0]LogSlate:Warning: Failed to load font data from '../../../Engine/Content/Slate/Fonts/Roboto-Italic.ttf'
[2015.04.24-14.11.16:415][  0]UdpMessaging: Initializing bridge on interface 0.0.0.0:0 to multicast group 230.0.0.1:6666.
[2015.04.24-14.11.16:652][  0]SourceControl: Info Source control is disabled
[2015.04.24-14.11.16:652][  0]SourceControl: Info Source control is disabled
[2015.04.24-14.11.16:652][  0]SourceControl: Info Source control is disabled
[2015.04.24-14.11.16:652][  0]LogSourceControl: RunCommandInternalRaw: 'git version'
[2015.04.24-14.11.16:652][  0]LogSourceControl: RunCommandInternalRaw: ExecProcess ReturnCode=2 OutResults=''
[2015.04.24-14.11.16:664][  0]SourceControl: Info Source control is disabled
[2015.04.24-14.11.16:898][  0]LogObj: 24232 objects as part of root set at end of initial load.
[2015.04.24-14.11.16:898][  0]LogUObjectAllocator: 5137168 out of 0 bytes used by permanent object pool.
[2015.04.24-14.11.17:002][  0]LogEngine: Initializing Engine...
[2015.04.24-14.11.19:220][  0]LogInit: XAudio2 using 'Lautsprecher (Realtek High Definition Audio)' : 2 channels at 48 kHz using 32 bits per sample (channel mask 0x3)
[2015.04.24-14.11.19:231][  0]LogInit: FAudioDevice initialized.
[2015.04.24-14.11.19:277][  0]LogAIModule: Creating AISystem for world NewWorld
[2015.04.24-14.11.19:321][  0]LogDerivedDataCache: Saved boot cache 0.04s 39MB C:/Users/Hinato/AppData/Local/UnrealEngine/4.7/DerivedDataCache/Boot.ddc.
[2015.04.24-14.11.19:327][  0]LogInit: Texture streaming: Enabled
[2015.04.24-14.11.19:441][  0]LogAnalytics: Creating configured Analytics provider AnalyticsET
[2015.04.24-14.11.19:441][  0]LogAnalytics: ET APIKey = Rocket.Release. APIServer = http://et2.epicgames.com/ET2/. AppVersion = 4.7.6-2513093+++depot+UE4-Releases+4.7
[2015.04.24-14.11.19:441][  0]LogAnalytics: ET APIKey = Rocket.Release. DataRouterUploadURL = https://datarouter-public-service-gamedev.ol.epicgames.net/datarouter/api/v1/public/data. AppVersion = 4.7.6-2513093+++depot+UE4-Releases+4.7
[2015.04.24-14.11.19:441][  0]LogAnalytics: SetUserId 0293e48444163cfde8d972980fd566d2|d13178c4327547f4b81623395438f0bc|c0a7748a-5860-45c5-973b-d3828b400282
[2015.04.24-14.11.19:441][  0]LogAnalytics: AnalyticsET::StartSession [Rocket.Release]
[2015.04.24-14.11.19:468][  0]LogInit: Transaction tracking system initialized
[2015.04.24-14.11.19:679][  0]BlueprintLog: New page: Editor Load
[2015.04.24-14.11.19:718][  0]LogAssetRegistry: FAssetRegistry took 0.0093 seconds to start up
[2015.04.24-14.11.19:719][  0]LogDirectoryWatcher:Warning: Failed to begin reading directory changes for ../../../Engine/Plugins/Experimental/CharacterAI/Content/. Error: 0
[2015.04.24-14.11.20:360][  0]LogTargetPlatformManager:Display: Building Assets For Windows
[2015.04.24-14.11.20:780][  0]LogTargetPlatformManager:Display: Building Assets For Windows
[2015.04.24-14.11.21:101][  0]LogSlate:Warning: Failed to load font data from '../../../Engine/Content/Editor/Slate/Fonts/Roboto-Regular.ttf'
[2015.04.24-14.11.21:102][  0]LogSlate:Warning: Failed to load font data from '../../../Engine/Content/Editor/Slate/Fonts/Roboto-Bold.ttf'
[2015.04.24-14.11.21:107][  0]LogConsoleResponse:Display: 
[2015.04.24-14.11.21:265][  0]LogCook:Display: Done creating registry. It took  0.00s.
[2015.04.24-14.11.21:447][  0]SourceControl: Info Source control is disabled
[2015.04.24-14.11.21:448][  0]Cmd: MAP LOAD FILE="../../../../../../Users/Hinato/Documents/Unreal Projects/RevoX01/Content/RevoX/Maps/NewGameMap.umap" TEMPLATE=0 SHOWPROGRESS=1 FEATURELEVEL=3
[2015.04.24-14.11.21:448][  0]LightingResults: New page: Lighting Build
[2015.04.24-14.11.21:463][  0]MapCheck: New page: Map Check
[2015.04.24-14.11.21:463][  0]LightingResults: New page: Lighting Build
[2015.04.24-14.11.21:471][  0]LogParticles: Destroying 0 GPU particle simulations for FXSystem 0x0000000014CF4720
[2015.04.24-14.11.23:953][  0]LogLinker:Warning: CreateImport: Object 'ButtonWasClicked__DelegateSignature' isn't imported, because its outer is a placeholder. Archive: '../../../../../../Users/Hinato/Documents/Unreal Projects/RevoX01/Content/RevoX/UI/Inventory/CombatUIWidget.uasset'
[2015.04.24-14.11.44:355][  0]LogEditorServer: Finished looking for orphan Actors (0.000 secs)
[2015.04.24-14.11.44:356][  0]LogAIModule: Creating AISystem for world NewGameMap
[2015.04.24-14.11.44:356][  0]Cmd: MAP CHECKDEP
[2015.04.24-14.11.44:357][  0]MapCheck: New page: NewGameMap - Apr 24, 2015, 6:11:44 PM
[2015.04.24-14.11.44:524][  0]MapCheck: Info Map check complete: 0 Error(s), 0 Warning(s), took 166.845ms to complete.
[2015.04.24-14.11.44:524][  0]LogFileHelpers: Loading map 'NewGameMap' took 23.076
[2015.04.24-14.11.44:634][  0]LogCollectionManager: Loaded 0 collections in 0.002090 seconds
[2015.04.24-14.11.44:651][  0]LogContentBrowser: Native class hierarchy populated in 0.0166 seconds. Added 1696 classes and 261 folders.
[2015.04.24-14.11.44:691][  0]LogContentBrowser: Native class hierarchy updated for 'SceneOutliner' in 0.0024 seconds. Added 1 classes and 2 folders.
[2015.04.24-14.11.44:823][  0]LogCrashTracker: Crashtracker disabled due to settings.
[2015.04.24-14.11.44:825][  0]LogSlate:Warning: Failed to load font data from 'Veranda'
[2015.04.24-14.11.44:828][  0]LogUObjectGlobals:Warning: Failed to find object 'Class None.'
[2015.04.24-14.11.44:864][  0]LogLoad: Full Startup: 37.02 seconds (BP compile: 9.99 seconds)
[2015.04.24-14.11.44:900][  0]LogContentBrowser:Verbose: The content browser source was changed by the sources view to '/Game/RevoX/UI/Inventory'
[2015.04.24-14.11.45:054][  0]LogRenderer:Warning: Reallocating scene render targets to support 32x32 (Frame:2).
[2015.04.24-14.11.45:276][  0]LogRenderer:Warning: Reallocating scene render targets to support 1208x576 (Frame:7).
[2015.04.24-14.11.45:788][  8]LogAssetRegistry: Asset discovery search completed in 26.0785 seconds
[2015.04.24-14.11.53:123][426]LogEditorViewport: Clicking on Actor (LMB): BP_Sky_Sphere_C (Sky Sphere)
[2015.04.24-14.12.01:080][702]Cmd: QUIT_EDITOR
[2015.04.24-14.12.02:251][702]LogExit: Preparing to exit.
[2015.04.24-14.12.02:795][702]LogExit: Editor shut down
[2015.04.24-14.12.02:795][702]LogExit: Transaction tracking system shut down
[2015.04.24-14.12.02:800][702]LogParticles: Destroying 0 GPU particle simulations for FXSystem 0x00000000243F59E0
[2015.04.24-14.12.02:800][702]LogParticles: Destroying 0 GPU particle simulations for FXSystem 0x0000000029B954E0
[2015.04.24-14.12.02:800][702]LogParticles: Destroying 0 GPU particle simulations for FXSystem 0x000000002A7C2A20
[2015.04.24-14.12.02:800][702]LogParticles: Destroying 0 GPU particle simulations for FXSystem 0x000000002A51CE00
[2015.04.24-14.12.03:490][702]LogExit: Object subsystem successfully closed.
[2015.04.24-14.12.04:000][702]LogModuleManager: Shutting down and abandoning module CrashTracker (177)
[2015.04.24-14.12.04:000][702]LogModuleManager: Shutting down and abandoning module SuperSearch (176)
[2015.04.24-14.12.04:000][702]LogModuleManager: Shutting down and abandoning module SceneOutliner (175)
[2015.04.24-14.12.04:000][702]LogModuleManager: Shutting down and abandoning module EditorWidgets (174)
[2015.04.24-14.12.04:000][702]LogModuleManager: Shutting down and abandoning module CollectionManager (173)
[2015.04.24-14.12.04:000][702]LogModuleManager: Shutting down and abandoning module StatsViewer (172)
[2015.04.24-14.12.04:008][702]LogModuleManager: Shutting down and abandoning module FoliageEdit (171)
[2015.04.24-14.12.04:008][702]LogModuleManager: Shutting down and abandoning module LandscapeEditor (170)
[2015.04.24-14.12.04:009][702]LogModuleManager: Shutting down and abandoning module MeshPaint (169)
[2015.04.24-14.12.04:019][702]LogModuleManager: Shutting down and abandoning module ActorPickerMode (168)
[2015.04.24-14.12.04:019][702]LogModuleManager: Shutting down and abandoning module GeometryMode (167)
[2015.04.24-14.12.04:019][702]LogModuleManager: Shutting down and abandoning module TextureAlignMode (166)
[2015.04.24-14.12.04:019][702]LogModuleManager: Shutting down and abandoning module BspMode (165)
[2015.04.24-14.12.04:019][702]LogModuleManager: Shutting down and abandoning module PlacementMode (164)
[2015.04.24-14.12.04:019][702]LogModuleManager: Shutting down and abandoning module AutomationWorker (163)
[2015.04.24-14.12.04:019][702]LogModuleManager: Shutting down and abandoning module CharacterAI (162)
[2015.04.24-14.12.04:019][702]LogModuleManager: Shutting down and abandoning module SmartSnapping (161)
[2015.04.24-14.12.04:019][702]LogModuleManager: Shutting down and abandoning module ViewportSnapping (160)
[2015.04.24-14.12.04:019][702]LogModuleManager: Shutting down and abandoning module LogVisualizer (159)
[2015.04.24-14.12.04:038][702]LogModuleManager: Shutting down and abandoning module GameProjectGeneration (158)
[2015.04.24-14.12.04:045][702]LogModuleManager: Shutting down and abandoning module IntroTutorials (157)
[2015.04.24-14.12.04:061][702]LogModuleManager: Shutting down and abandoning module EditorLiveStreaming (156)
[2015.04.24-14.12.04:061][702]LogModuleManager: Shutting down and abandoning module HardwareTargeting (155)
[2015.04.24-14.12.04:062][702]LogModuleManager: Shutting down and abandoning module DeviceProfileEditor (154)
[2015.04.24-14.12.04:068][702]LogModuleManager: Shutting down and abandoning module UndoHistory (153)
[2015.04.24-14.12.04:078][702]LogModuleManager: Shutting down and abandoning module GameplayTagsEditor (152)
[2015.04.24-14.12.04:078][702]LogModuleManager: Shutting down and abandoning module UserFeedback (151)
[2015.04.24-14.12.04:078][702]LogModuleManager: Shutting down and abandoning module XmlParser (150)
[2015.04.24-14.12.04:078][702]LogModuleManager: Shutting down and abandoning module Blutility (149)
[2015.04.24-14.12.04:078][702]LogModuleManager: Shutting down and abandoning module IOSPlatformEditor (148)
[2015.04.24-14.12.04:078][702]LogModuleManager: Shutting down and abandoning module IOSRuntimeSettings (147)
[2015.04.24-14.12.04:078][702]LogModuleManager: Shutting down and abandoning module AndroidDeviceDetection (146)
[2015.04.24-14.12.04:880][702]LogModuleManager: Shutting down and abandoning module AndroidPlatformEditor (145)
[2015.04.24-14.12.04:880][702]LogModuleManager: Shutting down and abandoning module AndroidRuntimeSettings (144)
[2015.04.24-14.12.04:880][702]LogModuleManager: Shutting down and abandoning module ProjectTargetPlatformEditor (143)
[2015.04.24-14.12.04:900][702]LogModuleManager: Shutting down and abandoning module ProjectSettingsViewer (142)
[2015.04.24-14.12.04:900][702]LogModuleManager: Shutting down and abandoning module InputBindingEditor (141)
[2015.04.24-14.12.04:911][702]LogModuleManager: Shutting down and abandoning module EditorSettingsViewer (140)
[2015.04.24-14.12.04:911][702]LogModuleManager: Shutting down and abandoning module SettingsEditor (139)
[2015.04.24-14.12.04:917][702]LogModuleManager: Shutting down and abandoning module ProjectLauncher (138)
[2015.04.24-14.12.04:932][702]LogModuleManager: Shutting down and abandoning module SessionFrontend (137)
[2015.04.24-14.12.04:939][702]LogModuleManager: Shutting down and abandoning module ProfilerClient (136)
[2015.04.24-14.12.04:939][702]LogModuleManager: Shutting down and abandoning module TargetDeviceServices (135)
[2015.04.24-14.12.04:939][702]LogModuleManager: Shutting down and abandoning module DeviceManager (134)
[2015.04.24-14.12.04:944][702]LogModuleManager: Shutting down and abandoning module AutomationController (133)
[2015.04.24-14.12.04:953][702]LogModuleManager: Shutting down and abandoning module AutomationWindow (132)
[2015.04.24-14.12.04:961][702]LogModuleManager: Shutting down and abandoning module Layers (131)
[2015.04.24-14.12.04:980][702]LogModuleManager: Shutting down and abandoning module ComponentVisualizers (130)
[2015.04.24-14.12.04:980][702]LogModuleManager: Shutting down and abandoning module DetailCustomizations (129)
[2015.04.24-14.12.04:980][702]LogModuleManager: Shutting down and abandoning module PackagesDialog (128)
[2015.04.24-14.12.05:004][702]LogModuleManager: Shutting down and abandoning module AssetRegistry (127)
[2015.04.24-14.12.05:182][702]LogModuleManager: Shutting down and abandoning module Persona (126)
[2015.04.24-14.12.05:206][702]LogModuleManager: Shutting down and abandoning module SlateReflector (125)
[2015.04.24-14.12.05:220][702]LogModuleManager: Shutting down and abandoning module LevelEditor (124)
[2015.04.24-14.12.05:231][702]LogModuleManager: Shutting down and abandoning module Kismet (123)
[2015.04.24-14.12.05:231][702]LogModuleManager: Shutting down and abandoning module GraphEditor (122)
[2015.04.24-14.12.05:231][702]LogModuleManager: Shutting down and abandoning module ClassViewer (121)
[2015.04.24-14.12.05:231][702]LogModuleManager: Shutting down and abandoning module Toolbox (120)
[2015.04.24-14.12.05:231][702]LogModuleManager: Shutting down and abandoning module ModuleUI (119)
[2015.04.24-14.12.05:240][702]LogModuleManager: Shutting down and abandoning module MovieSceneTools (118)
[2015.04.24-14.12.05:260][702]LogModuleManager: Shutting down and abandoning module OutputLog (117)
[2015.04.24-14.12.05:260][702]LogModuleManager: Shutting down and abandoning module GammaUI (116)
[2015.04.24-14.12.05:264][702]LogModuleManager: Shutting down and abandoning module Documentation (115)
[2015.04.24-14.12.05:264][702]LogModuleManager: Shutting down and abandoning module GameLiveStreaming (114)
[2015.04.24-14.12.05:267][702]LogModuleManager: Shutting down and abandoning module StreamingPauseRendering (113)
[2015.04.24-14.12.05:267][702]LogModuleManager: Shutting down and abandoning module HTTP (112)
[2015.04.24-14.12.05:267][702]LogModuleManager: Shutting down and abandoning module AnalyticsET (111)
[2015.04.24-14.12.05:267][702]LogModuleManager: Shutting down and abandoning module Analytics (110)
[2015.04.24-14.12.05:267][702]LogModuleManager: Shutting down and abandoning module AITestSuite (109)
[2015.04.24-14.12.05:275][702]LogModuleManager: Shutting down and abandoning module GameplayDebugger (108)
[2015.04.24-14.12.05:283][702]LogModuleManager: Shutting down and abandoning module AIModule (107)
[2015.04.24-14.12.05:295][702]LogModuleManager: Shutting down and abandoning module ProfilerService (106)
[2015.04.24-14.12.05:452][702]LogModuleManager: Shutting down and abandoning module TaskGraph (105)
[2015.04.24-14.12.05:487][702]LogModuleManager: Shutting down and abandoning module SlateRemote (104)
[2015.04.24-14.12.05:487][702]LogModuleManager: Shutting down and abandoning module ScriptEditorPlugin (103)
[2015.04.24-14.12.05:487][702]LogModuleManager: Shutting down and abandoning module CustomMeshComponent (102)
[2015.04.24-14.12.05:487][702]LogModuleManager: Shutting down and abandoning module CableComponent (101)
[2015.04.24-14.12.05:496][702]LogModuleManager: Shutting down and abandoning module MessagingDebugger (100)
[2015.04.24-14.12.05:507][702]LogModuleManager: Shutting down and abandoning module MediaPlayerEditor (99)
[2015.04.24-14.12.05:514][702]LogModuleManager: Shutting down and abandoning module SpeedTreeImporter (98)
[2015.04.24-14.12.05:514][702]LogModuleManager: Shutting down and abandoning module PluginsEditor (97)
[2015.04.24-14.12.05:518][702]LogModuleManager: Shutting down and abandoning module MainFrame (96)
[2015.04.24-14.12.05:518][702]LogModuleManager: Shutting down and abandoning module EpicSurvey (95)
[2015.04.24-14.12.05:518][702]LogModuleManager: Shutting down and abandoning module DesktopPlatform (94)
[2015.04.24-14.12.05:534][702]LogModuleManager: Shutting down and abandoning module DirectoryWatcher (93)
[2015.04.24-14.12.05:534][702]LogModuleManager: Shutting down and abandoning module HotReload (92)
[2015.04.24-14.12.05:535][702]LogModuleManager: Shutting down and abandoning module VisualStudioSourceCodeAccess (91)
[2015.04.24-14.12.05:535][702]LogModuleManager: Shutting down and abandoning module UObjectPlugin (90)
[2015.04.24-14.12.05:535][702]LogModuleManager: Shutting down and abandoning module SubversionSourceControl (89)
[2015.04.24-14.12.05:539][702]LogModuleManager: Shutting down and abandoning module PerforceSourceControl (88)
[2015.04.24-14.12.05:557][702]LogModuleManager: Shutting down and abandoning module SourceControl (87)
[2015.04.24-14.12.05:568][702]LogModuleManager: Shutting down and abandoning module GitSourceControl (86)
[2015.04.24-14.12.05:579][702]LogModuleManager: Shutting down and abandoning module BlankPlugin (85)
[2015.04.24-14.12.05:579][702]LogModuleManager: Shutting down and abandoning module PaperTiledImporter (84)
[2015.04.24-14.12.05:579][702]LogModuleManager: Shutting down and abandoning module PaperJsonImporter (83)
[2015.04.24-14.12.05:579][702]LogModuleManager: Shutting down and abandoning module ContentBrowser (82)
[2015.04.24-14.12.05:579][702]LogModuleManager: Shutting down and abandoning module Paper2DEditor (81)
[2015.04.24-14.12.05:587][702]LogModuleManager: Shutting down and abandoning module ScriptPlugin (80)
[2015.04.24-14.12.05:595][702]LogModuleManager: Shutting down and abandoning module UdpMessaging (79)
[2015.04.24-14.12.05:695][702]LogModuleManager: Shutting down and abandoning module Paper2D (78)
[2015.04.24-14.12.05:736][702]LogModuleManager: Shutting down and abandoning module WindowsMoviePlayer (77)
[2015.04.24-14.12.05:740][702]LogModuleManager: Shutting down and abandoning module Media (76)
[2015.04.24-14.12.05:740][702]LogModuleManager: Shutting down and abandoning module WmfMedia (75)
[2015.04.24-14.12.05:749][702]LogModuleManager: Shutting down and abandoning module OnlineBlueprintSupport (74)
[2015.04.24-14.12.05:749][702]LogModuleManager: Shutting down and abandoning module PropertyEditor (73)
[2015.04.24-14.12.05:749][702]LogModuleManager: Shutting down and abandoning module BehaviorTreeEditor (72)
[2015.04.24-14.12.05:763][702]LogModuleManager: Shutting down and abandoning module FunctionalTesting (71)
[2015.04.24-14.12.05:763][702]LogModuleManager: Shutting down and abandoning module CollisionAnalyzer (70)
[2015.04.24-14.12.05:767][702]LogModuleManager: Shutting down and abandoning module WorkspaceMenuStructure (69)
[2015.04.24-14.12.05:767][702]LogModuleManager: Shutting down and abandoning module MessageLog (68)
[2015.04.24-14.12.05:767][702]LogModuleManager: Shutting down and abandoning module Sequencer (67)
[2015.04.24-14.12.05:779][702]LogModuleManager: Shutting down and abandoning module AssetTools (66)
[2015.04.24-14.12.05:786][702]LogModuleManager: Shutting down and abandoning module UMGEditor (65)
[2015.04.24-14.12.05:800][702]LogModuleManager: Shutting down and abandoning module UMG (64)
[2015.04.24-14.12.05:803][702]LogModuleManager: Shutting down and abandoning module Slate (63)
[2015.04.24-14.12.05:803][702]LogModuleManager: Shutting down and abandoning module EditorStyle (62)
[2015.04.24-14.12.05:808][702]LogModuleManager: Shutting down and abandoning module SessionServices (61)
[2015.04.24-14.12.05:808][702]LogModuleManager: Shutting down and abandoning module SourceCodeAccess (60)
[2015.04.24-14.12.05:808][702]LogModuleManager: Shutting down and abandoning module HeadMountedDisplay (59)
[2015.04.24-14.12.05:808][702]LogModuleManager: Shutting down and abandoning module XAudio2 (58)
[2015.04.24-14.12.05:808][702]LogModuleManager: Shutting down and abandoning module Networking (56)
[2015.04.24-14.12.05:808][702]LogModuleManager: Shutting down and abandoning module Core (55)
[2015.04.24-14.12.05:808][702]LogModuleManager: Shutting down and abandoning module KismetCompiler (54)
[2015.04.24-14.12.05:808][702]LogModuleManager: Shutting down and abandoning module PhysXFormats (53)
[2015.04.24-14.12.05:808][702]LogModuleManager: Shutting down and abandoning module MeshUtilities (52)
[2015.04.24-14.12.05:824][702]LogModuleManager: Shutting down and abandoning module DerivedDataCache (51)
[2015.04.24-14.12.06:011][702]LogDerivedDataCache: Shutdown
[2015.04.24-14.12.06:011][702]LogModuleManager: Shutting down and abandoning module ShaderFormatOpenGL (50)
[2015.04.24-14.12.06:016][702]LogModuleManager: Shutting down and abandoning module ShaderFormatD3D (49)
[2015.04.24-14.12.06:016][702]LogModuleManager: Shutting down and abandoning module MetalShaderFormat (48)
[2015.04.24-14.12.06:023][702]LogModuleManager: Shutting down and abandoning module TextureFormatUncompressed (47)
[2015.04.24-14.12.06:023][702]LogModuleManager: Shutting down and abandoning module TextureFormatPVR (46)
[2015.04.24-14.12.06:023][702]LogModuleManager: Shutting down and abandoning module TextureFormatIntelISPCTexComp (45)
[2015.04.24-14.12.06:023][702]LogModuleManager: Shutting down and abandoning module TextureFormatDXT (44)
[2015.04.24-14.12.06:023][702]LogModuleManager: Shutting down and abandoning module ImageWrapper (43)
[2015.04.24-14.12.06:023][702]LogModuleManager: Shutting down and abandoning module TextureFormatASTC (42)
[2015.04.24-14.12.06:023][702]LogModuleManager: Shutting down and abandoning module TextureFormatAndroid (41)
[2015.04.24-14.12.06:023][702]LogModuleManager: Shutting down and abandoning module AudioFormatOpus (40)
[2015.04.24-14.12.06:033][702]LogModuleManager: Shutting down and abandoning module AudioFormatOgg (39)
[2015.04.24-14.12.06:033][702]LogModuleManager: Shutting down and abandoning module AudioFormatADPCM (38)
[2015.04.24-14.12.06:033][702]LogModuleManager: Shutting down and abandoning module LinuxTargetPlatform (37)
[2015.04.24-14.12.06:033][702]LogModuleManager: Shutting down and abandoning module LinuxServerTargetPlatform (36)
[2015.04.24-14.12.06:033][702]LogModuleManager: Shutting down and abandoning module LinuxNoEditorTargetPlatform (35)
[2015.04.24-14.12.06:033][702]LogModuleManager: Shutting down and abandoning module Messaging (34)
[2015.04.24-14.12.06:033][702]LogModuleManager: Shutting down and abandoning module IOSTargetPlatform (33)
[2015.04.24-14.12.06:033][702]LogModuleManager: Shutting down and abandoning module HTML5TargetPlatform (32)
[2015.04.24-14.12.06:033][702]LogModuleManager: Shutting down and abandoning module Android_PVRTCTargetPlatform (31)
[2015.04.24-14.12.06:033][702]LogModuleManager: Shutting down and abandoning module Android_ETC2TargetPlatform (30)
[2015.04.24-14.12.06:033][702]LogModuleManager: Shutting down and abandoning module Android_ETC1TargetPlatform (29)
[2015.04.24-14.12.06:033][702]LogModuleManager: Shutting down and abandoning module Android_ES31TargetPlatform (28)
[2015.04.24-14.12.06:034][702]LogModuleManager: Shutting down and abandoning module Android_DXTTargetPlatform (27)
[2015.04.24-14.12.06:034][702]LogModuleManager: Shutting down and abandoning module Android_ATCTargetPlatform (26)
[2015.04.24-14.12.06:034][702]LogModuleManager: Shutting down and abandoning module AndroidTargetPlatform (25)
[2015.04.24-14.12.06:034][702]LogModuleManager: Shutting down and abandoning module WindowsTargetPlatform (24)
[2015.04.24-14.12.06:034][702]LogModuleManager: Shutting down and abandoning module WindowsServerTargetPlatform (23)
[2015.04.24-14.12.06:034][702]LogModuleManager: Shutting down and abandoning module WindowsNoEditorTargetPlatform (22)
[2015.04.24-14.12.06:034][702]LogModuleManager: Shutting down and abandoning module WindowsClientTargetPlatform (21)
[2015.04.24-14.12.06:034][702]LogModuleManager: Shutting down and abandoning module TargetPlatform (20)
[2015.04.24-14.12.06:034][702]LogModuleManager: Shutting down and abandoning module InputCore (19)
[2015.04.24-14.12.06:034][702]LogModuleManager: Shutting down and abandoning module Settings (18)
[2015.04.24-14.12.06:034][702]LogModuleManager: Shutting down and abandoning module OnlineSubsystem (16)
[2015.04.24-14.12.06:034][702]LogModuleManager: Shutting down and abandoning module OculusRift (15)
[2015.04.24-14.12.06:034][702]LogModuleManager: Shutting down and abandoning module ExampleDeviceProfileSelector (14)
[2015.04.24-14.12.06:034][702]LogModuleManager: Shutting down and abandoning module TextureCompressor (13)
[2015.04.24-14.12.06:038][702]LogModuleManager: Shutting down and abandoning module ShaderCore (12)
[2015.04.24-14.12.06:038][702]LogModuleManager: Shutting down and abandoning module Landscape (11)
[2015.04.24-14.12.06:038][702]LogModuleManager: Shutting down and abandoning module SlateRHIRenderer (10)
[2015.04.24-14.12.06:084][702]LogModuleManager: Shutting down and abandoning module OpenGLDrv (9)
[2015.04.24-14.12.06:084][702]LogModuleManager: Shutting down and abandoning module D3D11RHI (8)
[2015.04.24-14.12.06:084][702]LogModuleManager: Shutting down and abandoning module Renderer (7)
[2015.04.24-14.12.06:084][702]LogModuleManager: Shutting down and abandoning module Engine (6)
[2015.04.24-14.12.06:084][702]LogModuleManager: Shutting down and abandoning module CoreUObject (5)
[2015.04.24-14.12.06:084][702]LogModuleManager: Shutting down and abandoning module NetworkFile (4)
[2015.04.24-14.12.06:093][702]LogModuleManager: Shutting down and abandoning module StreamingFile (3)
[2015.04.24-14.12.06:093][702]LogModuleManager: Shutting down and abandoning module SandboxFile (2)
[2015.04.24-14.12.06:100][702]LogModuleManager: Shutting down and abandoning module PakFile (1)
[2015.04.24-14.12.06:116][702]LogExit: Exiting.
[2015.04.24-14.12.06:121][702]Log file closed, 04/24/15 16:12:06
