Log file open, 04/24/15 02:30:51
LogInit:Display: Running engine without a game
LogInit:Display: Loading recent project file: ../../../../../../Users/Hinato/Documents/Unreal Projects/RevoX01/RevoX01.uproject
LogInit: Version: 4.7.6-2513093+++depot+UE4-Releases+4.7
LogInit: API Version: 2455222
LogInit: Compiled (64-bit): Apr 15 2015 12:09:54
LogInit: Compiled with Visual C++: 18.00.21005.01
LogInit: Build Configuration: Development
LogInit: Branch Name: ++depot+UE4-Releases+4.7
LogInit: Command line: 
LogInit: Base directory: C:/Program Files/Epic Games/4.7/Engine/Binaries/Win64/
LogInit: Rocket: 1
[2015.04.24-00.30.51:897][  0]LogTaskGraph: Started task graph with 3 named threads and 6 total threads.
[2015.04.24-00.30.51:951][  0]LogOnline:Warning: No default platform service specified for OnlineSubsystem
[2015.04.24-00.30.51:968][  0]LogInit: Presizing for 0 objects not considered by GC, pre-allocating 0 bytes.
[2015.04.24-00.30.51:982][  0]LogInit: Object subsystem initialized
[2015.04.24-00.30.51:984][  0]LogConsoleResponse:Warning: Skipping Unknown console variable: 'UIScaleRule = ShortestSide'
[2015.04.24-00.30.51:984][  0]LogConsoleResponse:Warning:   Found in ini file 'C:/Users/Hinato/Documents/Unreal Projects/RevoX01/Saved/Config/Windows/Engine.ini', in section '[/Script/Engine.RendererSettings]'
[2015.04.24-00.30.51:984][  0]LogConsoleResponse:Warning: Skipping Unknown console variable: 'UIScaleCurve = (EditorCurveData=(Keys=),ExternalCurve=None)'
[2015.04.24-00.30.51:984][  0]LogConsoleResponse:Warning:   Found in ini file 'C:/Users/Hinato/Documents/Unreal Projects/RevoX01/Saved/Config/Windows/Engine.ini', in section '[/Script/Engine.RendererSettings]'
[2015.04.24-00.30.51:985][  0]LogConsoleManager:Warning: Console variable 'r.MSAA.CompositingSampleCount' wasn't set (Priority ProjectSetting < Scalability)
[2015.04.24-00.30.51:985][  0]LogInit: Selected Device Profile: [Windows]
[2015.04.24-00.30.51:985][  0]LogInit: Applying CVar settings loaded from the selected device profile: [Windows]
[2015.04.24-00.30.51:992][  0]LogInit: Computer: P02
[2015.04.24-00.30.51:992][  0]LogInit: User: Hinato
[2015.04.24-00.30.51:992][  0]LogInit: CPU Page size=4096, Cores=4
[2015.04.24-00.30.51:992][  0]LogInit: High frequency timer resolution =2.727578 MHz
[2015.04.24-00.30.51:993][  0]LogMemory: Memory total: Physical=4.0GB (4GB approx) Virtual=8192.0GB
[2015.04.24-00.30.51:993][  0]LogMemory: Platform Memory Stats for Windows
[2015.04.24-00.30.51:993][  0]LogMemory: Process Physical Memory: 48.55 MB used, 48.55 MB peak
[2015.04.24-00.30.51:993][  0]LogMemory: Process Virtual Memory: 24.77 MB used, 26.20 MB peak
[2015.04.24-00.30.51:993][  0]LogMemory: Physical Memory: 3263.42 MB used, 4087.11 MB total
[2015.04.24-00.30.51:993][  0]LogMemory: Virtual Memory: 279.70 MB used, 8388608.00 MB total
[2015.04.24-00.30.52:025][  0]LogD3D11RHI: Found D3D11 adapter 0: NVIDIA GeForce GTX 560 Ti   (Feature Level 11_0)
[2015.04.24-00.30.52:025][  0]LogD3D11RHI: Adapter has 1998MB of dedicated video memory, 0MB of dedicated system memory, and 1787MB of shared system memory, 1 output[s]
[2015.04.24-00.30.52:025][  0]LogD3D11RHI: Chosen D3D11 Adapter Id = 0
[2015.04.24-00.30.52:029][  0]LogRHI: Texture pool is 1361 MB (70% of 1945 MB)
[2015.04.24-00.30.52:038][  0]LogD3D11RHI: Async texture creation enabled
[2015.04.24-00.30.52:109][  0]LogTextLocalizationManager: The requested culture ('de_DE') has no localization data; falling back to 'en' for localization and internationalization data.
[2015.04.24-00.30.52:220][  0]LogTextLocalizationManager:Warning: Loading localization resources contain conflicting entries for (Namespace:UICommands, Key:Save_ToolTip):
Resource: (C:/Program Files/Epic Games/4.7/Engine/Content/Localization/Editor/en/Editor.locres) Hash: (-29098895) String: (Saves the current level to disk)
Resource: (C:/Program Files/Epic Games/4.7/Engine/Content/Localization/Engine/en/Engine.locres) Hash: (-1280300587) String: (Save selected data to vlog file)
[2015.04.24-00.30.52:220][  0]LogTextLocalizationManager:Warning: Loading localization resources contain conflicting entries for (Namespace:ContentBrowser, Key:ImportAssetToolTip):
Resource: (C:/Program Files/Epic Games/4.7/Engine/Content/Localization/Editor/en/Editor.locres) Hash: (-630476809) String: (Import to {0}...)
Resource: (C:/Program Files/Epic Games/4.7/Engine/Content/Localization/Editor/en/Editor.locres) Hash: (1271782899) String: (Imports an asset from file to this folder.)
[2015.04.24-00.30.52:330][  0]LogContentStreaming: Texture pool size is 0.000000MB
[2015.04.24-00.30.55:402][  0]LogTargetPlatformManager:Display: Building Assets For Windows
[2015.04.24-00.30.56:139][  0]LogTargetPlatformManager:Display: Building Assets For Windows
[2015.04.24-00.30.56:225][  0]LogDerivedDataCache:Display: Max Cache Size: 512 MB
[2015.04.24-00.30.56:290][  0]LogDerivedDataCache: Loaded boot cache 0.07s 39MB C:/Users/Hinato/AppData/Local/UnrealEngine/4.7/DerivedDataCache/Boot.ddc.
[2015.04.24-00.30.56:290][  0]LogDerivedDataCache:Display: Loaded Boot cache: C:/Users/Hinato/AppData/Local/UnrealEngine/4.7/DerivedDataCache/Boot.ddc
[2015.04.24-00.30.56:290][  0]LogDerivedDataCache: FDerivedDataBackendGraph:  Pak pak cache file ../../../../../../Users/Hinato/Documents/Unreal Projects/RevoX01/DerivedDataCache/DDC.ddp not found, will not use a pak cache.
[2015.04.24-00.30.56:290][  0]LogDerivedDataCache: Unable to find inner node Pak for hierarchical cache Hierarchy.
[2015.04.24-00.30.56:455][  0]LogDerivedDataCache:Display: Pak cache opened for reading ../../../Engine/DerivedDataCache/Compressed.ddp.
[2015.04.24-00.30.56:467][  0]LogDerivedDataCache: Using Local data cache path C:/Users/Hinato/AppData/Local/UnrealEngine/Common/DerivedDataCache: Writable
[2015.04.24-00.30.56:911][  0]LogMeshUtilities: No automatic mesh reduction module available
[2015.04.24-00.30.56:911][  0]LogMeshUtilities: No automatic mesh merging module available
[2015.04.24-00.30.57:430][  0]LogInit: WinSock: version 1.1 (2.2), MaxSocks=32767, MaxUdp=65467
[2015.04.24-00.30.57:534][  0]LogSlate:Warning: Failed to load font data from '../../../Engine/Content/Slate/Fonts/Roboto-Italic.ttf'
[2015.04.24-00.30.58:593][  0]UdpMessaging: Initializing bridge on interface 0.0.0.0:0 to multicast group 230.0.0.1:6666.
[2015.04.24-00.30.58:846][  0]SourceControl: Info Source control is disabled
[2015.04.24-00.30.58:846][  0]SourceControl: Info Source control is disabled
[2015.04.24-00.30.58:846][  0]SourceControl: Info Source control is disabled
[2015.04.24-00.30.58:846][  0]LogSourceControl: RunCommandInternalRaw: 'git version'
[2015.04.24-00.30.58:847][  0]LogSourceControl: RunCommandInternalRaw: ExecProcess ReturnCode=2 OutResults=''
[2015.04.24-00.30.58:859][  0]SourceControl: Info Source control is disabled
[2015.04.24-00.30.59:139][  0]LogObj: 24232 objects as part of root set at end of initial load.
[2015.04.24-00.30.59:139][  0]LogUObjectAllocator: 5137168 out of 0 bytes used by permanent object pool.
[2015.04.24-00.30.59:256][  0]LogEngine: Initializing Engine...
[2015.04.24-00.31.02:458][  0]LogInit: XAudio2 using 'Lautsprecher (Realtek High Definition Audio)' : 2 channels at 48 kHz using 32 bits per sample (channel mask 0x3)
[2015.04.24-00.31.02:470][  0]LogInit: FAudioDevice initialized.
[2015.04.24-00.31.02:517][  0]LogAIModule: Creating AISystem for world NewWorld
[2015.04.24-00.31.02:542][  0]LogDerivedDataCache: Saved boot cache 0.02s 39MB C:/Users/Hinato/AppData/Local/UnrealEngine/4.7/DerivedDataCache/Boot.ddc.
[2015.04.24-00.31.02:549][  0]LogInit: Texture streaming: Enabled
[2015.04.24-00.31.02:667][  0]LogAnalytics: Creating configured Analytics provider AnalyticsET
[2015.04.24-00.31.02:667][  0]LogAnalytics: ET APIKey = Rocket.Release. APIServer = http://et2.epicgames.com/ET2/. AppVersion = 4.7.6-2513093+++depot+UE4-Releases+4.7
[2015.04.24-00.31.02:667][  0]LogAnalytics: ET APIKey = Rocket.Release. DataRouterUploadURL = https://datarouter-public-service-gamedev.ol.epicgames.net/datarouter/api/v1/public/data. AppVersion = 4.7.6-2513093+++depot+UE4-Releases+4.7
[2015.04.24-00.31.02:667][  0]LogAnalytics: SetUserId 0293e48444163cfde8d972980fd566d2|d13178c4327547f4b81623395438f0bc|c0a7748a-5860-45c5-973b-d3828b400282
[2015.04.24-00.31.02:667][  0]LogAnalytics: AnalyticsET::StartSession [Rocket.Release]
[2015.04.24-00.31.02:695][  0]LogInit: Transaction tracking system initialized
[2015.04.24-00.31.02:915][  0]BlueprintLog: New page: Editor Load
[2015.04.24-00.31.02:955][  0]LogAssetRegistry: FAssetRegistry took 0.0096 seconds to start up
[2015.04.24-00.31.02:956][  0]LogDirectoryWatcher:Warning: Failed to begin reading directory changes for ../../../Engine/Plugins/Experimental/CharacterAI/Content/. Error: 0
[2015.04.24-00.31.03:602][  0]LogTargetPlatformManager:Display: Building Assets For Windows
[2015.04.24-00.31.04:025][  0]LogTargetPlatformManager:Display: Building Assets For Windows
[2015.04.24-00.31.04:354][  0]LogSlate:Warning: Failed to load font data from '../../../Engine/Content/Editor/Slate/Fonts/Roboto-Regular.ttf'
[2015.04.24-00.31.04:354][  0]LogSlate:Warning: Failed to load font data from '../../../Engine/Content/Editor/Slate/Fonts/Roboto-Bold.ttf'
[2015.04.24-00.31.04:360][  0]LogConsoleResponse:Display: 
[2015.04.24-00.31.04:521][  0]LogCook:Display: Done creating registry. It took  0.00s.
[2015.04.24-00.31.04:707][  0]SourceControl: Info Source control is disabled
[2015.04.24-00.31.04:707][  0]Cmd: MAP LOAD FILE="../../../../../../Users/Hinato/Documents/Unreal Projects/RevoX01/Content/RevoX/Maps/NewGameMap.umap" TEMPLATE=0 SHOWPROGRESS=1 FEATURELEVEL=3
[2015.04.24-00.31.04:708][  0]LightingResults: New page: Lighting Build
[2015.04.24-00.31.04:723][  0]MapCheck: New page: Map Check
[2015.04.24-00.31.04:723][  0]LightingResults: New page: Lighting Build
[2015.04.24-00.31.04:731][  0]LogParticles: Destroying 0 GPU particle simulations for FXSystem 0x0000000017230720
[2015.04.24-00.31.07:440][  0]LogLinker:Warning: CreateImport: Object 'ButtonWasClicked__DelegateSignature' isn't imported, because its outer is a placeholder. Archive: '../../../../../../Users/Hinato/Documents/Unreal Projects/RevoX01/Content/RevoX/UI/Inventory/CombatUIWidget.uasset'
[2015.04.24-00.31.28:747][  0]LogEditorServer: Finished looking for orphan Actors (0.000 secs)
[2015.04.24-00.31.28:748][  0]LogAIModule: Creating AISystem for world NewGameMap
[2015.04.24-00.31.28:749][  0]Cmd: MAP CHECKDEP
[2015.04.24-00.31.28:749][  0]MapCheck: New page: NewGameMap - Apr 24, 2015, 4:31:28 AM
[2015.04.24-00.31.28:941][  0]MapCheck: Info Map check complete: 0 Error(s), 0 Warning(s), took 191.533ms to complete.
[2015.04.24-00.31.28:941][  0]LogFileHelpers: Loading map 'NewGameMap' took 24.233
[2015.04.24-00.31.29:109][  0]LogCollectionManager: Loaded 0 collections in 0.002202 seconds
[2015.04.24-00.31.29:126][  0]LogContentBrowser: Native class hierarchy populated in 0.0171 seconds. Added 1696 classes and 261 folders.
[2015.04.24-00.31.29:172][  0]LogContentBrowser: Native class hierarchy updated for 'SceneOutliner' in 0.0025 seconds. Added 1 classes and 2 folders.
[2015.04.24-00.31.29:330][  0]LogCrashTracker: Crashtracker disabled due to settings.
[2015.04.24-00.31.29:331][  0]LogSlate:Warning: Failed to load font data from 'Veranda'
[2015.04.24-00.31.29:335][  0]LogUObjectGlobals:Warning: Failed to find object 'Class None.'
[2015.04.24-00.31.29:372][  0]LogLoad: Full Startup: 40.00 seconds (BP compile: 10.54 seconds)
[2015.04.24-00.31.29:854][  0]LogContentBrowser:Verbose: The content browser source was changed by the sources view to '/Game/RevoX/Pawns'
[2015.04.24-00.31.30:033][  0]LogRenderer:Warning: Reallocating scene render targets to support 32x32 (Frame:2).
[2015.04.24-00.31.30:253][  0]LogRenderer:Warning: Reallocating scene render targets to support 1208x576 (Frame:6).
[2015.04.24-00.31.33:341][ 10]LogAssetRegistry: Asset discovery search completed in 30.3954 seconds
[2015.04.24-00.35.16:947][667]Cmd: QUIT_EDITOR
[2015.04.24-00.35.21:029][667]LogExit: Preparing to exit.
[2015.04.24-00.35.24:323][667]LogExit: Editor shut down
[2015.04.24-00.35.24:324][667]LogExit: Transaction tracking system shut down
[2015.04.24-00.35.24:328][667]LogParticles: Destroying 0 GPU particle simulations for FXSystem 0x0000000023FB6020
[2015.04.24-00.35.24:329][667]LogParticles: Destroying 0 GPU particle simulations for FXSystem 0x000000002A33DDA0
[2015.04.24-00.35.24:329][667]LogParticles: Destroying 0 GPU particle simulations for FXSystem 0x000000002A177380
[2015.04.24-00.35.30:716][667]LogExit: Object subsystem successfully closed.
[2015.04.24-00.35.36:999][667]LogModuleManager: Shutting down and abandoning module CrashTracker (177)
[2015.04.24-00.35.37:000][667]LogModuleManager: Shutting down and abandoning module SuperSearch (176)
[2015.04.24-00.35.37:000][667]LogModuleManager: Shutting down and abandoning module SceneOutliner (175)
[2015.04.24-00.35.37:049][667]LogModuleManager: Shutting down and abandoning module EditorWidgets (174)
[2015.04.24-00.35.37:049][667]LogModuleManager: Shutting down and abandoning module CollectionManager (173)
[2015.04.24-00.35.37:090][667]LogModuleManager: Shutting down and abandoning module StatsViewer (172)
[2015.04.24-00.35.37:187][667]LogModuleManager: Shutting down and abandoning module FoliageEdit (171)
[2015.04.24-00.35.37:187][667]LogModuleManager: Shutting down and abandoning module LandscapeEditor (170)
[2015.04.24-00.35.37:283][667]LogModuleManager: Shutting down and abandoning module MeshPaint (169)
[2015.04.24-00.35.37:305][667]LogModuleManager: Shutting down and abandoning module ActorPickerMode (168)
[2015.04.24-00.35.37:305][667]LogModuleManager: Shutting down and abandoning module GeometryMode (167)
[2015.04.24-00.35.37:305][667]LogModuleManager: Shutting down and abandoning module TextureAlignMode (166)
[2015.04.24-00.35.37:305][667]LogModuleManager: Shutting down and abandoning module BspMode (165)
[2015.04.24-00.35.37:305][667]LogModuleManager: Shutting down and abandoning module PlacementMode (164)
[2015.04.24-00.35.37:305][667]LogModuleManager: Shutting down and abandoning module AutomationWorker (163)
[2015.04.24-00.35.37:305][667]LogModuleManager: Shutting down and abandoning module CharacterAI (162)
[2015.04.24-00.35.37:305][667]LogModuleManager: Shutting down and abandoning module SmartSnapping (161)
[2015.04.24-00.35.37:305][667]LogModuleManager: Shutting down and abandoning module ViewportSnapping (160)
[2015.04.24-00.35.37:305][667]LogModuleManager: Shutting down and abandoning module LogVisualizer (159)
[2015.04.24-00.35.37:441][667]LogModuleManager: Shutting down and abandoning module GameProjectGeneration (158)
[2015.04.24-00.35.37:489][667]LogModuleManager: Shutting down and abandoning module IntroTutorials (157)
[2015.04.24-00.35.37:673][667]LogModuleManager: Shutting down and abandoning module EditorLiveStreaming (156)
[2015.04.24-00.35.37:739][667]LogModuleManager: Shutting down and abandoning module HardwareTargeting (155)
[2015.04.24-00.35.37:739][667]LogModuleManager: Shutting down and abandoning module DeviceProfileEditor (154)
[2015.04.24-00.35.37:792][667]LogModuleManager: Shutting down and abandoning module UndoHistory (153)
[2015.04.24-00.35.37:829][667]LogModuleManager: Shutting down and abandoning module GameplayTagsEditor (152)
[2015.04.24-00.35.37:829][667]LogModuleManager: Shutting down and abandoning module UserFeedback (151)
[2015.04.24-00.35.37:829][667]LogModuleManager: Shutting down and abandoning module XmlParser (150)
[2015.04.24-00.35.37:851][667]LogModuleManager: Shutting down and abandoning module Blutility (149)
[2015.04.24-00.35.37:851][667]LogModuleManager: Shutting down and abandoning module IOSPlatformEditor (148)
[2015.04.24-00.35.37:852][667]LogModuleManager: Shutting down and abandoning module IOSRuntimeSettings (147)
[2015.04.24-00.35.37:852][667]LogModuleManager: Shutting down and abandoning module AndroidDeviceDetection (146)
[2015.04.24-00.35.38:200][667]LogModuleManager: Shutting down and abandoning module AndroidPlatformEditor (145)
[2015.04.24-00.35.38:200][667]LogModuleManager: Shutting down and abandoning module AndroidRuntimeSettings (144)
[2015.04.24-00.35.38:200][667]LogModuleManager: Shutting down and abandoning module ProjectTargetPlatformEditor (143)
[2015.04.24-00.35.38:227][667]LogModuleManager: Shutting down and abandoning module ProjectSettingsViewer (142)
[2015.04.24-00.35.38:227][667]LogModuleManager: Shutting down and abandoning module InputBindingEditor (141)
[2015.04.24-00.35.38:365][667]LogModuleManager: Shutting down and abandoning module EditorSettingsViewer (140)
[2015.04.24-00.35.38:365][667]LogModuleManager: Shutting down and abandoning module SettingsEditor (139)
[2015.04.24-00.35.38:410][667]LogModuleManager: Shutting down and abandoning module ProjectLauncher (138)
[2015.04.24-00.35.38:472][667]LogModuleManager: Shutting down and abandoning module SessionFrontend (137)
[2015.04.24-00.35.38:492][667]LogModuleManager: Shutting down and abandoning module ProfilerClient (136)
[2015.04.24-00.35.38:523][667]LogModuleManager: Shutting down and abandoning module TargetDeviceServices (135)
[2015.04.24-00.35.38:523][667]LogModuleManager: Shutting down and abandoning module DeviceManager (134)
[2015.04.24-00.35.38:562][667]LogModuleManager: Shutting down and abandoning module AutomationController (133)
[2015.04.24-00.35.38:592][667]LogModuleManager: Shutting down and abandoning module AutomationWindow (132)
[2015.04.24-00.35.38:612][667]LogModuleManager: Shutting down and abandoning module Layers (131)
[2015.04.24-00.35.38:741][667]LogModuleManager: Shutting down and abandoning module ComponentVisualizers (130)
[2015.04.24-00.35.38:741][667]LogModuleManager: Shutting down and abandoning module DetailCustomizations (129)
[2015.04.24-00.35.38:953][667]LogModuleManager: Shutting down and abandoning module PackagesDialog (128)
[2015.04.24-00.35.38:968][667]LogModuleManager: Shutting down and abandoning module AssetRegistry (127)
[2015.04.24-00.35.39:371][667]LogModuleManager: Shutting down and abandoning module Persona (126)
[2015.04.24-00.35.39:532][667]LogModuleManager: Shutting down and abandoning module SlateReflector (125)
[2015.04.24-00.35.39:706][667]LogModuleManager: Shutting down and abandoning module LevelEditor (124)
[2015.04.24-00.35.39:924][667]LogModuleManager: Shutting down and abandoning module Kismet (123)
[2015.04.24-00.35.40:729][667]LogModuleManager: Shutting down and abandoning module GraphEditor (122)
[2015.04.24-00.35.40:729][667]LogModuleManager: Shutting down and abandoning module ClassViewer (121)
[2015.04.24-00.35.40:729][667]LogModuleManager: Shutting down and abandoning module Toolbox (120)
[2015.04.24-00.35.40:729][667]LogModuleManager: Shutting down and abandoning module ModuleUI (119)
[2015.04.24-00.35.40:981][667]LogModuleManager: Shutting down and abandoning module MovieSceneTools (118)
[2015.04.24-00.35.41:999][667]LogModuleManager: Shutting down and abandoning module OutputLog (117)
[2015.04.24-00.35.41:999][667]LogModuleManager: Shutting down and abandoning module GammaUI (116)
[2015.04.24-00.35.42:191][667]LogModuleManager: Shutting down and abandoning module Documentation (115)
[2015.04.24-00.35.42:495][667]LogModuleManager: Shutting down and abandoning module GameLiveStreaming (114)
[2015.04.24-00.35.42:720][667]LogModuleManager: Shutting down and abandoning module StreamingPauseRendering (113)
[2015.04.24-00.35.43:244][667]LogModuleManager: Shutting down and abandoning module HTTP (112)
[2015.04.24-00.35.43:259][667]LogModuleManager: Shutting down and abandoning module AnalyticsET (111)
[2015.04.24-00.35.43:259][667]LogModuleManager: Shutting down and abandoning module Analytics (110)
[2015.04.24-00.35.43:259][667]LogModuleManager: Shutting down and abandoning module AITestSuite (109)
[2015.04.24-00.35.43:268][667]LogModuleManager: Shutting down and abandoning module GameplayDebugger (108)
[2015.04.24-00.35.43:268][667]LogModuleManager: Shutting down and abandoning module AIModule (107)
[2015.04.24-00.35.43:278][667]LogModuleManager: Shutting down and abandoning module ProfilerService (106)
[2015.04.24-00.35.43:457][667]LogModuleManager: Shutting down and abandoning module TaskGraph (105)
[2015.04.24-00.35.43:606][667]LogModuleManager: Shutting down and abandoning module SlateRemote (104)
[2015.04.24-00.35.43:606][667]LogModuleManager: Shutting down and abandoning module ScriptEditorPlugin (103)
[2015.04.24-00.35.43:606][667]LogModuleManager: Shutting down and abandoning module CustomMeshComponent (102)
[2015.04.24-00.35.43:606][667]LogModuleManager: Shutting down and abandoning module CableComponent (101)
[2015.04.24-00.35.43:623][667]LogModuleManager: Shutting down and abandoning module MessagingDebugger (100)
[2015.04.24-00.35.43:828][667]LogModuleManager: Shutting down and abandoning module MediaPlayerEditor (99)
[2015.04.24-00.35.43:878][667]LogModuleManager: Shutting down and abandoning module SpeedTreeImporter (98)
[2015.04.24-00.35.43:878][667]LogModuleManager: Shutting down and abandoning module PluginsEditor (97)
[2015.04.24-00.35.43:925][667]LogModuleManager: Shutting down and abandoning module MainFrame (96)
[2015.04.24-00.35.43:925][667]LogModuleManager: Shutting down and abandoning module EpicSurvey (95)
[2015.04.24-00.35.44:057][667]LogModuleManager: Shutting down and abandoning module DesktopPlatform (94)
[2015.04.24-00.35.44:139][667]LogModuleManager: Shutting down and abandoning module DirectoryWatcher (93)
[2015.04.24-00.35.44:139][667]LogModuleManager: Shutting down and abandoning module HotReload (92)
[2015.04.24-00.35.44:139][667]LogModuleManager: Shutting down and abandoning module VisualStudioSourceCodeAccess (91)
[2015.04.24-00.35.44:181][667]LogModuleManager: Shutting down and abandoning module UObjectPlugin (90)
[2015.04.24-00.35.44:181][667]LogModuleManager: Shutting down and abandoning module SubversionSourceControl (89)
[2015.04.24-00.35.44:227][667]LogModuleManager: Shutting down and abandoning module PerforceSourceControl (88)
[2015.04.24-00.35.44:443][667]LogModuleManager: Shutting down and abandoning module SourceControl (87)
[2015.04.24-00.35.44:509][667]LogModuleManager: Shutting down and abandoning module GitSourceControl (86)
[2015.04.24-00.35.44:580][667]LogModuleManager: Shutting down and abandoning module BlankPlugin (85)
[2015.04.24-00.35.44:580][667]LogModuleManager: Shutting down and abandoning module PaperTiledImporter (84)
[2015.04.24-00.35.44:580][667]LogModuleManager: Shutting down and abandoning module PaperJsonImporter (83)
[2015.04.24-00.35.44:580][667]LogModuleManager: Shutting down and abandoning module ContentBrowser (82)
[2015.04.24-00.35.44:581][667]LogModuleManager: Shutting down and abandoning module Paper2DEditor (81)
[2015.04.24-00.35.45:331][667]LogModuleManager: Shutting down and abandoning module ScriptPlugin (80)
[2015.04.24-00.35.45:354][667]LogModuleManager: Shutting down and abandoning module UdpMessaging (79)
[2015.04.24-00.35.45:454][667]LogModuleManager: Shutting down and abandoning module Paper2D (78)
[2015.04.24-00.35.45:520][667]LogModuleManager: Shutting down and abandoning module WindowsMoviePlayer (77)
[2015.04.24-00.35.45:535][667]LogModuleManager: Shutting down and abandoning module Media (76)
[2015.04.24-00.35.45:535][667]LogModuleManager: Shutting down and abandoning module WmfMedia (75)
[2015.04.24-00.35.45:692][667]LogModuleManager: Shutting down and abandoning module OnlineBlueprintSupport (74)
[2015.04.24-00.35.45:692][667]LogModuleManager: Shutting down and abandoning module PropertyEditor (73)
[2015.04.24-00.35.45:693][667]LogModuleManager: Shutting down and abandoning module BehaviorTreeEditor (72)
[2015.04.24-00.35.45:802][667]LogModuleManager: Shutting down and abandoning module FunctionalTesting (71)
[2015.04.24-00.35.45:826][667]LogModuleManager: Shutting down and abandoning module CollisionAnalyzer (70)
[2015.04.24-00.35.45:897][667]LogModuleManager: Shutting down and abandoning module WorkspaceMenuStructure (69)
[2015.04.24-00.35.45:897][667]LogModuleManager: Shutting down and abandoning module MessageLog (68)
[2015.04.24-00.35.45:897][667]LogModuleManager: Shutting down and abandoning module Sequencer (67)
[2015.04.24-00.35.45:898][667]LogModuleManager: Shutting down and abandoning module AssetTools (66)
[2015.04.24-00.35.46:062][667]LogModuleManager: Shutting down and abandoning module UMGEditor (65)
[2015.04.24-00.35.46:062][667]LogModuleManager: Shutting down and abandoning module UMG (64)
[2015.04.24-00.35.46:127][667]LogModuleManager: Shutting down and abandoning module Slate (63)
[2015.04.24-00.35.46:127][667]LogModuleManager: Shutting down and abandoning module EditorStyle (62)
[2015.04.24-00.35.46:438][667]LogModuleManager: Shutting down and abandoning module SessionServices (61)
[2015.04.24-00.35.46:438][667]LogModuleManager: Shutting down and abandoning module SourceCodeAccess (60)
[2015.04.24-00.35.46:438][667]LogModuleManager: Shutting down and abandoning module HeadMountedDisplay (59)
[2015.04.24-00.35.46:438][667]LogModuleManager: Shutting down and abandoning module XAudio2 (58)
[2015.04.24-00.35.46:438][667]LogModuleManager: Shutting down and abandoning module Networking (56)
[2015.04.24-00.35.46:438][667]LogModuleManager: Shutting down and abandoning module Core (55)
[2015.04.24-00.35.46:438][667]LogModuleManager: Shutting down and abandoning module KismetCompiler (54)
[2015.04.24-00.35.46:438][667]LogModuleManager: Shutting down and abandoning module PhysXFormats (53)
[2015.04.24-00.35.46:438][667]LogModuleManager: Shutting down and abandoning module MeshUtilities (52)
[2015.04.24-00.35.46:554][667]LogModuleManager: Shutting down and abandoning module DerivedDataCache (51)
[2015.04.24-00.35.46:655][667]LogDerivedDataCache: Shutdown
[2015.04.24-00.35.46:655][667]LogModuleManager: Shutting down and abandoning module ShaderFormatOpenGL (50)
[2015.04.24-00.35.46:710][667]LogModuleManager: Shutting down and abandoning module ShaderFormatD3D (49)
[2015.04.24-00.35.46:747][667]LogModuleManager: Shutting down and abandoning module MetalShaderFormat (48)
[2015.04.24-00.35.46:768][667]LogModuleManager: Shutting down and abandoning module TextureFormatUncompressed (47)
[2015.04.24-00.35.46:768][667]LogModuleManager: Shutting down and abandoning module TextureFormatPVR (46)
[2015.04.24-00.35.46:831][667]LogModuleManager: Shutting down and abandoning module TextureFormatIntelISPCTexComp (45)
[2015.04.24-00.35.46:898][667]LogModuleManager: Shutting down and abandoning module TextureFormatDXT (44)
[2015.04.24-00.35.46:924][667]LogModuleManager: Shutting down and abandoning module ImageWrapper (43)
[2015.04.24-00.35.46:924][667]LogModuleManager: Shutting down and abandoning module TextureFormatASTC (42)
[2015.04.24-00.35.46:943][667]LogModuleManager: Shutting down and abandoning module TextureFormatAndroid (41)
[2015.04.24-00.35.46:943][667]LogModuleManager: Shutting down and abandoning module AudioFormatOpus (40)
[2015.04.24-00.35.46:972][667]LogModuleManager: Shutting down and abandoning module AudioFormatOgg (39)
[2015.04.24-00.35.46:972][667]LogModuleManager: Shutting down and abandoning module AudioFormatADPCM (38)
[2015.04.24-00.35.46:972][667]LogModuleManager: Shutting down and abandoning module LinuxTargetPlatform (37)
[2015.04.24-00.35.46:972][667]LogModuleManager: Shutting down and abandoning module LinuxServerTargetPlatform (36)
[2015.04.24-00.35.46:984][667]LogModuleManager: Shutting down and abandoning module LinuxNoEditorTargetPlatform (35)
[2015.04.24-00.35.47:028][667]LogModuleManager: Shutting down and abandoning module Messaging (34)
[2015.04.24-00.35.47:028][667]LogModuleManager: Shutting down and abandoning module IOSTargetPlatform (33)
[2015.04.24-00.35.47:028][667]LogModuleManager: Shutting down and abandoning module HTML5TargetPlatform (32)
[2015.04.24-00.35.47:028][667]LogModuleManager: Shutting down and abandoning module Android_PVRTCTargetPlatform (31)
[2015.04.24-00.35.47:028][667]LogModuleManager: Shutting down and abandoning module Android_ETC2TargetPlatform (30)
[2015.04.24-00.35.47:028][667]LogModuleManager: Shutting down and abandoning module Android_ETC1TargetPlatform (29)
[2015.04.24-00.35.47:028][667]LogModuleManager: Shutting down and abandoning module Android_ES31TargetPlatform (28)
[2015.04.24-00.35.47:028][667]LogModuleManager: Shutting down and abandoning module Android_DXTTargetPlatform (27)
[2015.04.24-00.35.47:028][667]LogModuleManager: Shutting down and abandoning module Android_ATCTargetPlatform (26)
[2015.04.24-00.35.47:028][667]LogModuleManager: Shutting down and abandoning module AndroidTargetPlatform (25)
[2015.04.24-00.35.47:028][667]LogModuleManager: Shutting down and abandoning module WindowsTargetPlatform (24)
[2015.04.24-00.35.47:028][667]LogModuleManager: Shutting down and abandoning module WindowsServerTargetPlatform (23)
[2015.04.24-00.35.47:028][667]LogModuleManager: Shutting down and abandoning module WindowsNoEditorTargetPlatform (22)
[2015.04.24-00.35.47:028][667]LogModuleManager: Shutting down and abandoning module WindowsClientTargetPlatform (21)
[2015.04.24-00.35.47:029][667]LogModuleManager: Shutting down and abandoning module TargetPlatform (20)
[2015.04.24-00.35.47:029][667]LogModuleManager: Shutting down and abandoning module InputCore (19)
[2015.04.24-00.35.47:029][667]LogModuleManager: Shutting down and abandoning module Settings (18)
[2015.04.24-00.35.47:029][667]LogModuleManager: Shutting down and abandoning module OnlineSubsystem (16)
[2015.04.24-00.35.47:029][667]LogModuleManager: Shutting down and abandoning module OculusRift (15)
[2015.04.24-00.35.47:029][667]LogModuleManager: Shutting down and abandoning module ExampleDeviceProfileSelector (14)
[2015.04.24-00.35.47:051][667]LogModuleManager: Shutting down and abandoning module TextureCompressor (13)
[2015.04.24-00.35.47:234][667]LogModuleManager: Shutting down and abandoning module ShaderCore (12)
[2015.04.24-00.35.47:234][667]LogModuleManager: Shutting down and abandoning module Landscape (11)
[2015.04.24-00.35.47:234][667]LogModuleManager: Shutting down and abandoning module SlateRHIRenderer (10)
[2015.04.24-00.35.47:336][667]LogModuleManager: Shutting down and abandoning module OpenGLDrv (9)
[2015.04.24-00.35.47:336][667]LogModuleManager: Shutting down and abandoning module D3D11RHI (8)
[2015.04.24-00.35.47:336][667]LogModuleManager: Shutting down and abandoning module Renderer (7)
[2015.04.24-00.35.47:336][667]LogModuleManager: Shutting down and abandoning module Engine (6)
[2015.04.24-00.35.47:336][667]LogModuleManager: Shutting down and abandoning module CoreUObject (5)
[2015.04.24-00.35.47:336][667]LogModuleManager: Shutting down and abandoning module NetworkFile (4)
[2015.04.24-00.35.47:379][667]LogModuleManager: Shutting down and abandoning module StreamingFile (3)
[2015.04.24-00.35.47:419][667]LogModuleManager: Shutting down and abandoning module SandboxFile (2)
[2015.04.24-00.35.47:419][667]LogModuleManager: Shutting down and abandoning module PakFile (1)
[2015.04.24-00.35.47:565][667]LogExit: Exiting.
[2015.04.24-00.35.48:830][667]Log file closed, 04/24/15 02:35:48
