Log file open, 04/27/15 00:32:57
LogInit:Display: Running engine without a game
LogInit:Display: Loading recent project file: ../../../../../../Users/Hinato/Documents/Unreal Projects/RevoX01/RevoX01.uproject
LogInit: Version: 4.7.6-2513093+++depot+UE4-Releases+4.7
LogInit: API Version: 2455222
LogInit: Compiled (64-bit): Apr 15 2015 12:09:54
LogInit: Compiled with Visual C++: 18.00.21005.01
LogInit: Build Configuration: Development
LogInit: Branch Name: ++depot+UE4-Releases+4.7
LogInit: Command line: 
LogInit: Base directory: C:/Program Files/Epic Games/4.7/Engine/Binaries/Win64/
LogInit: Rocket: 1
[2015.04.26-22.32.57:303][  0]LogTaskGraph: Started task graph with 3 named threads and 6 total threads.
[2015.04.26-22.32.57:357][  0]LogOnline:Warning: No default platform service specified for OnlineSubsystem
[2015.04.26-22.32.57:372][  0]LogInit: Presizing for 0 objects not considered by GC, pre-allocating 0 bytes.
[2015.04.26-22.32.57:385][  0]LogInit: Object subsystem initialized
[2015.04.26-22.32.57:387][  0]LogConsoleResponse:Warning: Skipping Unknown console variable: 'UIScaleRule = ShortestSide'
[2015.04.26-22.32.57:387][  0]LogConsoleResponse:Warning:   Found in ini file 'C:/Users/Hinato/Documents/Unreal Projects/RevoX01/Saved/Config/Windows/Engine.ini', in section '[/Script/Engine.RendererSettings]'
[2015.04.26-22.32.57:387][  0]LogConsoleResponse:Warning: Skipping Unknown console variable: 'UIScaleCurve = (EditorCurveData=(Keys=),ExternalCurve=None)'
[2015.04.26-22.32.57:387][  0]LogConsoleResponse:Warning:   Found in ini file 'C:/Users/Hinato/Documents/Unreal Projects/RevoX01/Saved/Config/Windows/Engine.ini', in section '[/Script/Engine.RendererSettings]'
[2015.04.26-22.32.57:388][  0]LogConsoleManager:Warning: Console variable 'r.MSAA.CompositingSampleCount' wasn't set (Priority ProjectSetting < Scalability)
[2015.04.26-22.32.57:388][  0]LogInit: Selected Device Profile: [Windows]
[2015.04.26-22.32.57:388][  0]LogInit: Applying CVar settings loaded from the selected device profile: [Windows]
[2015.04.26-22.32.57:395][  0]LogInit: Computer: P02
[2015.04.26-22.32.57:395][  0]LogInit: User: Hinato
[2015.04.26-22.32.57:395][  0]LogInit: CPU Page size=4096, Cores=4
[2015.04.26-22.32.57:395][  0]LogInit: High frequency timer resolution =2.727587 MHz
[2015.04.26-22.32.57:395][  0]LogMemory: Memory total: Physical=4.0GB (4GB approx) Virtual=8192.0GB
[2015.04.26-22.32.57:395][  0]LogMemory: Platform Memory Stats for Windows
[2015.04.26-22.32.57:396][  0]LogMemory: Process Physical Memory: 48.01 MB used, 48.01 MB peak
[2015.04.26-22.32.57:396][  0]LogMemory: Process Virtual Memory: 24.46 MB used, 25.88 MB peak
[2015.04.26-22.32.57:396][  0]LogMemory: Physical Memory: 1497.69 MB used, 4087.11 MB total
[2015.04.26-22.32.57:396][  0]LogMemory: Virtual Memory: 277.81 MB used, 8388608.00 MB total
[2015.04.26-22.32.57:420][  0]LogD3D11RHI: Found D3D11 adapter 0: NVIDIA GeForce GTX 560 Ti   (Feature Level 11_0)
[2015.04.26-22.32.57:420][  0]LogD3D11RHI: Adapter has 1998MB of dedicated video memory, 0MB of dedicated system memory, and 1787MB of shared system memory, 1 output[s]
[2015.04.26-22.32.57:420][  0]LogD3D11RHI: Chosen D3D11 Adapter Id = 0
[2015.04.26-22.32.57:424][  0]LogRHI: Texture pool is 1361 MB (70% of 1945 MB)
[2015.04.26-22.32.57:431][  0]LogD3D11RHI: Async texture creation enabled
[2015.04.26-22.32.57:491][  0]LogTextLocalizationManager: The requested culture ('de_DE') has no localization data; falling back to 'en' for localization and internationalization data.
[2015.04.26-22.32.57:741][  0]LogTextLocalizationManager:Warning: Loading localization resources contain conflicting entries for (Namespace:UICommands, Key:Save_ToolTip):
Resource: (C:/Program Files/Epic Games/4.7/Engine/Content/Localization/Editor/en/Editor.locres) Hash: (-29098895) String: (Saves the current level to disk)
Resource: (C:/Program Files/Epic Games/4.7/Engine/Content/Localization/Engine/en/Engine.locres) Hash: (-1280300587) String: (Save selected data to vlog file)
[2015.04.26-22.32.57:741][  0]LogTextLocalizationManager:Warning: Loading localization resources contain conflicting entries for (Namespace:ContentBrowser, Key:ImportAssetToolTip):
Resource: (C:/Program Files/Epic Games/4.7/Engine/Content/Localization/Editor/en/Editor.locres) Hash: (-630476809) String: (Import to {0}...)
Resource: (C:/Program Files/Epic Games/4.7/Engine/Content/Localization/Editor/en/Editor.locres) Hash: (1271782899) String: (Imports an asset from file to this folder.)
[2015.04.26-22.32.57:844][  0]LogContentStreaming: Texture pool size is 0.000000MB
[2015.04.26-22.33.00:629][  0]LogTargetPlatformManager:Display: Building Assets For Windows
[2015.04.26-22.33.01:250][  0]LogTargetPlatformManager:Display: Building Assets For Windows
[2015.04.26-22.33.01:327][  0]LogDerivedDataCache:Display: Max Cache Size: 512 MB
[2015.04.26-22.33.01:995][  0]LogDerivedDataCache: Loaded boot cache 0.67s 39MB C:/Users/Hinato/AppData/Local/UnrealEngine/4.7/DerivedDataCache/Boot.ddc.
[2015.04.26-22.33.01:995][  0]LogDerivedDataCache:Display: Loaded Boot cache: C:/Users/Hinato/AppData/Local/UnrealEngine/4.7/DerivedDataCache/Boot.ddc
[2015.04.26-22.33.01:995][  0]LogDerivedDataCache: FDerivedDataBackendGraph:  Pak pak cache file ../../../../../../Users/Hinato/Documents/Unreal Projects/RevoX01/DerivedDataCache/DDC.ddp not found, will not use a pak cache.
[2015.04.26-22.33.01:995][  0]LogDerivedDataCache: Unable to find inner node Pak for hierarchical cache Hierarchy.
[2015.04.26-22.33.02:151][  0]LogDerivedDataCache:Display: Pak cache opened for reading ../../../Engine/DerivedDataCache/Compressed.ddp.
[2015.04.26-22.33.02:162][  0]LogDerivedDataCache: Using Local data cache path C:/Users/Hinato/AppData/Local/UnrealEngine/Common/DerivedDataCache: Writable
[2015.04.26-22.33.03:598][  0]LogMeshUtilities: No automatic mesh reduction module available
[2015.04.26-22.33.03:598][  0]LogMeshUtilities: No automatic mesh merging module available
[2015.04.26-22.33.04:037][  0]LogInit: WinSock: version 1.1 (2.2), MaxSocks=32767, MaxUdp=65467
[2015.04.26-22.33.04:131][  0]LogSlate:Warning: Failed to load font data from '../../../Engine/Content/Slate/Fonts/Roboto-Italic.ttf'
[2015.04.26-22.33.11:140][  0]UdpMessaging: Initializing bridge on interface 0.0.0.0:0 to multicast group 230.0.0.1:6666.
[2015.04.26-22.33.11:553][  0]SourceControl: Info Source control is disabled
[2015.04.26-22.33.11:553][  0]SourceControl: Info Source control is disabled
[2015.04.26-22.33.11:553][  0]SourceControl: Info Source control is disabled
[2015.04.26-22.33.11:554][  0]LogSourceControl: RunCommandInternalRaw: 'git version'
[2015.04.26-22.33.11:554][  0]LogSourceControl: RunCommandInternalRaw: ExecProcess ReturnCode=2 OutResults=''
[2015.04.26-22.33.11:564][  0]SourceControl: Info Source control is disabled
[2015.04.26-22.33.11:985][  0]LogObj: 24232 objects as part of root set at end of initial load.
[2015.04.26-22.33.11:985][  0]LogUObjectAllocator: 5137176 out of 0 bytes used by permanent object pool.
[2015.04.26-22.33.12:089][  0]LogEngine: Initializing Engine...
[2015.04.26-22.33.15:287][  0]LogInit: XAudio2 using 'Lautsprecher (Realtek High Definition Audio)' : 2 channels at 48 kHz using 32 bits per sample (channel mask 0x3)
[2015.04.26-22.33.15:322][  0]LogInit: FAudioDevice initialized.
[2015.04.26-22.33.15:366][  0]LogAIModule: Creating AISystem for world NewWorld
[2015.04.26-22.33.15:432][  0]LogDerivedDataCache: Saved boot cache 0.06s 39MB C:/Users/Hinato/AppData/Local/UnrealEngine/4.7/DerivedDataCache/Boot.ddc.
[2015.04.26-22.33.15:438][  0]LogInit: Texture streaming: Enabled
[2015.04.26-22.33.15:551][  0]LogAnalytics: Creating configured Analytics provider AnalyticsET
[2015.04.26-22.33.15:551][  0]LogAnalytics: ET APIKey = Rocket.Release. APIServer = http://et2.epicgames.com/ET2/. AppVersion = 4.7.6-2513093+++depot+UE4-Releases+4.7
[2015.04.26-22.33.15:551][  0]LogAnalytics: ET APIKey = Rocket.Release. DataRouterUploadURL = https://datarouter-public-service-gamedev.ol.epicgames.net/datarouter/api/v1/public/data. AppVersion = 4.7.6-2513093+++depot+UE4-Releases+4.7
[2015.04.26-22.33.15:551][  0]LogAnalytics: SetUserId 0293e48444163cfde8d972980fd566d2|d13178c4327547f4b81623395438f0bc|c0a7748a-5860-45c5-973b-d3828b400282
[2015.04.26-22.33.15:551][  0]LogAnalytics: AnalyticsET::StartSession [Rocket.Release]
[2015.04.26-22.33.15:614][  0]LogInit: Transaction tracking system initialized
[2015.04.26-22.33.15:815][  0]BlueprintLog: New page: Editor Load
[2015.04.26-22.33.15:854][  0]LogAssetRegistry: FAssetRegistry took 0.0102 seconds to start up
[2015.04.26-22.33.15:854][  0]LogDirectoryWatcher:Warning: Failed to begin reading directory changes for ../../../Engine/Plugins/Experimental/CharacterAI/Content/. Error: 0
[2015.04.26-22.33.16:669][  0]LogTargetPlatformManager:Display: Building Assets For Windows
[2015.04.26-22.33.17:097][  0]LogTargetPlatformManager:Display: Building Assets For Windows
[2015.04.26-22.33.17:405][  0]LogSlate:Warning: Failed to load font data from '../../../Engine/Content/Editor/Slate/Fonts/Roboto-Regular.ttf'
[2015.04.26-22.33.17:406][  0]LogSlate:Warning: Failed to load font data from '../../../Engine/Content/Editor/Slate/Fonts/Roboto-Bold.ttf'
[2015.04.26-22.33.17:506][  0]LogConsoleResponse:Display: 
[2015.04.26-22.33.17:661][  0]LogCook:Display: Done creating registry. It took  0.00s.
[2015.04.26-22.33.18:082][  0]SourceControl: Info Source control is disabled
[2015.04.26-22.33.18:083][  0]Cmd: MAP LOAD FILE="../../../../../../Users/Hinato/Documents/Unreal Projects/RevoX01/Content/RevoX/Maps/NewGameMap.umap" TEMPLATE=0 SHOWPROGRESS=1 FEATURELEVEL=3
[2015.04.26-22.33.18:083][  0]LightingResults: New page: Lighting Build
[2015.04.26-22.33.18:098][  0]MapCheck: New page: Map Check
[2015.04.26-22.33.18:098][  0]LightingResults: New page: Lighting Build
[2015.04.26-22.33.18:106][  0]LogParticles: Destroying 0 GPU particle simulations for FXSystem 0x00000000171E3380
[2015.04.26-22.33.38:167][  0]Warning: Unknown property in WeaponStruct: MinDamage_24_A6039AB0404F311C57292A895D4084DA=None,MaxDamage_25_21E7B40D459BAA243F2A40AAE7799FAE=None,Parry_26_946401594224D5C1C1767CA4F52ACDF4=) 
[2015.04.26-22.33.38:167][  0]Warning: Unknown property in WeaponStruct: MaxDamage_25_21E7B40D459BAA243F2A40AAE7799FAE=None,Parry_26_946401594224D5C1C1767CA4F52ACDF4=) 
[2015.04.26-22.33.38:167][  0]Warning: Unknown property in WeaponStruct: Parry_26_946401594224D5C1C1767CA4F52ACDF4=) 
[2015.04.26-22.33.38:214][  0]Warning: Unknown property in WeaponStruct: MinDamage_24_A6039AB0404F311C57292A895D4084DA=None,MaxDamage_25_21E7B40D459BAA243F2A40AAE7799FAE=None,Parry_26_946401594224D5C1C1767CA4F52ACDF4=) 
[2015.04.26-22.33.38:214][  0]Warning: Unknown property in WeaponStruct: MaxDamage_25_21E7B40D459BAA243F2A40AAE7799FAE=None,Parry_26_946401594224D5C1C1767CA4F52ACDF4=) 
[2015.04.26-22.33.38:214][  0]Warning: Unknown property in WeaponStruct: Parry_26_946401594224D5C1C1767CA4F52ACDF4=) 
[2015.04.26-22.33.42:848][  0]LogEditorServer: Finished looking for orphan Actors (0.000 secs)
[2015.04.26-22.33.42:878][  0]LogAIModule: Creating AISystem for world NewGameMap
[2015.04.26-22.33.42:879][  0]Cmd: MAP CHECKDEP
[2015.04.26-22.33.42:879][  0]MapCheck: New page: NewGameMap - Apr 27, 2015, 2:33:42 AM
[2015.04.26-22.33.43:054][  0]MapCheck: Info Map check complete: 0 Error(s), 0 Warning(s), took 174.566ms to complete.
[2015.04.26-22.33.43:054][  0]LogFileHelpers: Loading map 'NewGameMap' took 24.971
[2015.04.26-22.33.43:229][  0]LogCollectionManager: Loaded 0 collections in 0.001904 seconds
[2015.04.26-22.33.43:246][  0]LogContentBrowser: Native class hierarchy populated in 0.0172 seconds. Added 1696 classes and 261 folders.
[2015.04.26-22.33.43:287][  0]LogContentBrowser: Native class hierarchy updated for 'SceneOutliner' in 0.0024 seconds. Added 1 classes and 2 folders.
[2015.04.26-22.33.43:410][  0]LogCrashTracker: Crashtracker disabled due to settings.
[2015.04.26-22.33.43:411][  0]LogSlate:Warning: Failed to load font data from 'Veranda'
[2015.04.26-22.33.43:415][  0]LogUObjectGlobals:Warning: Failed to find object 'Class None.'
[2015.04.26-22.33.43:441][  0]LogLoad: Full Startup: 51.74 seconds (BP compile: 9.93 seconds)
[2015.04.26-22.33.43:893][  0]LogContentBrowser:Verbose: The content browser source was changed by the sources view to '/Game/RevoX/Game'
[2015.04.26-22.33.44:049][  0]LogRenderer:Warning: Reallocating scene render targets to support 32x32 (Frame:2).
[2015.04.26-22.33.44:310][  0]LogRenderer:Warning: Reallocating scene render targets to support 1208x576 (Frame:6).
[2015.04.26-22.33.46:746][  9]LogAssetRegistry: Asset discovery search completed in 30.9026 seconds
[2015.04.26-22.33.49:807][130]LogContentBrowser:Verbose: The content browser source was changed by the sources view to '/Game/AdvancedTurnBasedTileToolkit/Blueprints'
[2015.04.26-22.33.50:687][184]LogContentBrowser:Verbose: The content browser source was changed by the sources view to '/Game/AdvancedTurnBasedTileToolkit/Blueprints/Gameplay'
[2015.04.26-22.33.51:713][246]LogContentBrowser:Verbose: The content browser source was changed by the sources view to '/Game/AdvancedTurnBasedTileToolkit/Blueprints/Pawns'
[2015.04.26-22.33.52:940][324]LogContentBrowser:Verbose: The content browser source was changed by the sources view to '/Game/AdvancedTurnBasedTileToolkit/Blueprints/Tiles'
[2015.04.26-22.33.54:578][427]LogContentBrowser:Verbose: The content browser source was changed by the sources view to '/Game/AdvancedTurnBasedTileToolkit/Blueprints/Tiles/Hexagonal'
[2015.04.26-22.34.01:910][846]LogContentBrowser:Verbose: The content browser source was changed by the sources view to '/Game/AdvancedTurnBasedTileToolkit/Materials'
[2015.04.26-22.34.03:496][936]LogContentBrowser:Verbose: The content browser source was changed by the sources view to '/Game/AdvancedTurnBasedTileToolkit/Meshes'
[2015.04.26-22.34.04:133][973]LogContentBrowser:Verbose: The content browser source was changed by the sources view to '/Game/AdvancedTurnBasedTileToolkit/Textures'
[2015.04.26-22.34.10:243][509]Cmd: OBJ SAVEPACKAGE PACKAGE="/Game/RevoX/Textures/Marker_Hover" FILE="../../../../../../Users/Hinato/Documents/Unreal Projects/RevoX01/Content/RevoX/Textures/Marker_Hover.uasset" SILENT=true
[2015.04.26-22.34.10:258][509]LogSavePackage: Save=12.635711ms
[2015.04.26-22.34.10:258][509]LogSavePackage: Moving '../../../../../../Users/Hinato/Documents/Unreal Projects/RevoX01/Saved/Marker_Hover2F2CC55043DBAAF9243969A0A3078CC1.tmp' to '../../../../../../Users/Hinato/Documents/Unreal Projects/RevoX01/Content/RevoX/Textures/Marker_Hover.uasset'
[2015.04.26-22.34.10:287][509]Cmd: OBJ SAVEPACKAGE PACKAGE="/Game/RevoX/Textures/Marker_Current" FILE="../../../../../../Users/Hinato/Documents/Unreal Projects/RevoX01/Content/RevoX/Textures/Marker_Current.uasset" SILENT=true
[2015.04.26-22.34.10:315][509]LogSavePackage: Save=25.761599ms
[2015.04.26-22.34.10:315][509]LogSavePackage: Moving '../../../../../../Users/Hinato/Documents/Unreal Projects/RevoX01/Saved/Marker_CurrentC8461B3E4F1DB114189D57B069D26E05.tmp' to '../../../../../../Users/Hinato/Documents/Unreal Projects/RevoX01/Content/RevoX/Textures/Marker_Current.uasset'
[2015.04.26-22.34.10:348][509]Cmd: OBJ SAVEPACKAGE PACKAGE="/Game/RevoX/Textures/Marker_Target" FILE="../../../../../../Users/Hinato/Documents/Unreal Projects/RevoX01/Content/RevoX/Textures/Marker_Target.uasset" SILENT=true
[2015.04.26-22.34.10:375][509]LogSavePackage: Save=24.417553ms
[2015.04.26-22.34.10:375][509]LogSavePackage: Moving '../../../../../../Users/Hinato/Documents/Unreal Projects/RevoX01/Saved/Marker_TargetFF4AAF39489ECAA6C0CC31B7E0F46441.tmp' to '../../../../../../Users/Hinato/Documents/Unreal Projects/RevoX01/Content/RevoX/Textures/Marker_Target.uasset'
[2015.04.26-22.34.10:403][509]Cmd: OBJ SAVEPACKAGE PACKAGE="/Game/RevoX/Textures/Tile_Grey" FILE="../../../../../../Users/Hinato/Documents/Unreal Projects/RevoX01/Content/RevoX/Textures/Tile_Grey.uasset" SILENT=true
[2015.04.26-22.34.10:417][509]LogSavePackage: Save=12.190629ms
[2015.04.26-22.34.10:417][509]LogSavePackage: Moving '../../../../../../Users/Hinato/Documents/Unreal Projects/RevoX01/Saved/Tile_GreyB04B7500424DB754900DA8AD883AFCA5.tmp' to '../../../../../../Users/Hinato/Documents/Unreal Projects/RevoX01/Content/RevoX/Textures/Tile_Grey.uasset'
[2015.04.26-22.34.10:505][509]LogSavePackage: Save=2.124588ms
[2015.04.26-22.34.10:505][509]LogSavePackage: Moving '../../../../../../Users/Hinato/Documents/Unreal Projects/RevoX01/Saved/Tile_Grey5A93A45249C71D65F15CACA22214EBE6.tmp' to '../../../../../../Users/Hinato/Documents/Unreal Projects/RevoX01/Content/AdvancedTurnBasedTileToolkit/Textures/Tile_Grey.uasset'
[2015.04.26-22.34.10:530][509]Cmd: OBJ SAVEPACKAGE PACKAGE="/Game/RevoX/Textures/Marker_Current_Hex" FILE="../../../../../../Users/Hinato/Documents/Unreal Projects/RevoX01/Content/RevoX/Textures/Marker_Current_Hex.uasset" SILENT=true
[2015.04.26-22.34.10:558][509]LogSavePackage: Save=25.672508ms
[2015.04.26-22.34.10:558][509]LogSavePackage: Moving '../../../../../../Users/Hinato/Documents/Unreal Projects/RevoX01/Saved/Marker_Current_HexC5B6F50A484BEE7BA943B489DABC2D13.tmp' to '../../../../../../Users/Hinato/Documents/Unreal Projects/RevoX01/Content/RevoX/Textures/Marker_Current_Hex.uasset'
[2015.04.26-22.34.10:582][509]Cmd: OBJ SAVEPACKAGE PACKAGE="/Game/RevoX/Textures/Mask_Hex" FILE="../../../../../../Users/Hinato/Documents/Unreal Projects/RevoX01/Content/RevoX/Textures/Mask_Hex.uasset" SILENT=true
[2015.04.26-22.34.10:615][509]LogSavePackage: Save=30.679499ms
[2015.04.26-22.34.10:615][509]LogSavePackage: Moving '../../../../../../Users/Hinato/Documents/Unreal Projects/RevoX01/Saved/Mask_Hex27DBBD0F439FB59A911D1ABA9617C43F.tmp' to '../../../../../../Users/Hinato/Documents/Unreal Projects/RevoX01/Content/RevoX/Textures/Mask_Hex.uasset'
[2015.04.26-22.34.10:639][509]Cmd: OBJ SAVEPACKAGE PACKAGE="/Game/RevoX/Textures/Marker_Hover_Hex" FILE="../../../../../../Users/Hinato/Documents/Unreal Projects/RevoX01/Content/RevoX/Textures/Marker_Hover_Hex.uasset" SILENT=true
[2015.04.26-22.34.10:663][509]LogSavePackage: Save=22.111853ms
[2015.04.26-22.34.10:663][509]LogSavePackage: Moving '../../../../../../Users/Hinato/Documents/Unreal Projects/RevoX01/Saved/Marker_Hover_HexEA8092BD47D7DE7B788D71B1FF0BD873.tmp' to '../../../../../../Users/Hinato/Documents/Unreal Projects/RevoX01/Content/RevoX/Textures/Marker_Hover_Hex.uasset'
[2015.04.26-22.34.10:690][509]Cmd: OBJ SAVEPACKAGE PACKAGE="/Game/RevoX/Textures/Marker_Target_Hex" FILE="../../../../../../Users/Hinato/Documents/Unreal Projects/RevoX01/Content/RevoX/Textures/Marker_Target_Hex.uasset" SILENT=true
[2015.04.26-22.34.10:717][509]LogSavePackage: Save=25.340714ms
[2015.04.26-22.34.10:717][509]LogSavePackage: Moving '../../../../../../Users/Hinato/Documents/Unreal Projects/RevoX01/Saved/Marker_Target_Hex27A3414E4D800F41C2096797254299FC.tmp' to '../../../../../../Users/Hinato/Documents/Unreal Projects/RevoX01/Content/RevoX/Textures/Marker_Target_Hex.uasset'
[2015.04.26-22.34.12:331][509]Cmd: OBJ SAVEPACKAGE PACKAGE="/Game/RevoX/Materials/Decal_HoverMarker" FILE="../../../../../../Users/Hinato/Documents/Unreal Projects/RevoX01/Content/RevoX/Materials/Decal_HoverMarker.uasset" SILENT=true
[2015.04.26-22.34.12:647][509]LogSavePackage: Save=270.212463ms
[2015.04.26-22.34.12:648][509]LogSavePackage: Moving '../../../../../../Users/Hinato/Documents/Unreal Projects/RevoX01/Saved/Decal_HoverMarker3E98560147E3BEB991F7B29991D54BFF.tmp' to '../../../../../../Users/Hinato/Documents/Unreal Projects/RevoX01/Content/RevoX/Materials/Decal_HoverMarker.uasset'
[2015.04.26-22.34.12:987][509]LogSavePackage: Save=267.621521ms
[2015.04.26-22.34.12:987][509]LogSavePackage: Moving '../../../../../../Users/Hinato/Documents/Unreal Projects/RevoX01/Saved/Decal_CurrentMarker07D0C40245400B2E36EF3BBF8BFEED6A.tmp' to '../../../../../../Users/Hinato/Documents/Unreal Projects/RevoX01/Content/RevoX/Materials/Decal_CurrentMarker.uasset'
[2015.04.26-22.34.13:332][509]LogSavePackage: Save=272.654907ms
[2015.04.26-22.34.13:332][509]LogSavePackage: Moving '../../../../../../Users/Hinato/Documents/Unreal Projects/RevoX01/Saved/Decal_TargetMarkerF53010B14A56D0795F065AA53F733542.tmp' to '../../../../../../Users/Hinato/Documents/Unreal Projects/RevoX01/Content/RevoX/Materials/Decal_TargetMarker.uasset'
[2015.04.26-22.34.13:671][509]LogSavePackage: Save=266.348602ms
[2015.04.26-22.34.13:671][509]LogSavePackage: Moving '../../../../../../Users/Hinato/Documents/Unreal Projects/RevoX01/Saved/Decal_CurrentMarkerHexC2A63B83455AA766168CCFACCF3AF78C.tmp' to '../../../../../../Users/Hinato/Documents/Unreal Projects/RevoX01/Content/RevoX/Materials/Decal_CurrentMarkerHex.uasset'
[2015.04.26-22.34.13:697][509]Cmd: OBJ SAVEPACKAGE PACKAGE="/Game/RevoX/Materials/Decal_Hex_Blue" FILE="../../../../../../Users/Hinato/Documents/Unreal Projects/RevoX01/Content/RevoX/Materials/Decal_Hex_Blue.uasset" SILENT=true
[2015.04.26-22.34.14:072][509]LogSavePackage: Save=327.839233ms
[2015.04.26-22.34.14:072][509]LogSavePackage: Moving '../../../../../../Users/Hinato/Documents/Unreal Projects/RevoX01/Saved/Decal_Hex_Blue22068BF644A5554D9EF9FF8B39050F8C.tmp' to '../../../../../../Users/Hinato/Documents/Unreal Projects/RevoX01/Content/RevoX/Materials/Decal_Hex_Blue.uasset'
[2015.04.26-22.34.14:098][509]Cmd: OBJ SAVEPACKAGE PACKAGE="/Game/RevoX/Materials/Decal_Hex_Red" FILE="../../../../../../Users/Hinato/Documents/Unreal Projects/RevoX01/Content/RevoX/Materials/Decal_Hex_Red.uasset" SILENT=true
[2015.04.26-22.34.14:483][509]LogSavePackage: Save=338.177307ms
[2015.04.26-22.34.14:483][509]LogSavePackage: Moving '../../../../../../Users/Hinato/Documents/Unreal Projects/RevoX01/Saved/Decal_Hex_Red33C3867047C0F494D861BF827A1D0436.tmp' to '../../../../../../Users/Hinato/Documents/Unreal Projects/RevoX01/Content/RevoX/Materials/Decal_Hex_Red.uasset'
[2015.04.26-22.34.14:515][509]Cmd: OBJ SAVEPACKAGE PACKAGE="/Game/RevoX/Materials/Decal_Hex_Yellow" FILE="../../../../../../Users/Hinato/Documents/Unreal Projects/RevoX01/Content/RevoX/Materials/Decal_Hex_Yellow.uasset" SILENT=true
[2015.04.26-22.34.15:001][509]LogSavePackage: Save=437.957428ms
[2015.04.26-22.34.15:001][509]LogSavePackage: Moving '../../../../../../Users/Hinato/Documents/Unreal Projects/RevoX01/Saved/Decal_Hex_Yellow1EF1D6A94D866CFD3697D3AA507F8917.tmp' to '../../../../../../Users/Hinato/Documents/Unreal Projects/RevoX01/Content/RevoX/Materials/Decal_Hex_Yellow.uasset'
[2015.04.26-22.34.15:339][509]LogSavePackage: Save=266.262085ms
[2015.04.26-22.34.15:339][509]LogSavePackage: Moving '../../../../../../Users/Hinato/Documents/Unreal Projects/RevoX01/Saved/Decal_HoverMarkerHexF9A0314743827D7E72013F8AE4D55B18.tmp' to '../../../../../../Users/Hinato/Documents/Unreal Projects/RevoX01/Content/RevoX/Materials/Decal_HoverMarkerHex.uasset'
[2015.04.26-22.34.15:679][509]LogSavePackage: Save=266.488647ms
[2015.04.26-22.34.15:679][509]LogSavePackage: Moving '../../../../../../Users/Hinato/Documents/Unreal Projects/RevoX01/Saved/Decal_TargetMarker_Hex5DEE47854A40762344DBD89164109027.tmp' to '../../../../../../Users/Hinato/Documents/Unreal Projects/RevoX01/Content/RevoX/Materials/Decal_TargetMarker_Hex.uasset'
[2015.04.26-22.34.15:687][509]LogContentBrowser:Verbose: The content browser source was changed by the sources view to 'None'
[2015.04.26-22.34.15:687][509]LogContentBrowser:Verbose: The content browser source was changed by the sources view to '/Game/RevoX/Textures'
[2015.04.26-22.34.29:610][332]LogContentBrowser:Verbose: The content browser source was changed by the sources view to '/Game/RevoX/Assets'
[2015.04.26-22.34.42:645][130]Cmd: OBJ SAVEPACKAGE PACKAGE="/Game/RevoX/Materials/Material__640" FILE="../../../../../../Users/Hinato/Documents/Unreal Projects/RevoX01/Content/RevoX/Materials/Material__640.uasset" SILENT=true
[2015.04.26-22.34.42:917][130]LogSavePackage: Save=269.448059ms
[2015.04.26-22.34.42:917][130]LogSavePackage: Moving '../../../../../../Users/Hinato/Documents/Unreal Projects/RevoX01/Saved/Material__64084EE595147A4792156DE84B1C7BEEF3B.tmp' to '../../../../../../Users/Hinato/Documents/Unreal Projects/RevoX01/Content/RevoX/Materials/Material__640.uasset'
[2015.04.26-22.34.43:272][130]Cmd: OBJ SAVEPACKAGE PACKAGE="/Game/RevoX/Assets/torch" FILE="../../../../../../Users/Hinato/Documents/Unreal Projects/RevoX01/Content/RevoX/Assets/torch.uasset" SILENT=true
[2015.04.26-22.34.43:718][130]LogSavePackage: Save=387.295441ms
[2015.04.26-22.34.43:718][130]LogSavePackage: Moving '../../../../../../Users/Hinato/Documents/Unreal Projects/RevoX01/Saved/torch61C8E9AD491251FEE1C48FBE95716D43.tmp' to '../../../../../../Users/Hinato/Documents/Unreal Projects/RevoX01/Content/RevoX/Assets/torch.uasset'
[2015.04.26-22.34.50:033][391]LogContentBrowser: Native class hierarchy updated for 'TextureEditor' in 0.0077 seconds. Added 1 classes and 2 folders.
[2015.04.26-22.34.59:797][179]Cmd: OBJ SAVEPACKAGE PACKAGE="/Game/RevoX/Textures/torch_DIF" FILE="../../../../../../Users/Hinato/Documents/Unreal Projects/RevoX01/Content/RevoX/Textures/torch_DIF.uasset" SILENT=true
[2015.04.26-22.34.59:872][179]LogSavePackage: Save=72.946159ms
[2015.04.26-22.34.59:872][179]LogSavePackage: Moving '../../../../../../Users/Hinato/Documents/Unreal Projects/RevoX01/Saved/torch_DIFE0F9A6F94EBB23004F2C03BF400BB1EA.tmp' to '../../../../../../Users/Hinato/Documents/Unreal Projects/RevoX01/Content/RevoX/Textures/torch_DIF.uasset'
[2015.04.26-22.35.00:216][179]Cmd: OBJ SAVEPACKAGE PACKAGE="/Game/RevoX/Materials/Material__640" FILE="../../../../../../Users/Hinato/Documents/Unreal Projects/RevoX01/Content/RevoX/Materials/Material__640.uasset" SILENT=true
[2015.04.26-22.35.00:292][179]LogSavePackage: Save=4.575473ms
[2015.04.26-22.35.00:292][179]LogSavePackage: Moving '../../../../../../Users/Hinato/Documents/Unreal Projects/RevoX01/Saved/Material__640702E5B4843487FFB5B136DB68F569EC8.tmp' to '../../../../../../Users/Hinato/Documents/Unreal Projects/RevoX01/Content/RevoX/Materials/Material__640.uasset'
[2015.04.26-22.35.03:251][386]LogContentBrowser:Verbose: The content browser source was changed by the sources view to '/Game/RevoX/Textures'
[2015.04.26-22.35.09:548][728]LogContentBrowser:Verbose: The content browser source was changed by the sources view to '/Game/RevoX/Assets'
[2015.04.26-22.35.13:904][ 52]Cmd: OBJ SAVEPACKAGE PACKAGE="/Game/RevoX/Textures/torch_NRM" FILE="../../../../../../Users/Hinato/Documents/Unreal Projects/RevoX01/Content/RevoX/Textures/torch_NRM.uasset" SILENT=true
[2015.04.26-22.35.14:018][ 52]LogSavePackage: Save=112.424644ms
[2015.04.26-22.35.14:018][ 52]LogSavePackage: Moving '../../../../../../Users/Hinato/Documents/Unreal Projects/RevoX01/Saved/torch_NRMC0E9A86A4D8C4BC26647D9813945218B.tmp' to '../../../../../../Users/Hinato/Documents/Unreal Projects/RevoX01/Content/RevoX/Textures/torch_NRM.uasset'
[2015.04.26-22.35.14:362][ 52]Cmd: OBJ SAVEPACKAGE PACKAGE="/Game/RevoX/Materials/Material__640" FILE="../../../../../../Users/Hinato/Documents/Unreal Projects/RevoX01/Content/RevoX/Materials/Material__640.uasset" SILENT=true
[2015.04.26-22.35.14:413][ 52]LogSavePackage: Save=4.464019ms
[2015.04.26-22.35.14:413][ 52]LogSavePackage: Moving '../../../../../../Users/Hinato/Documents/Unreal Projects/RevoX01/Saved/Material__6401BB9FDB643D7174EAB6ED286B9B64DC6.tmp' to '../../../../../../Users/Hinato/Documents/Unreal Projects/RevoX01/Content/RevoX/Materials/Material__640.uasset'
[2015.04.26-22.35.19:748][233]LogContentBrowser:Verbose: The content browser source was changed by the sources view to '/Game/RevoX/Meshes'
[2015.04.26-22.35.24:531][391]LogContentBrowser:Verbose: The content browser source was changed by the sources view to '/Game/RevoX/Assets'
[2015.04.26-22.35.26:435][446]LogRenderer:Warning: Reallocating scene render targets to support 1432x928 (Frame:6207).
[2015.04.26-22.35.31:508][896]LogContentBrowser:Verbose: The content browser source was changed by the sources view to '/Game/RevoX/Meshes'
[2015.04.26-22.35.32:817][ 14]Cmd: OBJ SAVEPACKAGE PACKAGE="/Game/RevoX/Meshes/Chest_Chest" FILE="../../../../../../Users/Hinato/Documents/Unreal Projects/RevoX01/Content/RevoX/Meshes/Chest_Chest.uasset" SILENT=true
[2015.04.26-22.35.33:202][ 14]LogSavePackage: Save=383.330017ms
[2015.04.26-22.35.33:202][ 14]LogSavePackage: Moving '../../../../../../Users/Hinato/Documents/Unreal Projects/RevoX01/Saved/Chest_Chest6B982C58441269F54408D2B9F14E47B4.tmp' to '../../../../../../Users/Hinato/Documents/Unreal Projects/RevoX01/Content/RevoX/Meshes/Chest_Chest.uasset'
[2015.04.26-22.35.33:351][ 14]LogParticles: Destroying 0 GPU particle simulations for FXSystem 0x0000000024B9A700
[2015.04.26-22.35.33:556][ 14]Cmd: OBJ SAVEPACKAGE PACKAGE="/Game/RevoX/Placeables/Chest_Start" FILE="../../../../../../Users/Hinato/Documents/Unreal Projects/RevoX01/Content/RevoX/Placeables/Chest_Start.uasset" SILENT=true
[2015.04.26-22.35.34:155][ 14]LogSavePackage: Save=486.134094ms
[2015.04.26-22.35.34:155][ 14]LogSavePackage: Moving '../../../../../../Users/Hinato/Documents/Unreal Projects/RevoX01/Saved/Chest_Start2A4E8AE840F56A0FBEB3D5822EDC0C3D.tmp' to '../../../../../../Users/Hinato/Documents/Unreal Projects/RevoX01/Content/RevoX/Placeables/Chest_Start.uasset'
[2015.04.26-22.35.35:514][ 60]LogContentBrowser:Verbose: The content browser source was changed by the sources view to '/Game/RevoX/Assets'
[2015.04.26-22.35.39:925][400]Cmd: OBJ SAVEPACKAGE PACKAGE="/Game/RevoX/Meshes/Chest_Lid" FILE="../../../../../../Users/Hinato/Documents/Unreal Projects/RevoX01/Content/RevoX/Meshes/Chest_Lid.uasset" SILENT=true
[2015.04.26-22.35.40:310][400]LogSavePackage: Save=382.855255ms
[2015.04.26-22.35.40:310][400]LogSavePackage: Moving '../../../../../../Users/Hinato/Documents/Unreal Projects/RevoX01/Saved/Chest_LidB58D4E0C47BACCF0A8067D82FD093E9B.tmp' to '../../../../../../Users/Hinato/Documents/Unreal Projects/RevoX01/Content/RevoX/Meshes/Chest_Lid.uasset'
[2015.04.26-22.35.40:641][400]Cmd: OBJ SAVEPACKAGE PACKAGE="/Game/RevoX/Placeables/Chest_Start" FILE="../../../../../../Users/Hinato/Documents/Unreal Projects/RevoX01/Content/RevoX/Placeables/Chest_Start.uasset" SILENT=true
[2015.04.26-22.35.40:885][400]LogSavePackage: Save=196.076965ms
[2015.04.26-22.35.40:885][400]LogSavePackage: Moving '../../../../../../Users/Hinato/Documents/Unreal Projects/RevoX01/Saved/Chest_StartA25387644705F90FB79E028726FCEE04.tmp' to '../../../../../../Users/Hinato/Documents/Unreal Projects/RevoX01/Content/RevoX/Placeables/Chest_Start.uasset'
[2015.04.26-22.35.43:912][662]Cmd: OBJ SAVEPACKAGE PACKAGE="/Game/RevoX/Meshes/torch" FILE="../../../../../../Users/Hinato/Documents/Unreal Projects/RevoX01/Content/RevoX/Meshes/torch.uasset" SILENT=true
[2015.04.26-22.35.44:303][662]LogSavePackage: Save=389.499939ms
[2015.04.26-22.35.44:303][662]LogSavePackage: Moving '../../../../../../Users/Hinato/Documents/Unreal Projects/RevoX01/Saved/torch75C670A943D22B23E8D6058E216D717A.tmp' to '../../../../../../Users/Hinato/Documents/Unreal Projects/RevoX01/Content/RevoX/Meshes/torch.uasset'
[2015.04.26-22.35.44:646][662]Cmd: OBJ SAVEPACKAGE PACKAGE="/Game/RevoX/Placeables/Torch_fix" FILE="../../../../../../Users/Hinato/Documents/Unreal Projects/RevoX01/Content/RevoX/Placeables/Torch_fix.uasset" SILENT=true
[2015.04.26-22.35.45:117][662]LogSavePackage: Save=401.179871ms
[2015.04.26-22.35.45:117][662]LogSavePackage: Moving '../../../../../../Users/Hinato/Documents/Unreal Projects/RevoX01/Saved/Torch_fixB355C0314746D6D91D547E8E280E8D1B.tmp' to '../../../../../../Users/Hinato/Documents/Unreal Projects/RevoX01/Content/RevoX/Placeables/Torch_fix.uasset'
[2015.04.26-22.35.49:998][ 92]LogContentBrowser:Verbose: The content browser source was changed by the sources view to '/Game/RevoX'
[2015.04.26-22.35.50:721][133]LogContentBrowser:Verbose: The content browser source was changed by the sources view to '/Game/RevoX/Game'
[2015.04.26-22.35.53:712][251]LogContentBrowser:Verbose: The content browser source was changed by the sources view to '/Game/RevoX/Game/Structs'
[2015.04.26-22.35.57:621][444]LogContentBrowser:Verbose: The content browser source was changed by the sources view to '/Game/RevoX/Game/Enums'
[2015.04.26-22.36.02:668][667]LogContentBrowser:Verbose: The content browser source was changed by the sources view to '/Game/RevoX/Interactables'
[2015.04.26-22.36.03:980][738]LogContentBrowser:Verbose: The content browser source was changed by the sources view to '/Game/RevoX/Items'
[2015.04.26-22.36.07:894][917]LogContentBrowser:Verbose: The content browser source was changed by the sources view to '/Game/RevoX/Maps'
[2015.04.26-22.36.09:397][  0]LogContentBrowser:Verbose: The content browser source was changed by the sources view to '/Game/RevoX/Materials'
[2015.04.26-22.36.13:374][131]LogContentBrowser:Verbose: The content browser source was changed by the sources view to '/Game/RevoX/Meshes'
[2015.04.26-22.36.14:478][165]LogContentBrowser:Verbose: The content browser source was changed by the sources view to '/Game/RevoX/Materials'
[2015.04.26-22.36.16:280][226]LogMaterial: Missing cached shader map for material Material__640, compiling. 
[2015.04.26-22.36.16:895][226]LogActorComponent: UnregisterComponent: (/Engine/Transient.SkeletalMeshComponent_8) Not registered. Aborting.
[2015.04.26-22.36.17:082][226]LogActorComponent: UnregisterComponent: (/Engine/Transient.SkeletalMeshComponent_8) Not registered. Aborting.
[2015.04.26-22.36.17:103][226]LogActorComponent: RegisterComponentWithWorld: (/Engine/Transient.MaterialEditorMeshComponent_0) Already registered. Aborting.
[2015.04.26-22.36.17:103][226]LogActorComponent: UnregisterComponent: (/Engine/Transient.SkeletalMeshComponent_8) Not registered. Aborting.
[2015.04.26-22.36.17:103][226]LogActorComponent: RegisterComponentWithWorld: (/Engine/Transient.MaterialEditorMeshComponent_0) Already registered. Aborting.
[2015.04.26-22.36.17:129][226]LogMaterial: Missing cached shader map for material Material__640, compiling. 
[2015.04.26-22.36.17:136][226]LogMaterial: 0.000032 seconds spent updating 1 materials, 1 interfaces, 0 instances, 0 with static permutations.
[2015.04.26-22.36.17:243][226]LogMaterial: Missing cached shader map for material FMatExpressionPreview MaterialExpressionTextureSample_0, compiling. 
[2015.04.26-22.36.17:309][226]LogMaterial: Missing cached shader map for material FMatExpressionPreview MaterialExpressionTextureSample_1, compiling. 
[2015.04.26-22.36.20:479][501]MaterialEditorStats: Info Base pass shader with only dynamic lighting: 45 instructions
[2015.04.26-22.36.20:479][501]MaterialEditorStats: Info Vertex shader: 33 instructions
[2015.04.26-22.36.20:479][501]MaterialEditorStats: Info Texture samplers: 2/16
[2015.04.26-22.36.29:246][422]LogParticles: Destroying 0 GPU particle simulations for FXSystem 0x000000001FB5AF20
[2015.04.26-22.36.42:636][ 94]Cmd: OBJ SAVEPACKAGE PACKAGE="/Game/RevoX/Materials/M_Torch" FILE="../../../../../../Users/Hinato/Documents/Unreal Projects/RevoX01/Content/RevoX/Materials/M_Torch.uasset" SILENT=true
[2015.04.26-22.36.42:932][ 94]LogSavePackage: Save=293.936005ms
[2015.04.26-22.36.42:932][ 94]LogSavePackage: Moving '../../../../../../Users/Hinato/Documents/Unreal Projects/RevoX01/Saved/M_TorchEFCFCACC4E6AC5D25412D081D723A5FD.tmp' to '../../../../../../Users/Hinato/Documents/Unreal Projects/RevoX01/Content/RevoX/Materials/M_Torch.uasset'
[2015.04.26-22.36.43:272][ 94]Cmd: OBJ SAVEPACKAGE PACKAGE="/Game/RevoX/Meshes/torch" FILE="../../../../../../Users/Hinato/Documents/Unreal Projects/RevoX01/Content/RevoX/Meshes/torch.uasset" SILENT=true
[2015.04.26-22.36.43:347][ 94]LogSavePackage: Save=4.550542ms
[2015.04.26-22.36.43:347][ 94]LogSavePackage: Moving '../../../../../../Users/Hinato/Documents/Unreal Projects/RevoX01/Saved/torch82399ECE450BCEAB232CB5BB94A2C8D4.tmp' to '../../../../../../Users/Hinato/Documents/Unreal Projects/RevoX01/Content/RevoX/Meshes/torch.uasset'
[2015.04.26-22.36.47:763][242]LogContentBrowser:Verbose: The content browser source was changed by the sources view to '/Game/RevoX/Meshes'
[2015.04.26-22.36.51:149][353]LogContentBrowser:Verbose: The content browser source was changed by the sources view to '/Game/RevoX/Pawns'
[2015.04.26-22.36.53:267][425]LogContentBrowser:Verbose: The content browser source was changed by the sources view to '/Game/RevoX/Pawns/Characters'
[2015.04.26-22.36.57:712][600]LogD3D11RHI: Timed out while waiting for GPU to catch up. (0.5 s)
[2015.04.26-22.36.58:213][601]LogD3D11RHI: Timed out while waiting for GPU to catch up. (0.5 s)
[2015.04.26-22.36.58:713][601]LogD3D11RHI: Timed out while waiting for GPU to catch up. (0.5 s)
[2015.04.26-22.36.59:213][601]LogD3D11RHI: Timed out while waiting for GPU to catch up. (0.5 s)
[2015.04.26-22.37.00:477][601]LogD3D11RHI: Timed out while waiting for GPU to catch up. (0.5 s)
[2015.04.26-22.37.00:477][601]LogD3D11RHI: Timed out while waiting for GPU to catch up. (0.5 s)
[2015.04.26-22.37.00:713][601]LogD3D11RHI: Timed out while waiting for GPU to catch up. (0.5 s)
[2015.04.26-22.37.01:213][601]LogD3D11RHI: Timed out while waiting for GPU to catch up. (0.5 s)
[2015.04.26-22.37.01:713][601]LogD3D11RHI: Timed out while waiting for GPU to catch up. (0.5 s)
[2015.04.26-22.37.02:214][601]LogD3D11RHI: Timed out while waiting for GPU to catch up. (0.5 s)
[2015.04.26-22.37.02:714][601]LogD3D11RHI: Timed out while waiting for GPU to catch up. (0.5 s)
[2015.04.26-22.37.03:214][601]LogD3D11RHI: Timed out while waiting for GPU to catch up. (0.5 s)
[2015.04.26-22.37.03:714][601]LogD3D11RHI: Timed out while waiting for GPU to catch up. (0.5 s)
[2015.04.26-22.37.04:214][601]LogD3D11RHI: Timed out while waiting for GPU to catch up. (0.5 s)
[2015.04.26-22.37.04:714][601]LogD3D11RHI: Timed out while waiting for GPU to catch up. (0.5 s)
[2015.04.26-22.37.05:214][601]LogD3D11RHI: Timed out while waiting for GPU to catch up. (0.5 s)
[2015.04.26-22.37.05:714][601]LogD3D11RHI: Timed out while waiting for GPU to catch up. (0.5 s)
[2015.04.26-22.37.06:214][601]LogD3D11RHI: Timed out while waiting for GPU to catch up. (0.5 s)
[2015.04.26-22.37.06:714][601]LogD3D11RHI: Timed out while waiting for GPU to catch up. (0.5 s)
[2015.04.26-22.37.07:214][601]LogD3D11RHI: Timed out while waiting for GPU to catch up. (0.5 s)
[2015.04.26-22.37.07:714][601]LogD3D11RHI: Timed out while waiting for GPU to catch up. (0.5 s)
[2015.04.26-22.37.08:214][601]LogD3D11RHI: Timed out while waiting for GPU to catch up. (0.5 s)
[2015.04.26-22.37.08:714][601]LogD3D11RHI: Timed out while waiting for GPU to catch up. (0.5 s)
[2015.04.26-22.37.09:214][601]LogD3D11RHI: Timed out while waiting for GPU to catch up. (0.5 s)
[2015.04.26-22.37.09:714][601]LogD3D11RHI: Timed out while waiting for GPU to catch up. (0.5 s)
[2015.04.26-22.37.10:214][601]LogD3D11RHI: Timed out while waiting for GPU to catch up. (0.5 s)
[2015.04.26-22.37.10:714][601]LogD3D11RHI: Timed out while waiting for GPU to catch up. (0.5 s)
[2015.04.26-22.37.11:214][601]LogD3D11RHI: Timed out while waiting for GPU to catch up. (0.5 s)
[2015.04.26-22.37.11:714][601]LogD3D11RHI: Timed out while waiting for GPU to catch up. (0.5 s)
[2015.04.26-22.37.12:214][601]LogD3D11RHI: Timed out while waiting for GPU to catch up. (0.5 s)
[2015.04.26-22.37.12:714][601]LogD3D11RHI: Timed out while waiting for GPU to catch up. (0.5 s)
[2015.04.26-22.37.13:214][601]LogD3D11RHI: Timed out while waiting for GPU to catch up. (0.5 s)
[2015.04.26-22.37.13:714][601]LogD3D11RHI: Timed out while waiting for GPU to catch up. (0.5 s)
[2015.04.26-22.37.14:214][601]LogD3D11RHI: Timed out while waiting for GPU to catch up. (0.5 s)
[2015.04.26-22.37.14:714][601]LogD3D11RHI: Timed out while waiting for GPU to catch up. (0.5 s)
[2015.04.26-22.37.15:214][601]LogD3D11RHI: Timed out while waiting for GPU to catch up. (0.5 s)
[2015.04.26-22.37.15:714][601]LogD3D11RHI: Timed out while waiting for GPU to catch up. (0.5 s)
[2015.04.26-22.37.16:214][601]LogD3D11RHI: Timed out while waiting for GPU to catch up. (0.5 s)
[2015.04.26-22.37.16:714][601]LogD3D11RHI: Timed out while waiting for GPU to catch up. (0.5 s)
[2015.04.26-22.37.17:214][601]LogD3D11RHI: Timed out while waiting for GPU to catch up. (0.5 s)
[2015.04.26-22.37.17:714][601]LogD3D11RHI: Timed out while waiting for GPU to catch up. (0.5 s)
[2015.04.26-22.37.18:214][601]LogD3D11RHI: Timed out while waiting for GPU to catch up. (0.5 s)
[2015.04.26-22.37.18:714][601]LogD3D11RHI: Timed out while waiting for GPU to catch up. (0.5 s)
[2015.04.26-22.37.19:214][601]LogD3D11RHI: Timed out while waiting for GPU to catch up. (0.5 s)
[2015.04.26-22.37.19:715][601]LogD3D11RHI: Timed out while waiting for GPU to catch up. (0.5 s)
[2015.04.26-22.37.20:215][601]LogD3D11RHI: Timed out while waiting for GPU to catch up. (0.5 s)
[2015.04.26-22.37.20:715][601]LogD3D11RHI: Timed out while waiting for GPU to catch up. (0.5 s)
[2015.04.26-22.37.21:215][601]LogD3D11RHI: Timed out while waiting for GPU to catch up. (0.5 s)
[2015.04.26-22.37.21:715][601]LogD3D11RHI: Timed out while waiting for GPU to catch up. (0.5 s)
[2015.04.26-22.37.22:215][601]LogD3D11RHI: Timed out while waiting for GPU to catch up. (0.5 s)
[2015.04.26-22.37.22:715][601]LogD3D11RHI: Timed out while waiting for GPU to catch up. (0.5 s)
[2015.04.26-22.37.23:215][601]LogD3D11RHI: Timed out while waiting for GPU to catch up. (0.5 s)
[2015.04.26-22.37.23:715][601]LogD3D11RHI: Timed out while waiting for GPU to catch up. (0.5 s)
[2015.04.26-22.37.24:215][601]LogD3D11RHI: Timed out while waiting for GPU to catch up. (0.5 s)
[2015.04.26-22.37.24:715][601]LogD3D11RHI: Timed out while waiting for GPU to catch up. (0.5 s)
[2015.04.26-22.37.25:215][601]LogD3D11RHI: Timed out while waiting for GPU to catch up. (0.5 s)
[2015.04.26-22.37.25:715][601]LogD3D11RHI: Timed out while waiting for GPU to catch up. (0.5 s)
[2015.04.26-22.37.26:215][601]LogD3D11RHI: Timed out while waiting for GPU to catch up. (0.5 s)
[2015.04.26-22.37.26:715][601]LogD3D11RHI: Timed out while waiting for GPU to catch up. (0.5 s)
[2015.04.26-22.37.27:215][601]LogD3D11RHI: Timed out while waiting for GPU to catch up. (0.5 s)
[2015.04.26-22.37.27:715][601]LogD3D11RHI: Timed out while waiting for GPU to catch up. (0.5 s)
[2015.04.26-22.37.28:215][601]LogD3D11RHI: Timed out while waiting for GPU to catch up. (0.5 s)
[2015.04.26-22.37.28:715][601]LogD3D11RHI: Timed out while waiting for GPU to catch up. (0.5 s)
[2015.04.26-22.37.29:215][601]LogD3D11RHI: Timed out while waiting for GPU to catch up. (0.5 s)
[2015.04.26-22.37.29:715][601]LogD3D11RHI: Timed out while waiting for GPU to catch up. (0.5 s)
[2015.04.26-22.37.30:215][601]LogD3D11RHI: Timed out while waiting for GPU to catch up. (0.5 s)
[2015.04.26-22.37.30:715][601]LogD3D11RHI: Timed out while waiting for GPU to catch up. (0.5 s)
[2015.04.26-22.37.31:215][601]LogD3D11RHI: Timed out while waiting for GPU to catch up. (0.5 s)
[2015.04.26-22.37.31:715][601]LogD3D11RHI: Timed out while waiting for GPU to catch up. (0.5 s)
[2015.04.26-22.37.32:215][601]LogD3D11RHI: Timed out while waiting for GPU to catch up. (0.5 s)
[2015.04.26-22.37.32:715][601]LogD3D11RHI: Timed out while waiting for GPU to catch up. (0.5 s)
[2015.04.26-22.37.33:215][601]LogD3D11RHI: Timed out while waiting for GPU to catch up. (0.5 s)
[2015.04.26-22.37.33:715][601]LogD3D11RHI: Timed out while waiting for GPU to catch up. (0.5 s)
[2015.04.26-22.37.34:215][601]LogD3D11RHI: Timed out while waiting for GPU to catch up. (0.5 s)
[2015.04.26-22.37.34:715][601]LogD3D11RHI: Timed out while waiting for GPU to catch up. (0.5 s)
[2015.04.26-22.37.35:215][601]LogD3D11RHI: Timed out while waiting for GPU to catch up. (0.5 s)
[2015.04.26-22.37.35:715][601]LogD3D11RHI: Timed out while waiting for GPU to catch up. (0.5 s)
[2015.04.26-22.37.36:215][601]LogD3D11RHI: Timed out while waiting for GPU to catch up. (0.5 s)
[2015.04.26-22.37.36:715][601]LogD3D11RHI: Timed out while waiting for GPU to catch up. (0.5 s)
[2015.04.26-22.37.37:216][601]LogD3D11RHI: Timed out while waiting for GPU to catch up. (0.5 s)
[2015.04.26-22.37.37:716][601]LogD3D11RHI: Timed out while waiting for GPU to catch up. (0.5 s)
[2015.04.26-22.37.38:216][601]LogD3D11RHI: Timed out while waiting for GPU to catch up. (0.5 s)
[2015.04.26-22.37.38:716][601]LogD3D11RHI: Timed out while waiting for GPU to catch up. (0.5 s)
[2015.04.26-22.37.39:216][601]LogD3D11RHI: Timed out while waiting for GPU to catch up. (0.5 s)
[2015.04.26-22.37.39:716][601]LogD3D11RHI: Timed out while waiting for GPU to catch up. (0.5 s)
[2015.04.26-22.37.40:216][601]LogD3D11RHI: Timed out while waiting for GPU to catch up. (0.5 s)
[2015.04.26-22.37.40:716][601]LogD3D11RHI: Timed out while waiting for GPU to catch up. (0.5 s)
[2015.04.26-22.37.41:216][601]LogD3D11RHI: Timed out while waiting for GPU to catch up. (0.5 s)
[2015.04.26-22.37.41:716][601]LogD3D11RHI: Timed out while waiting for GPU to catch up. (0.5 s)
[2015.04.26-22.37.42:216][601]LogD3D11RHI: Timed out while waiting for GPU to catch up. (0.5 s)
[2015.04.26-22.37.42:716][601]LogD3D11RHI: Timed out while waiting for GPU to catch up. (0.5 s)
[2015.04.26-22.37.43:216][601]LogD3D11RHI: Timed out while waiting for GPU to catch up. (0.5 s)
[2015.04.26-22.37.43:717][601]LogD3D11RHI: Timed out while waiting for GPU to catch up. (0.5 s)
[2015.04.26-22.37.44:217][601]LogD3D11RHI: Timed out while waiting for GPU to catch up. (0.5 s)
[2015.04.26-22.37.44:717][601]LogD3D11RHI: Timed out while waiting for GPU to catch up. (0.5 s)
[2015.04.26-22.37.45:217][601]LogD3D11RHI: Timed out while waiting for GPU to catch up. (0.5 s)
[2015.04.26-22.37.45:717][601]LogD3D11RHI: Timed out while waiting for GPU to catch up. (0.5 s)
[2015.04.26-22.37.46:217][601]LogD3D11RHI: Timed out while waiting for GPU to catch up. (0.5 s)
[2015.04.26-22.37.47:062][601]LogD3D11RHI:Error: Direct3DDevice->CreateTexture2D(&Desc,NULL,TempTexture2D.GetInitReference()) failed 
 at D:\BuildFarm\buildmachine_++depot+UE4-Releases+4.7\Engine\Source\Runtime\Windows\D3D11RHI\Private\D3D11RenderTarget.cpp:621 
 with error DXGI_ERROR_DEVICE_REMOVED
[2015.04.26-22.37.49:029][601]LogWindows: FPlatformMisc::RequestExit(1)
[2015.04.26-22.37.49:029][601]Log file closed, 04/27/15 00:37:49
