Log file open, 04/25/15 17:48:52
LogInit:Display: Running engine without a game
LogInit:Display: Loading recent project file: ../../../../../../Users/Hinato/Documents/Unreal Projects/RevoX01/RevoX01.uproject
LogInit: Version: 4.7.6-2513093+++depot+UE4-Releases+4.7
LogInit: API Version: 2455222
LogInit: Compiled (64-bit): Apr 15 2015 12:09:54
LogInit: Compiled with Visual C++: 18.00.21005.01
LogInit: Build Configuration: Development
LogInit: Branch Name: ++depot+UE4-Releases+4.7
LogInit: Command line: 
LogInit: Base directory: C:/Program Files/Epic Games/4.7/Engine/Binaries/Win64/
LogInit: Rocket: 1
[2015.04.25-15.48.52:665][  0]LogTaskGraph: Started task graph with 3 named threads and 6 total threads.
[2015.04.25-15.48.52:720][  0]LogOnline:Warning: No default platform service specified for OnlineSubsystem
[2015.04.25-15.48.52:736][  0]LogInit: Presizing for 0 objects not considered by GC, pre-allocating 0 bytes.
[2015.04.25-15.48.52:748][  0]LogInit: Object subsystem initialized
[2015.04.25-15.48.52:751][  0]LogConsoleResponse:Warning: Skipping Unknown console variable: 'UIScaleRule = ShortestSide'
[2015.04.25-15.48.52:751][  0]LogConsoleResponse:Warning:   Found in ini file 'C:/Users/Hinato/Documents/Unreal Projects/RevoX01/Saved/Config/Windows/Engine.ini', in section '[/Script/Engine.RendererSettings]'
[2015.04.25-15.48.52:751][  0]LogConsoleResponse:Warning: Skipping Unknown console variable: 'UIScaleCurve = (EditorCurveData=(Keys=),ExternalCurve=None)'
[2015.04.25-15.48.52:751][  0]LogConsoleResponse:Warning:   Found in ini file 'C:/Users/Hinato/Documents/Unreal Projects/RevoX01/Saved/Config/Windows/Engine.ini', in section '[/Script/Engine.RendererSettings]'
[2015.04.25-15.48.52:751][  0]LogConsoleManager:Warning: Console variable 'r.MSAA.CompositingSampleCount' wasn't set (Priority ProjectSetting < Scalability)
[2015.04.25-15.48.52:751][  0]LogInit: Selected Device Profile: [Windows]
[2015.04.25-15.48.52:751][  0]LogInit: Applying CVar settings loaded from the selected device profile: [Windows]
[2015.04.25-15.48.52:779][  0]LogInit: Computer: P02
[2015.04.25-15.48.52:779][  0]LogInit: User: Hinato
[2015.04.25-15.48.52:779][  0]LogInit: CPU Page size=4096, Cores=4
[2015.04.25-15.48.52:779][  0]LogInit: High frequency timer resolution =2.727568 MHz
[2015.04.25-15.48.52:780][  0]LogMemory: Memory total: Physical=4.0GB (4GB approx) Virtual=8192.0GB
[2015.04.25-15.48.52:780][  0]LogMemory: Platform Memory Stats for Windows
[2015.04.25-15.48.52:780][  0]LogMemory: Process Physical Memory: 48.64 MB used, 48.64 MB peak
[2015.04.25-15.48.52:780][  0]LogMemory: Process Virtual Memory: 28.77 MB used, 28.77 MB peak
[2015.04.25-15.48.52:780][  0]LogMemory: Physical Memory: 1929.09 MB used, 4087.11 MB total
[2015.04.25-15.48.52:780][  0]LogMemory: Virtual Memory: 283.70 MB used, 8388608.00 MB total
[2015.04.25-15.48.52:810][  0]LogD3D11RHI: Found D3D11 adapter 0: NVIDIA GeForce GTX 560 Ti   (Feature Level 11_0)
[2015.04.25-15.48.52:810][  0]LogD3D11RHI: Adapter has 1998MB of dedicated video memory, 0MB of dedicated system memory, and 1787MB of shared system memory, 1 output[s]
[2015.04.25-15.48.52:810][  0]LogD3D11RHI: Chosen D3D11 Adapter Id = 0
[2015.04.25-15.48.52:814][  0]LogRHI: Texture pool is 1361 MB (70% of 1945 MB)
[2015.04.25-15.48.52:822][  0]LogD3D11RHI: Async texture creation enabled
[2015.04.25-15.48.52:908][  0]LogTextLocalizationManager: The requested culture ('de_DE') has no localization data; falling back to 'en' for localization and internationalization data.
[2015.04.25-15.48.53:097][  0]LogTextLocalizationManager:Warning: Loading localization resources contain conflicting entries for (Namespace:UICommands, Key:Save_ToolTip):
Resource: (C:/Program Files/Epic Games/4.7/Engine/Content/Localization/Editor/en/Editor.locres) Hash: (-29098895) String: (Saves the current level to disk)
Resource: (C:/Program Files/Epic Games/4.7/Engine/Content/Localization/Engine/en/Engine.locres) Hash: (-1280300587) String: (Save selected data to vlog file)
[2015.04.25-15.48.53:097][  0]LogTextLocalizationManager:Warning: Loading localization resources contain conflicting entries for (Namespace:ContentBrowser, Key:ImportAssetToolTip):
Resource: (C:/Program Files/Epic Games/4.7/Engine/Content/Localization/Editor/en/Editor.locres) Hash: (-630476809) String: (Import to {0}...)
Resource: (C:/Program Files/Epic Games/4.7/Engine/Content/Localization/Editor/en/Editor.locres) Hash: (1271782899) String: (Imports an asset from file to this folder.)
[2015.04.25-15.48.53:198][  0]LogContentStreaming: Texture pool size is 0.000000MB
[2015.04.25-15.48.56:237][  0]LogTargetPlatformManager:Display: Building Assets For Windows
[2015.04.25-15.48.56:844][  0]LogTargetPlatformManager:Display: Building Assets For Windows
[2015.04.25-15.48.56:921][  0]LogDerivedDataCache:Display: Max Cache Size: 512 MB
[2015.04.25-15.48.57:421][  0]LogDerivedDataCache: Loaded boot cache 0.50s 39MB C:/Users/Hinato/AppData/Local/UnrealEngine/4.7/DerivedDataCache/Boot.ddc.
[2015.04.25-15.48.57:421][  0]LogDerivedDataCache:Display: Loaded Boot cache: C:/Users/Hinato/AppData/Local/UnrealEngine/4.7/DerivedDataCache/Boot.ddc
[2015.04.25-15.48.57:421][  0]LogDerivedDataCache: FDerivedDataBackendGraph:  Pak pak cache file ../../../../../../Users/Hinato/Documents/Unreal Projects/RevoX01/DerivedDataCache/DDC.ddp not found, will not use a pak cache.
[2015.04.25-15.48.57:421][  0]LogDerivedDataCache: Unable to find inner node Pak for hierarchical cache Hierarchy.
[2015.04.25-15.48.57:575][  0]LogDerivedDataCache:Display: Pak cache opened for reading ../../../Engine/DerivedDataCache/Compressed.ddp.
[2015.04.25-15.48.57:587][  0]LogDerivedDataCache: Using Local data cache path C:/Users/Hinato/AppData/Local/UnrealEngine/Common/DerivedDataCache: Writable
[2015.04.25-15.48.58:335][  0]LogMeshUtilities: No automatic mesh reduction module available
[2015.04.25-15.48.58:335][  0]LogMeshUtilities: No automatic mesh merging module available
[2015.04.25-15.48.58:768][  0]LogInit: WinSock: version 1.1 (2.2), MaxSocks=32767, MaxUdp=65467
[2015.04.25-15.48.58:863][  0]LogSlate:Warning: Failed to load font data from '../../../Engine/Content/Slate/Fonts/Roboto-Italic.ttf'
[2015.04.25-15.49.04:858][  0]UdpMessaging: Initializing bridge on interface 0.0.0.0:0 to multicast group 230.0.0.1:6666.
[2015.04.25-15.49.05:199][  0]SourceControl: Info Source control is disabled
[2015.04.25-15.49.05:199][  0]SourceControl: Info Source control is disabled
[2015.04.25-15.49.05:199][  0]SourceControl: Info Source control is disabled
[2015.04.25-15.49.05:199][  0]LogSourceControl: RunCommandInternalRaw: 'git version'
[2015.04.25-15.49.05:200][  0]LogSourceControl: RunCommandInternalRaw: ExecProcess ReturnCode=2 OutResults=''
[2015.04.25-15.49.05:210][  0]SourceControl: Info Source control is disabled
[2015.04.25-15.49.05:605][  0]LogObj: 24232 objects as part of root set at end of initial load.
[2015.04.25-15.49.05:605][  0]LogUObjectAllocator: 5137176 out of 0 bytes used by permanent object pool.
[2015.04.25-15.49.05:709][  0]LogEngine: Initializing Engine...
[2015.04.25-15.49.07:926][  0]LogInit: XAudio2 using 'Lautsprecher (Realtek High Definition Audio)' : 2 channels at 48 kHz using 32 bits per sample (channel mask 0x3)
[2015.04.25-15.49.07:958][  0]LogInit: FAudioDevice initialized.
[2015.04.25-15.49.08:003][  0]LogAIModule: Creating AISystem for world NewWorld
[2015.04.25-15.49.08:077][  0]LogDerivedDataCache: Saved boot cache 0.07s 39MB C:/Users/Hinato/AppData/Local/UnrealEngine/4.7/DerivedDataCache/Boot.ddc.
[2015.04.25-15.49.08:083][  0]LogInit: Texture streaming: Enabled
[2015.04.25-15.49.08:196][  0]LogAnalytics: Creating configured Analytics provider AnalyticsET
[2015.04.25-15.49.08:196][  0]LogAnalytics: ET APIKey = Rocket.Release. APIServer = http://et2.epicgames.com/ET2/. AppVersion = 4.7.6-2513093+++depot+UE4-Releases+4.7
[2015.04.25-15.49.08:196][  0]LogAnalytics: ET APIKey = Rocket.Release. DataRouterUploadURL = https://datarouter-public-service-gamedev.ol.epicgames.net/datarouter/api/v1/public/data. AppVersion = 4.7.6-2513093+++depot+UE4-Releases+4.7
[2015.04.25-15.49.08:197][  0]LogAnalytics: SetUserId 0293e48444163cfde8d972980fd566d2|d13178c4327547f4b81623395438f0bc|c0a7748a-5860-45c5-973b-d3828b400282
[2015.04.25-15.49.08:197][  0]LogAnalytics: AnalyticsET::StartSession [Rocket.Release]
[2015.04.25-15.49.08:271][  0]LogInit: Transaction tracking system initialized
[2015.04.25-15.49.08:482][  0]BlueprintLog: New page: Editor Load
[2015.04.25-15.49.08:522][  0]LogAssetRegistry: FAssetRegistry took 0.0100 seconds to start up
[2015.04.25-15.49.08:522][  0]LogDirectoryWatcher:Warning: Failed to begin reading directory changes for ../../../Engine/Plugins/Experimental/CharacterAI/Content/. Error: 0
[2015.04.25-15.49.09:169][  0]LogTargetPlatformManager:Display: Building Assets For Windows
[2015.04.25-15.49.09:577][  0]LogTargetPlatformManager:Display: Building Assets For Windows
[2015.04.25-15.49.09:906][  0]LogSlate:Warning: Failed to load font data from '../../../Engine/Content/Editor/Slate/Fonts/Roboto-Regular.ttf'
[2015.04.25-15.49.09:907][  0]LogSlate:Warning: Failed to load font data from '../../../Engine/Content/Editor/Slate/Fonts/Roboto-Bold.ttf'
[2015.04.25-15.49.09:962][  0]LogConsoleResponse:Display: 
[2015.04.25-15.49.10:151][  0]LogCook:Display: Done creating registry. It took  0.00s.
[2015.04.25-15.49.10:504][  0]SourceControl: Info Source control is disabled
[2015.04.25-15.49.10:504][  0]Cmd: MAP LOAD FILE="../../../../../../Users/Hinato/Documents/Unreal Projects/RevoX01/Content/RevoX/Maps/NewGameMap.umap" TEMPLATE=0 SHOWPROGRESS=1 FEATURELEVEL=3
[2015.04.25-15.49.10:572][  0]LightingResults: New page: Lighting Build
[2015.04.25-15.49.10:587][  0]MapCheck: New page: Map Check
[2015.04.25-15.49.10:587][  0]LightingResults: New page: Lighting Build
[2015.04.25-15.49.10:595][  0]LogParticles: Destroying 0 GPU particle simulations for FXSystem 0x000000001450C720
[2015.04.25-15.49.36:636][  0]LogEditorServer: Finished looking for orphan Actors (0.000 secs)
[2015.04.25-15.49.36:638][  0]LogAIModule: Creating AISystem for world NewGameMap
[2015.04.25-15.49.36:638][  0]Cmd: MAP CHECKDEP
[2015.04.25-15.49.36:638][  0]MapCheck: New page: NewGameMap - Apr 25, 2015, 7:49:36 PM
[2015.04.25-15.49.36:804][  0]MapCheck: Info Map check complete: 0 Error(s), 0 Warning(s), took 165.64ms to complete.
[2015.04.25-15.49.36:804][  0]LogFileHelpers: Loading map 'NewGameMap' took 26.300
[2015.04.25-15.49.36:984][  0]LogCollectionManager: Loaded 0 collections in 0.001999 seconds
[2015.04.25-15.49.37:001][  0]LogContentBrowser: Native class hierarchy populated in 0.0162 seconds. Added 1696 classes and 261 folders.
[2015.04.25-15.49.37:041][  0]LogContentBrowser: Native class hierarchy updated for 'SceneOutliner' in 0.0024 seconds. Added 1 classes and 2 folders.
[2015.04.25-15.49.37:175][  0]LogCrashTracker: Crashtracker disabled due to settings.
[2015.04.25-15.49.37:177][  0]LogSlate:Warning: Failed to load font data from 'Veranda'
[2015.04.25-15.49.37:180][  0]LogUObjectGlobals:Warning: Failed to find object 'Class None.'
[2015.04.25-15.49.37:216][  0]LogLoad: Full Startup: 48.36 seconds (BP compile: 9.74 seconds)
[2015.04.25-15.49.37:261][  0]LogContentBrowser:Verbose: The content browser source was changed by the sources view to '/Game/RevoX/Pawns'
[2015.04.25-15.49.37:419][  0]LogRenderer:Warning: Reallocating scene render targets to support 32x32 (Frame:2).
[2015.04.25-15.49.37:597][  0]LogRenderer:Warning: Reallocating scene render targets to support 1208x576 (Frame:7).
[2015.04.25-15.49.38:056][  8]LogAssetRegistry: Asset discovery search completed in 29.5450 seconds
[2015.04.25-15.49.56:733][709]LogContentBrowser:Verbose: The content browser source was changed by the sources view to '/Game/RevoX/Interactables'
[2015.04.25-15.50.11:652][ 19]LogContentBrowser:Verbose: The content browser source was changed by the sources view to '/Game/RevoX/Interactables'
[2015.04.25-15.50.18:135][638]LogContentBrowser:Verbose: The content browser source was changed by the sources view to '/Game/RevoX/Placeables'
[2015.04.25-15.50.18:787][638]LogMetaData: Removing '/Game/RevoX/Placeables/Chest_Start.Chest_Start_C' ref from Metadata '/Game/RevoX/Interactables/Chest_Start.PackageMetaData'
[2015.04.25-15.50.18:787][638]LogMetaData: Removing '/Game/RevoX/Placeables/Chest_Start.SKEL_Chest_Start_C' ref from Metadata '/Game/RevoX/Interactables/Chest_Start.PackageMetaData'
[2015.04.25-15.50.19:029][638]LogMetaData: Removing '/Game/RevoX/Placeables/Door.Door_C' ref from Metadata '/Game/RevoX/Interactables/Door.PackageMetaData'
[2015.04.25-15.50.19:029][638]LogMetaData: Removing '/Game/RevoX/Placeables/Door.SKEL_Door_C' ref from Metadata '/Game/RevoX/Interactables/Door.PackageMetaData'
[2015.04.25-15.50.19:157][638]Cmd: OBJ SAVEPACKAGE PACKAGE="/Game/RevoX/Placeables/Chest_Start" FILE="../../../../../../Users/Hinato/Documents/Unreal Projects/RevoX01/Content/RevoX/Placeables/Chest_Start.uasset" SILENT=true
[2015.04.25-15.50.19:609][638]LogSavePackage: Save=450.595184ms
[2015.04.25-15.50.19:609][638]LogSavePackage: Moving '../../../../../../Users/Hinato/Documents/Unreal Projects/RevoX01/Saved/Chest_Start2A235C254529EEB6D852B7A2DA146CC8.tmp' to '../../../../../../Users/Hinato/Documents/Unreal Projects/RevoX01/Content/RevoX/Placeables/Chest_Start.uasset'
[2015.04.25-15.50.19:624][638]Cmd: OBJ SAVEPACKAGE PACKAGE="/Game/RevoX/Interactables/Chest_Start" FILE="../../../../../../Users/Hinato/Documents/Unreal Projects/RevoX01/Content/RevoX/Interactables/Chest_Start.uasset" SILENT=true
[2015.04.25-15.50.19:727][638]LogSavePackage: Save=6.049712ms
[2015.04.25-15.50.19:727][638]LogSavePackage: Moving '../../../../../../Users/Hinato/Documents/Unreal Projects/RevoX01/Saved/Chest_Start5DBA4D52449780637D787BAD7BA9E6EA.tmp' to '../../../../../../Users/Hinato/Documents/Unreal Projects/RevoX01/Content/RevoX/Interactables/Chest_Start.uasset'
[2015.04.25-15.50.19:764][638]Cmd: OBJ SAVEPACKAGE PACKAGE="/Game/RevoX/Placeables/Door" FILE="../../../../../../Users/Hinato/Documents/Unreal Projects/RevoX01/Content/RevoX/Placeables/Door.uasset" SILENT=true
[2015.04.25-15.50.20:228][638]LogSavePackage: Save=462.622009ms
[2015.04.25-15.50.20:228][638]LogSavePackage: Moving '../../../../../../Users/Hinato/Documents/Unreal Projects/RevoX01/Saved/Door2FC6A112451B2EC9B500FE90B09BD3B4.tmp' to '../../../../../../Users/Hinato/Documents/Unreal Projects/RevoX01/Content/RevoX/Placeables/Door.uasset'
[2015.04.25-15.50.20:240][638]Cmd: OBJ SAVEPACKAGE PACKAGE="/Game/RevoX/Interactables/Door" FILE="../../../../../../Users/Hinato/Documents/Unreal Projects/RevoX01/Content/RevoX/Interactables/Door.uasset" SILENT=true
[2015.04.25-15.50.20:339][638]LogSavePackage: Save=5.730013ms
[2015.04.25-15.50.20:339][638]LogSavePackage: Moving '../../../../../../Users/Hinato/Documents/Unreal Projects/RevoX01/Saved/DoorE032F4024EEF1822CD9ABD9AFC0C3FBD.tmp' to '../../../../../../Users/Hinato/Documents/Unreal Projects/RevoX01/Content/RevoX/Interactables/Door.uasset'
[2015.04.25-15.50.32:539][425]LogContentBrowser:Verbose: The content browser source was changed by the sources view to '/Game/RevoX/Game'
[2015.04.25-15.50.33:169][456]LogContentBrowser:Verbose: The content browser source was changed by the sources view to '/Game/RevoX/Assets'
[2015.04.25-15.50.59:845][511]LogFactory: FactoryCreateBinary: StaticMesh with FbxFactory (0 0 ../../../../../../Users/Hinato/Downloads/Grim Bear top down dungeon building set - Volume 1/Grim Bear top down dungeon building set - Volume 1/torch.FBX)
[2015.04.25-15.50.59:974][511]LogFbx: ItemName: GlobalSettings, ItemCount : 1
[2015.04.25-15.50.59:974][511]LogFbx: ItemName: AnimationStack, ItemCount : 1
[2015.04.25-15.50.59:974][511]LogFbx: ItemName: AnimationLayer, ItemCount : 1
[2015.04.25-15.50.59:974][511]LogFbx: ItemName: Model, ItemCount : 1
[2015.04.25-15.50.59:974][511]LogFbx: ItemName: Geometry, ItemCount : 1
[2015.04.25-15.50.59:974][511]LogFbx: ItemName: Material, ItemCount : 1
[2015.04.25-15.50.59:974][511]LogFbx: ItemName: Texture, ItemCount : 3
[2015.04.25-15.50.59:974][511]LogFbx: ItemName: CollectionExclusive, ItemCount : 1
[2015.04.25-15.50.59:974][511]LogFbx: ItemName: Video, ItemCount : 3
[2015.04.25-15.51.02:359][511]LogFbx: Loading FBX Scene from ../../../../../../Users/Hinato/Downloads/Grim Bear top down dungeon building set - Volume 1/Grim Bear top down dungeon building set - Volume 1/torch.FBX
[2015.04.25-15.51.02:374][511]LogFbx: FBX Scene Loaded Succesfully
[2015.04.25-15.51.02:396][511]LogLinker:Warning: Can't find file '/Game/RevoX/Assets/Material__640'
[2015.04.25-15.51.02:407][511]LogLinker:Warning: Can't find file '/Game/RevoX/Assets/Material__640'
[2015.04.25-15.51.02:407][511]LogUObjectGlobals:Warning: Failed to find object 'MaterialInterface /Game/RevoX/Assets/Material__640.Material__640'
[2015.04.25-15.51.02:410][511]LogLinker:Warning: Can't find file '/Game/RevoX/Assets/torch_DIF'
[2015.04.25-15.51.02:410][511]LogLinker:Warning: Can't find file '/Game/RevoX/Assets/torch_DIF'
[2015.04.25-15.51.02:410][511]LogUObjectGlobals:Warning: Failed to find object 'Texture /Game/RevoX/Assets/torch_DIF.torch_DIF'
[2015.04.25-15.51.02:519][511]LogTexture:Display: Building textures: torch_DIF (AutoDXT)
[2015.04.25-15.51.02:590][511]LogLinker:Warning: Can't find file '/Game/RevoX/Assets/torch_NRM'
[2015.04.25-15.51.02:590][511]LogLinker:Warning: Can't find file '/Game/RevoX/Assets/torch_NRM'
[2015.04.25-15.51.02:590][511]LogUObjectGlobals:Warning: Failed to find object 'Texture /Game/RevoX/Assets/torch_NRM.torch_NRM'
[2015.04.25-15.51.02:604][511]LogTexture:Display: Building textures: torch_NRM (BC5)
[2015.04.25-15.51.02:641][511]LogMaterial: Missing cached shader map for material Material__640, compiling. 
[2015.04.25-15.51.02:971][511]LogFbx: == Initial material list:
[2015.04.25-15.51.02:971][511]LogFbx: 0: Material #640
[2015.04.25-15.51.02:971][511]LogFbx: == After sorting:
[2015.04.25-15.51.02:971][511]LogFbx: 0: Material #640
[2015.04.25-15.51.02:971][511]LogFbx: == Mapping table:
[2015.04.25-15.51.02:971][511]LogFbx:   sort 0 -> 0
[2015.04.25-15.51.03:098][511]LogStaticMesh: Building static mesh torch...
[2015.04.25-15.51.03:511][511]LogStaticMesh: Built static mesh [479.476227ms] /Game/RevoX/Assets/torch.torch
[2015.04.25-15.51.03:985][511]LogContentBrowser:Verbose: The content browser source was changed by the sources view to 'None'
[2015.04.25-15.51.03:986][511]LogContentBrowser:Verbose: The content browser source was changed by the sources view to '/Game/RevoX/Assets'
[2015.04.25-15.51.07:857][736]Cmd: OBJ SAVEPACKAGE PACKAGE="/Game/RevoX/Assets/Material__640" FILE="../../../../../../Users/Hinato/Documents/Unreal Projects/RevoX01/Content/RevoX/Assets/Material__640.uasset" SILENT=true
[2015.04.25-15.51.08:143][736]LogSavePackage: Save=284.227203ms
[2015.04.25-15.51.08:143][736]LogSavePackage: Moving '../../../../../../Users/Hinato/Documents/Unreal Projects/RevoX01/Saved/Material__6404FF0DEC84A6385560AC4DFB7CB768573.tmp' to '../../../../../../Users/Hinato/Documents/Unreal Projects/RevoX01/Content/RevoX/Assets/Material__640.uasset'
[2015.04.25-15.51.09:826][852]Cmd: OBJ SAVEPACKAGE PACKAGE="/Game/RevoX/Assets/torch" FILE="../../../../../../Users/Hinato/Documents/Unreal Projects/RevoX01/Content/RevoX/Assets/torch.uasset" SILENT=true
[2015.04.25-15.51.10:187][852]LogSavePackage: Save=359.255951ms
[2015.04.25-15.51.10:187][852]LogSavePackage: Moving '../../../../../../Users/Hinato/Documents/Unreal Projects/RevoX01/Saved/torch1927A5BD4ABF12E2235DD992DDD83C6A.tmp' to '../../../../../../Users/Hinato/Documents/Unreal Projects/RevoX01/Content/RevoX/Assets/torch.uasset'
[2015.04.25-15.51.11:835][985]Cmd: OBJ SAVEPACKAGE PACKAGE="/Game/RevoX/Assets/torch_DIF" FILE="../../../../../../Users/Hinato/Documents/Unreal Projects/RevoX01/Content/RevoX/Assets/torch_DIF.uasset" SILENT=true
[2015.04.25-15.51.11:942][985]LogSavePackage: Save=104.494919ms
[2015.04.25-15.51.11:942][985]LogSavePackage: Moving '../../../../../../Users/Hinato/Documents/Unreal Projects/RevoX01/Saved/torch_DIF3C58D501465B06CBCED859815A87BF69.tmp' to '../../../../../../Users/Hinato/Documents/Unreal Projects/RevoX01/Content/RevoX/Assets/torch_DIF.uasset'
[2015.04.25-15.51.14:271][187]Cmd: OBJ SAVEPACKAGE PACKAGE="/Game/RevoX/Assets/torch_NRM" FILE="../../../../../../Users/Hinato/Documents/Unreal Projects/RevoX01/Content/RevoX/Assets/torch_NRM.uasset" SILENT=true
[2015.04.25-15.51.14:417][187]LogSavePackage: Save=144.924713ms
[2015.04.25-15.51.14:417][187]LogSavePackage: Moving '../../../../../../Users/Hinato/Documents/Unreal Projects/RevoX01/Saved/torch_NRM4B5976B04597609276AAB5B291A91B16.tmp' to '../../../../../../Users/Hinato/Documents/Unreal Projects/RevoX01/Content/RevoX/Assets/torch_NRM.uasset'
[2015.04.25-15.51.20:594][531]LogContentBrowser:Verbose: The content browser source was changed by the sources view to '/Game/RevoX/Placeables'
[2015.04.25-15.51.26:452][847]LogContentBrowser:Verbose: The content browser source was changed by the sources view to '/Game/RevoX/Placeables'
[2015.04.25-15.51.46:046][883]LogRenderer:Warning: Reallocating scene render targets to support 1208x712 (Frame:10226).
[2015.04.25-15.51.47:862][ 43]BlueprintLog: New page: Compile Torch_fix
[2015.04.25-15.51.47:980][ 43]BlueprintEditorCompileResults: Info [0179.12] Compile of Torch_fix successful! [in 118 ms]
[2015.04.25-15.52.25:286][159]LogArray:Warning: Attempted to get an item from array CallFunc_GetAllActorsOfClass_OutActors out of bounds [0/0]!
[2015.04.25-15.52.25:286][159]LogArray:Warning: Attempted to get an item from array CallFunc_GetAllActorsOfClass_OutActors out of bounds [0/0]!
[2015.04.25-15.52.25:286][159]LogScript:Warning: Accessed None 'CallFunc_Array_Get_Item2'
	Door_C /Engine/Transient.World_5:PersistentLevel.Door_C_3
	Function /Game/RevoX/Tiles/Tile_Parent.Tile_Parent_C:UserConstructionScript:017B
[2015.04.25-15.52.25:287][159]LogArray:Warning: Attempted to get an item from array CallFunc_GetAllActorsOfClass_OutActors out of bounds [0/0]!
[2015.04.25-15.52.25:287][159]LogArray:Warning: Attempted to get an item from array CallFunc_GetAllActorsOfClass_OutActors out of bounds [0/0]!
[2015.04.25-15.52.25:287][159]LogScript:Warning: Accessed None 'CallFunc_Array_Get_Item2'
	Door_C /Engine/Transient.World_5:PersistentLevel.Door_C_3
	Function /Game/RevoX/Tiles/Tile_Parent.Tile_Parent_C:UserConstructionScript:017B
[2015.04.25-15.53.00:969][952]BlueprintLog: New page: Compile Torch_fix
[2015.04.25-15.53.01:063][952]LogParticles: Destroying 0 GPU particle simulations for FXSystem 0x000000001F1F8AE0
[2015.04.25-15.53.01:104][952]BlueprintEditorCompileResults: Info [0252.25] Compile of Torch_fix successful! [in 134 ms]
[2015.04.25-15.53.01:792][ 19]Cmd: OBJ SAVEPACKAGE PACKAGE="/Game/RevoX/Placeables/Torch_fix" FILE="../../../../../../Users/Hinato/Documents/Unreal Projects/RevoX01/Content/RevoX/Placeables/Torch_fix.uasset" SILENT=true
[2015.04.25-15.53.02:169][ 19]LogSavePackage: Save=375.578156ms
[2015.04.25-15.53.02:169][ 19]LogSavePackage: Moving '../../../../../../Users/Hinato/Documents/Unreal Projects/RevoX01/Saved/Torch_fix44BDCE6644E13E4B1CB1DE9655143AA9.tmp' to '../../../../../../Users/Hinato/Documents/Unreal Projects/RevoX01/Content/RevoX/Placeables/Torch_fix.uasset'
[2015.04.25-15.53.18:776][461]LogContentBrowser:Verbose: The content browser source was changed by the sources view to '/Game/StarterContent/Particles'
[2015.04.25-15.53.25:984][ 52]LogContentBrowser: Native class hierarchy updated for 'Cascade' in 0.0071 seconds. Added 2 classes and 2 folders.
[2015.04.25-15.53.26:059][ 52]LogPhysics:Warning: PHYSX: ..\..\PhysXExtensions\src\ExtRigidBodyExt.cpp (234) 4 : computeMassAndInertia: Dynamic actor with illegal collision shapes
[2015.04.25-15.53.26:059][ 52]LogPhysics:Warning: PHYSX: ..\..\PhysXExtensions\src\ExtRigidBodyExt.cpp (283) 4 : PxRigidBodyExt::updateMassAndInertia: Mass and inertia computation failed, setting mass to 1 and inertia to (1,1,1)
[2015.04.25-15.53.33:440][802]LogCascade: Quitting Cascade. FXSystem=0x000000001A183100
[2015.04.25-15.59.38:271][850]LogParticles: Destroying 0 GPU particle simulations for FXSystem 0x000000001A183100
[2015.04.25-15.59.38:718][850]LogSavePackage: Save=258.196320ms
[2015.04.25-15.59.38:718][850]LogSavePackage: Moving '../../../../../../Users/Hinato/Documents/Unreal Projects/RevoX01/Saved/NewGameMap_Auto1CD82D47E4DF692132C2386BA46CD27CF.tmp' to '../../../../../../Users/Hinato/Documents/Unreal Projects/RevoX01/Saved/Autosaves/Game/RevoX/Maps/NewGameMap_Auto1.umap'
[2015.04.25-15.59.38:730][850]LogFileHelpers: Editor autosave (incl. sublevels) for '/Game/RevoX/Maps/NewGameMap' took 0.494
[2015.04.25-15.59.38:730][850]LogFileHelpers: Editor autosave (incl. sublevels) for all levels took 0.494
[2015.04.25-16.11.30:583][156]BlueprintLog: New page: Compile Torch_fix
[2015.04.25-16.11.30:718][156]BlueprintEditorCompileResults: Info [1361.86] Compile of Torch_fix successful! [in 134 ms]
[2015.04.25-16.11.31:155][193]Cmd: OBJ SAVEPACKAGE PACKAGE="/Game/RevoX/Placeables/Torch_fix" FILE="../../../../../../Users/Hinato/Documents/Unreal Projects/RevoX01/Content/RevoX/Placeables/Torch_fix.uasset" SILENT=true
[2015.04.25-16.11.31:615][193]LogSavePackage: Save=380.739899ms
[2015.04.25-16.11.31:615][193]LogSavePackage: Moving '../../../../../../Users/Hinato/Documents/Unreal Projects/RevoX01/Saved/Torch_fixE93575E646B25379979694BA4E82A24F.tmp' to '../../../../../../Users/Hinato/Documents/Unreal Projects/RevoX01/Content/RevoX/Placeables/Torch_fix.uasset'
[2015.04.25-16.11.32:955][320]LogParticles: Destroying 0 GPU particle simulations for FXSystem 0x00000000228149A0
[2015.04.25-16.11.34:990][320]LogSavePackage: Save=253.134293ms
[2015.04.25-16.11.34:990][320]LogSavePackage: Moving '../../../../../../Users/Hinato/Documents/Unreal Projects/RevoX01/Saved/NewGameMap0F70240B4C7953CE5D1B059C93D25CA5.tmp' to '../../../../../../Users/Hinato/Documents/Unreal Projects/RevoX01/Content/RevoX/Maps/NewGameMap.umap'
[2015.04.25-16.11.35:054][320]LogFileHelpers: Saving map 'NewGameMap' took 0.689
[2015.04.25-16.11.35:821][321]Cmd: QUIT_EDITOR
[2015.04.25-16.11.36:521][321]LogExit: Preparing to exit.
[2015.04.25-16.11.37:041][321]LogExit: Editor shut down
[2015.04.25-16.11.37:042][321]LogExit: Transaction tracking system shut down
[2015.04.25-16.11.37:048][321]LogParticles: Destroying 0 GPU particle simulations for FXSystem 0x000000001C79CEA0
[2015.04.25-16.11.37:048][321]LogParticles: Destroying 0 GPU particle simulations for FXSystem 0x0000000016DA8720
[2015.04.25-16.11.37:049][321]LogParticles: Destroying 0 GPU particle simulations for FXSystem 0x000000002C92DC60
[2015.04.25-16.11.37:049][321]LogParticles: Destroying 0 GPU particle simulations for FXSystem 0x00000000209E99E0
[2015.04.25-16.11.37:049][321]LogParticles: Destroying 0 GPU particle simulations for FXSystem 0x000000002093CFE0
[2015.04.25-16.11.37:174][321]LogExit: Object subsystem successfully closed.
[2015.04.25-16.11.37:263][321]LogModuleManager: Shutting down and abandoning module DistCurveEditor (179)
[2015.04.25-16.11.37:263][321]LogModuleManager: Shutting down and abandoning module Cascade (178)
[2015.04.25-16.11.37:264][321]LogModuleManager: Shutting down and abandoning module CrashTracker (177)
[2015.04.25-16.11.37:264][321]LogModuleManager: Shutting down and abandoning module SuperSearch (176)
[2015.04.25-16.11.37:264][321]LogModuleManager: Shutting down and abandoning module SceneOutliner (175)
[2015.04.25-16.11.37:264][321]LogModuleManager: Shutting down and abandoning module EditorWidgets (174)
[2015.04.25-16.11.37:264][321]LogModuleManager: Shutting down and abandoning module CollectionManager (173)
[2015.04.25-16.11.37:264][321]LogModuleManager: Shutting down and abandoning module StatsViewer (172)
[2015.04.25-16.11.37:264][321]LogModuleManager: Shutting down and abandoning module FoliageEdit (171)
[2015.04.25-16.11.37:264][321]LogModuleManager: Shutting down and abandoning module LandscapeEditor (170)
[2015.04.25-16.11.37:264][321]LogModuleManager: Shutting down and abandoning module MeshPaint (169)
[2015.04.25-16.11.37:264][321]LogModuleManager: Shutting down and abandoning module ActorPickerMode (168)
[2015.04.25-16.11.37:264][321]LogModuleManager: Shutting down and abandoning module GeometryMode (167)
[2015.04.25-16.11.37:264][321]LogModuleManager: Shutting down and abandoning module TextureAlignMode (166)
[2015.04.25-16.11.37:264][321]LogModuleManager: Shutting down and abandoning module BspMode (165)
[2015.04.25-16.11.37:264][321]LogModuleManager: Shutting down and abandoning module PlacementMode (164)
[2015.04.25-16.11.37:264][321]LogModuleManager: Shutting down and abandoning module AutomationWorker (163)
[2015.04.25-16.11.37:264][321]LogModuleManager: Shutting down and abandoning module CharacterAI (162)
[2015.04.25-16.11.37:264][321]LogModuleManager: Shutting down and abandoning module SmartSnapping (161)
[2015.04.25-16.11.37:264][321]LogModuleManager: Shutting down and abandoning module ViewportSnapping (160)
[2015.04.25-16.11.37:264][321]LogModuleManager: Shutting down and abandoning module LogVisualizer (159)
[2015.04.25-16.11.37:264][321]LogModuleManager: Shutting down and abandoning module GameProjectGeneration (158)
[2015.04.25-16.11.37:264][321]LogModuleManager: Shutting down and abandoning module IntroTutorials (157)
[2015.04.25-16.11.37:264][321]LogModuleManager: Shutting down and abandoning module EditorLiveStreaming (156)
[2015.04.25-16.11.37:264][321]LogModuleManager: Shutting down and abandoning module HardwareTargeting (155)
[2015.04.25-16.11.37:264][321]LogModuleManager: Shutting down and abandoning module DeviceProfileEditor (154)
[2015.04.25-16.11.37:264][321]LogModuleManager: Shutting down and abandoning module UndoHistory (153)
[2015.04.25-16.11.37:264][321]LogModuleManager: Shutting down and abandoning module GameplayTagsEditor (152)
[2015.04.25-16.11.37:264][321]LogModuleManager: Shutting down and abandoning module UserFeedback (151)
[2015.04.25-16.11.37:264][321]LogModuleManager: Shutting down and abandoning module XmlParser (150)
[2015.04.25-16.11.37:265][321]LogModuleManager: Shutting down and abandoning module Blutility (149)
[2015.04.25-16.11.37:265][321]LogModuleManager: Shutting down and abandoning module IOSPlatformEditor (148)
[2015.04.25-16.11.37:265][321]LogModuleManager: Shutting down and abandoning module IOSRuntimeSettings (147)
[2015.04.25-16.11.37:265][321]LogModuleManager: Shutting down and abandoning module AndroidDeviceDetection (146)
[2015.04.25-16.11.37:752][321]LogModuleManager: Shutting down and abandoning module AndroidPlatformEditor (145)
[2015.04.25-16.11.37:752][321]LogModuleManager: Shutting down and abandoning module AndroidRuntimeSettings (144)
[2015.04.25-16.11.37:752][321]LogModuleManager: Shutting down and abandoning module ProjectTargetPlatformEditor (143)
[2015.04.25-16.11.37:752][321]LogModuleManager: Shutting down and abandoning module ProjectSettingsViewer (142)
[2015.04.25-16.11.37:752][321]LogModuleManager: Shutting down and abandoning module InputBindingEditor (141)
[2015.04.25-16.11.37:752][321]LogModuleManager: Shutting down and abandoning module EditorSettingsViewer (140)
[2015.04.25-16.11.37:752][321]LogModuleManager: Shutting down and abandoning module SettingsEditor (139)
[2015.04.25-16.11.37:752][321]LogModuleManager: Shutting down and abandoning module ProjectLauncher (138)
[2015.04.25-16.11.37:752][321]LogModuleManager: Shutting down and abandoning module SessionFrontend (137)
[2015.04.25-16.11.37:752][321]LogModuleManager: Shutting down and abandoning module ProfilerClient (136)
[2015.04.25-16.11.37:752][321]LogModuleManager: Shutting down and abandoning module TargetDeviceServices (135)
[2015.04.25-16.11.37:752][321]LogModuleManager: Shutting down and abandoning module DeviceManager (134)
[2015.04.25-16.11.37:752][321]LogModuleManager: Shutting down and abandoning module AutomationController (133)
[2015.04.25-16.11.37:752][321]LogModuleManager: Shutting down and abandoning module AutomationWindow (132)
[2015.04.25-16.11.37:752][321]LogModuleManager: Shutting down and abandoning module Layers (131)
[2015.04.25-16.11.37:752][321]LogModuleManager: Shutting down and abandoning module ComponentVisualizers (130)
[2015.04.25-16.11.37:752][321]LogModuleManager: Shutting down and abandoning module DetailCustomizations (129)
[2015.04.25-16.11.37:752][321]LogModuleManager: Shutting down and abandoning module PackagesDialog (128)
[2015.04.25-16.11.37:753][321]LogModuleManager: Shutting down and abandoning module AssetRegistry (127)
[2015.04.25-16.11.37:895][321]LogModuleManager: Shutting down and abandoning module Persona (126)
[2015.04.25-16.11.37:900][321]LogModuleManager: Shutting down and abandoning module SlateReflector (125)
[2015.04.25-16.11.37:900][321]LogModuleManager: Shutting down and abandoning module LevelEditor (124)
[2015.04.25-16.11.37:901][321]LogModuleManager: Shutting down and abandoning module Kismet (123)
[2015.04.25-16.11.37:901][321]LogModuleManager: Shutting down and abandoning module GraphEditor (122)
[2015.04.25-16.11.37:901][321]LogModuleManager: Shutting down and abandoning module ClassViewer (121)
[2015.04.25-16.11.37:901][321]LogModuleManager: Shutting down and abandoning module Toolbox (120)
[2015.04.25-16.11.37:901][321]LogModuleManager: Shutting down and abandoning module ModuleUI (119)
[2015.04.25-16.11.37:901][321]LogModuleManager: Shutting down and abandoning module MovieSceneTools (118)
[2015.04.25-16.11.37:901][321]LogModuleManager: Shutting down and abandoning module OutputLog (117)
[2015.04.25-16.11.37:901][321]LogModuleManager: Shutting down and abandoning module GammaUI (116)
[2015.04.25-16.11.37:901][321]LogModuleManager: Shutting down and abandoning module Documentation (115)
[2015.04.25-16.11.37:901][321]LogModuleManager: Shutting down and abandoning module GameLiveStreaming (114)
[2015.04.25-16.11.37:901][321]LogModuleManager: Shutting down and abandoning module StreamingPauseRendering (113)
[2015.04.25-16.11.37:901][321]LogModuleManager: Shutting down and abandoning module HTTP (112)
[2015.04.25-16.11.37:901][321]LogModuleManager: Shutting down and abandoning module AnalyticsET (111)
[2015.04.25-16.11.37:901][321]LogModuleManager: Shutting down and abandoning module Analytics (110)
[2015.04.25-16.11.37:901][321]LogModuleManager: Shutting down and abandoning module AITestSuite (109)
[2015.04.25-16.11.37:901][321]LogModuleManager: Shutting down and abandoning module GameplayDebugger (108)
[2015.04.25-16.11.37:901][321]LogModuleManager: Shutting down and abandoning module AIModule (107)
[2015.04.25-16.11.37:901][321]LogModuleManager: Shutting down and abandoning module ProfilerService (106)
[2015.04.25-16.11.38:014][321]LogModuleManager: Shutting down and abandoning module TaskGraph (105)
[2015.04.25-16.11.38:014][321]LogModuleManager: Shutting down and abandoning module SlateRemote (104)
[2015.04.25-16.11.38:014][321]LogModuleManager: Shutting down and abandoning module ScriptEditorPlugin (103)
[2015.04.25-16.11.38:014][321]LogModuleManager: Shutting down and abandoning module CustomMeshComponent (102)
[2015.04.25-16.11.38:014][321]LogModuleManager: Shutting down and abandoning module CableComponent (101)
[2015.04.25-16.11.38:014][321]LogModuleManager: Shutting down and abandoning module MessagingDebugger (100)
[2015.04.25-16.11.38:014][321]LogModuleManager: Shutting down and abandoning module MediaPlayerEditor (99)
[2015.04.25-16.11.38:014][321]LogModuleManager: Shutting down and abandoning module SpeedTreeImporter (98)
[2015.04.25-16.11.38:014][321]LogModuleManager: Shutting down and abandoning module PluginsEditor (97)
[2015.04.25-16.11.38:014][321]LogModuleManager: Shutting down and abandoning module MainFrame (96)
[2015.04.25-16.11.38:014][321]LogModuleManager: Shutting down and abandoning module EpicSurvey (95)
[2015.04.25-16.11.38:021][321]LogModuleManager: Shutting down and abandoning module DesktopPlatform (94)
[2015.04.25-16.11.38:021][321]LogModuleManager: Shutting down and abandoning module DirectoryWatcher (93)
[2015.04.25-16.11.38:021][321]LogModuleManager: Shutting down and abandoning module HotReload (92)
[2015.04.25-16.11.38:021][321]LogModuleManager: Shutting down and abandoning module VisualStudioSourceCodeAccess (91)
[2015.04.25-16.11.38:022][321]LogModuleManager: Shutting down and abandoning module UObjectPlugin (90)
[2015.04.25-16.11.38:022][321]LogModuleManager: Shutting down and abandoning module SubversionSourceControl (89)
[2015.04.25-16.11.38:022][321]LogModuleManager: Shutting down and abandoning module PerforceSourceControl (88)
[2015.04.25-16.11.38:022][321]LogModuleManager: Shutting down and abandoning module SourceControl (87)
[2015.04.25-16.11.38:022][321]LogModuleManager: Shutting down and abandoning module GitSourceControl (86)
[2015.04.25-16.11.38:022][321]LogModuleManager: Shutting down and abandoning module BlankPlugin (85)
[2015.04.25-16.11.38:022][321]LogModuleManager: Shutting down and abandoning module PaperTiledImporter (84)
[2015.04.25-16.11.38:022][321]LogModuleManager: Shutting down and abandoning module PaperJsonImporter (83)
[2015.04.25-16.11.38:022][321]LogModuleManager: Shutting down and abandoning module ContentBrowser (82)
[2015.04.25-16.11.38:022][321]LogModuleManager: Shutting down and abandoning module Paper2DEditor (81)
[2015.04.25-16.11.38:031][321]LogModuleManager: Shutting down and abandoning module ScriptPlugin (80)
[2015.04.25-16.11.38:031][321]LogModuleManager: Shutting down and abandoning module UdpMessaging (79)
[2015.04.25-16.11.38:131][321]LogModuleManager: Shutting down and abandoning module Paper2D (78)
[2015.04.25-16.11.38:131][321]LogModuleManager: Shutting down and abandoning module WindowsMoviePlayer (77)
[2015.04.25-16.11.38:135][321]LogModuleManager: Shutting down and abandoning module Media (76)
[2015.04.25-16.11.38:135][321]LogModuleManager: Shutting down and abandoning module WmfMedia (75)
[2015.04.25-16.11.38:343][321]LogModuleManager: Shutting down and abandoning module OnlineBlueprintSupport (74)
[2015.04.25-16.11.38:343][321]LogModuleManager: Shutting down and abandoning module PropertyEditor (73)
[2015.04.25-16.11.38:343][321]LogModuleManager: Shutting down and abandoning module BehaviorTreeEditor (72)
[2015.04.25-16.11.38:343][321]LogModuleManager: Shutting down and abandoning module FunctionalTesting (71)
[2015.04.25-16.11.38:343][321]LogModuleManager: Shutting down and abandoning module CollisionAnalyzer (70)
[2015.04.25-16.11.38:343][321]LogModuleManager: Shutting down and abandoning module WorkspaceMenuStructure (69)
[2015.04.25-16.11.38:343][321]LogModuleManager: Shutting down and abandoning module MessageLog (68)
[2015.04.25-16.11.38:343][321]LogModuleManager: Shutting down and abandoning module Sequencer (67)
[2015.04.25-16.11.38:343][321]LogModuleManager: Shutting down and abandoning module AssetTools (66)
[2015.04.25-16.11.38:343][321]LogModuleManager: Shutting down and abandoning module UMGEditor (65)
[2015.04.25-16.11.38:343][321]LogModuleManager: Shutting down and abandoning module UMG (64)
[2015.04.25-16.11.38:343][321]LogModuleManager: Shutting down and abandoning module Slate (63)
[2015.04.25-16.11.38:343][321]LogModuleManager: Shutting down and abandoning module EditorStyle (62)
[2015.04.25-16.11.38:348][321]LogModuleManager: Shutting down and abandoning module SessionServices (61)
[2015.04.25-16.11.38:348][321]LogModuleManager: Shutting down and abandoning module SourceCodeAccess (60)
[2015.04.25-16.11.38:348][321]LogModuleManager: Shutting down and abandoning module HeadMountedDisplay (59)
[2015.04.25-16.11.38:348][321]LogModuleManager: Shutting down and abandoning module XAudio2 (58)
[2015.04.25-16.11.38:348][321]LogModuleManager: Shutting down and abandoning module Networking (56)
[2015.04.25-16.11.38:348][321]LogModuleManager: Shutting down and abandoning module Core (55)
[2015.04.25-16.11.38:348][321]LogModuleManager: Shutting down and abandoning module KismetCompiler (54)
[2015.04.25-16.11.38:348][321]LogModuleManager: Shutting down and abandoning module PhysXFormats (53)
[2015.04.25-16.11.38:348][321]LogModuleManager: Shutting down and abandoning module MeshUtilities (52)
[2015.04.25-16.11.38:348][321]LogModuleManager: Shutting down and abandoning module DerivedDataCache (51)
[2015.04.25-16.11.38:432][321]LogDerivedDataCache: Shutdown
[2015.04.25-16.11.38:432][321]LogModuleManager: Shutting down and abandoning module ShaderFormatOpenGL (50)
[2015.04.25-16.11.38:432][321]LogModuleManager: Shutting down and abandoning module ShaderFormatD3D (49)
[2015.04.25-16.11.38:432][321]LogModuleManager: Shutting down and abandoning module MetalShaderFormat (48)
[2015.04.25-16.11.38:432][321]LogModuleManager: Shutting down and abandoning module TextureFormatUncompressed (47)
[2015.04.25-16.11.38:432][321]LogModuleManager: Shutting down and abandoning module TextureFormatPVR (46)
[2015.04.25-16.11.38:432][321]LogModuleManager: Shutting down and abandoning module TextureFormatIntelISPCTexComp (45)
[2015.04.25-16.11.38:432][321]LogModuleManager: Shutting down and abandoning module TextureFormatDXT (44)
[2015.04.25-16.11.38:432][321]LogModuleManager: Shutting down and abandoning module ImageWrapper (43)
[2015.04.25-16.11.38:432][321]LogModuleManager: Shutting down and abandoning module TextureFormatASTC (42)
[2015.04.25-16.11.38:432][321]LogModuleManager: Shutting down and abandoning module TextureFormatAndroid (41)
[2015.04.25-16.11.38:432][321]LogModuleManager: Shutting down and abandoning module AudioFormatOpus (40)
[2015.04.25-16.11.38:432][321]LogModuleManager: Shutting down and abandoning module AudioFormatOgg (39)
[2015.04.25-16.11.38:432][321]LogModuleManager: Shutting down and abandoning module AudioFormatADPCM (38)
[2015.04.25-16.11.38:432][321]LogModuleManager: Shutting down and abandoning module LinuxTargetPlatform (37)
[2015.04.25-16.11.38:432][321]LogModuleManager: Shutting down and abandoning module LinuxServerTargetPlatform (36)
[2015.04.25-16.11.38:432][321]LogModuleManager: Shutting down and abandoning module LinuxNoEditorTargetPlatform (35)
[2015.04.25-16.11.38:432][321]LogModuleManager: Shutting down and abandoning module Messaging (34)
[2015.04.25-16.11.38:432][321]LogModuleManager: Shutting down and abandoning module IOSTargetPlatform (33)
[2015.04.25-16.11.38:432][321]LogModuleManager: Shutting down and abandoning module HTML5TargetPlatform (32)
[2015.04.25-16.11.38:432][321]LogModuleManager: Shutting down and abandoning module Android_PVRTCTargetPlatform (31)
[2015.04.25-16.11.38:432][321]LogModuleManager: Shutting down and abandoning module Android_ETC2TargetPlatform (30)
[2015.04.25-16.11.38:432][321]LogModuleManager: Shutting down and abandoning module Android_ETC1TargetPlatform (29)
[2015.04.25-16.11.38:432][321]LogModuleManager: Shutting down and abandoning module Android_ES31TargetPlatform (28)
[2015.04.25-16.11.38:432][321]LogModuleManager: Shutting down and abandoning module Android_DXTTargetPlatform (27)
[2015.04.25-16.11.38:432][321]LogModuleManager: Shutting down and abandoning module Android_ATCTargetPlatform (26)
[2015.04.25-16.11.38:432][321]LogModuleManager: Shutting down and abandoning module AndroidTargetPlatform (25)
[2015.04.25-16.11.38:432][321]LogModuleManager: Shutting down and abandoning module WindowsTargetPlatform (24)
[2015.04.25-16.11.38:432][321]LogModuleManager: Shutting down and abandoning module WindowsServerTargetPlatform (23)
[2015.04.25-16.11.38:432][321]LogModuleManager: Shutting down and abandoning module WindowsNoEditorTargetPlatform (22)
[2015.04.25-16.11.38:432][321]LogModuleManager: Shutting down and abandoning module WindowsClientTargetPlatform (21)
[2015.04.25-16.11.38:432][321]LogModuleManager: Shutting down and abandoning module TargetPlatform (20)
[2015.04.25-16.11.38:432][321]LogModuleManager: Shutting down and abandoning module InputCore (19)
[2015.04.25-16.11.38:432][321]LogModuleManager: Shutting down and abandoning module Settings (18)
[2015.04.25-16.11.38:432][321]LogModuleManager: Shutting down and abandoning module OnlineSubsystem (16)
[2015.04.25-16.11.38:432][321]LogModuleManager: Shutting down and abandoning module OculusRift (15)
[2015.04.25-16.11.38:432][321]LogModuleManager: Shutting down and abandoning module ExampleDeviceProfileSelector (14)
[2015.04.25-16.11.38:432][321]LogModuleManager: Shutting down and abandoning module TextureCompressor (13)
[2015.04.25-16.11.38:432][321]LogModuleManager: Shutting down and abandoning module ShaderCore (12)
[2015.04.25-16.11.38:432][321]LogModuleManager: Shutting down and abandoning module Landscape (11)
[2015.04.25-16.11.38:432][321]LogModuleManager: Shutting down and abandoning module SlateRHIRenderer (10)
[2015.04.25-16.11.38:436][321]LogModuleManager: Shutting down and abandoning module OpenGLDrv (9)
[2015.04.25-16.11.38:436][321]LogModuleManager: Shutting down and abandoning module D3D11RHI (8)
[2015.04.25-16.11.38:436][321]LogModuleManager: Shutting down and abandoning module Renderer (7)
[2015.04.25-16.11.38:436][321]LogModuleManager: Shutting down and abandoning module Engine (6)
[2015.04.25-16.11.38:436][321]LogModuleManager: Shutting down and abandoning module CoreUObject (5)
[2015.04.25-16.11.38:436][321]LogModuleManager: Shutting down and abandoning module NetworkFile (4)
[2015.04.25-16.11.38:436][321]LogModuleManager: Shutting down and abandoning module StreamingFile (3)
[2015.04.25-16.11.38:436][321]LogModuleManager: Shutting down and abandoning module SandboxFile (2)
[2015.04.25-16.11.38:436][321]LogModuleManager: Shutting down and abandoning module PakFile (1)
[2015.04.25-16.11.38:436][321]LogExit: Exiting.
[2015.04.25-16.11.38:467][321]Log file closed, 04/25/15 18:11:38
