Log file open, 04/24/15 21:47:49
LogInit:Display: Running engine without a game
LogInit:Display: Loading recent project file: ../../../../../../Users/Hinato/Documents/Unreal Projects/RevoX01/RevoX01.uproject
LogInit: Version: 4.7.6-2513093+++depot+UE4-Releases+4.7
LogInit: API Version: 2455222
LogInit: Compiled (64-bit): Apr 15 2015 12:09:54
LogInit: Compiled with Visual C++: 18.00.21005.01
LogInit: Build Configuration: Development
LogInit: Branch Name: ++depot+UE4-Releases+4.7
LogInit: Command line: 
LogInit: Base directory: C:/Program Files/Epic Games/4.7/Engine/Binaries/Win64/
LogInit: Rocket: 1
[2015.04.24-19.47.50:215][  0]LogTaskGraph: Started task graph with 3 named threads and 6 total threads.
[2015.04.24-19.47.50:277][  0]LogOnline:Warning: No default platform service specified for OnlineSubsystem
[2015.04.24-19.47.50:424][  0]LogInit: Presizing for 0 objects not considered by GC, pre-allocating 0 bytes.
[2015.04.24-19.47.50:818][  0]LogInit: Object subsystem initialized
[2015.04.24-19.47.51:536][  0]LogConsoleResponse:Warning: Skipping Unknown console variable: 'UIScaleRule = ShortestSide'
[2015.04.24-19.47.51:536][  0]LogConsoleResponse:Warning:   Found in ini file 'C:/Users/Hinato/Documents/Unreal Projects/RevoX01/Saved/Config/Windows/Engine.ini', in section '[/Script/Engine.RendererSettings]'
[2015.04.24-19.47.51:536][  0]LogConsoleResponse:Warning: Skipping Unknown console variable: 'UIScaleCurve = (EditorCurveData=(Keys=),ExternalCurve=None)'
[2015.04.24-19.47.51:536][  0]LogConsoleResponse:Warning:   Found in ini file 'C:/Users/Hinato/Documents/Unreal Projects/RevoX01/Saved/Config/Windows/Engine.ini', in section '[/Script/Engine.RendererSettings]'
[2015.04.24-19.47.51:836][  0]LogConsoleManager:Warning: Console variable 'r.MSAA.CompositingSampleCount' wasn't set (Priority ProjectSetting < Scalability)
[2015.04.24-19.47.51:907][  0]LogInit: Selected Device Profile: [Windows]
[2015.04.24-19.47.51:938][  0]LogInit: Applying CVar settings loaded from the selected device profile: [Windows]
[2015.04.24-19.47.52:138][  0]LogInit: Computer: P02
[2015.04.24-19.47.52:138][  0]LogInit: User: Hinato
[2015.04.24-19.47.52:138][  0]LogInit: CPU Page size=4096, Cores=4
[2015.04.24-19.47.52:138][  0]LogInit: High frequency timer resolution =2.727578 MHz
[2015.04.24-19.47.52:138][  0]LogMemory: Memory total: Physical=4.0GB (4GB approx) Virtual=8192.0GB
[2015.04.24-19.47.52:138][  0]LogMemory: Platform Memory Stats for Windows
[2015.04.24-19.47.52:138][  0]LogMemory: Process Physical Memory: 47.95 MB used, 47.95 MB peak
[2015.04.24-19.47.52:138][  0]LogMemory: Process Virtual Memory: 24.28 MB used, 25.72 MB peak
[2015.04.24-19.47.52:138][  0]LogMemory: Physical Memory: 2309.45 MB used, 4087.11 MB total
[2015.04.24-19.47.52:138][  0]LogMemory: Virtual Memory: 277.81 MB used, 8388608.00 MB total
[2015.04.24-19.47.52:934][  0]LogD3D11RHI: Found D3D11 adapter 0: NVIDIA GeForce GTX 560 Ti   (Feature Level 11_0)
[2015.04.24-19.47.52:935][  0]LogD3D11RHI: Adapter has 1998MB of dedicated video memory, 0MB of dedicated system memory, and 1787MB of shared system memory, 1 output[s]
[2015.04.24-19.47.52:935][  0]LogD3D11RHI: Chosen D3D11 Adapter Id = 0
[2015.04.24-19.47.53:004][  0]LogRHI: Texture pool is 1361 MB (70% of 1945 MB)
[2015.04.24-19.47.53:027][  0]LogD3D11RHI: Async texture creation enabled
[2015.04.24-19.48.00:935][  0]LogTextLocalizationManager: The requested culture ('de_DE') has no localization data; falling back to 'en' for localization and internationalization data.
[2015.04.24-19.48.01:145][  0]LogTextLocalizationManager:Warning: Loading localization resources contain conflicting entries for (Namespace:UICommands, Key:Save_ToolTip):
Resource: (C:/Program Files/Epic Games/4.7/Engine/Content/Localization/Editor/en/Editor.locres) Hash: (-29098895) String: (Saves the current level to disk)
Resource: (C:/Program Files/Epic Games/4.7/Engine/Content/Localization/Engine/en/Engine.locres) Hash: (-1280300587) String: (Save selected data to vlog file)
[2015.04.24-19.48.01:145][  0]LogTextLocalizationManager:Warning: Loading localization resources contain conflicting entries for (Namespace:ContentBrowser, Key:ImportAssetToolTip):
Resource: (C:/Program Files/Epic Games/4.7/Engine/Content/Localization/Editor/en/Editor.locres) Hash: (-630476809) String: (Import to {0}...)
Resource: (C:/Program Files/Epic Games/4.7/Engine/Content/Localization/Editor/en/Editor.locres) Hash: (1271782899) String: (Imports an asset from file to this folder.)
[2015.04.24-19.48.01:268][  0]LogContentStreaming: Texture pool size is 0.000000MB
[2015.04.24-19.48.08:567][  0]LogTargetPlatformManager:Display: Building Assets For Windows
[2015.04.24-19.48.09:518][  0]LogTargetPlatformManager:Display: Building Assets For Windows
[2015.04.24-19.48.09:655][  0]LogDerivedDataCache:Display: Max Cache Size: 512 MB
[2015.04.24-19.48.10:231][  0]LogDerivedDataCache: Loaded boot cache 0.56s 39MB C:/Users/Hinato/AppData/Local/UnrealEngine/4.7/DerivedDataCache/Boot.ddc.
[2015.04.24-19.48.10:231][  0]LogDerivedDataCache:Display: Loaded Boot cache: C:/Users/Hinato/AppData/Local/UnrealEngine/4.7/DerivedDataCache/Boot.ddc
[2015.04.24-19.48.10:231][  0]LogDerivedDataCache: FDerivedDataBackendGraph:  Pak pak cache file ../../../../../../Users/Hinato/Documents/Unreal Projects/RevoX01/DerivedDataCache/DDC.ddp not found, will not use a pak cache.
[2015.04.24-19.48.10:231][  0]LogDerivedDataCache: Unable to find inner node Pak for hierarchical cache Hierarchy.
[2015.04.24-19.48.10:437][  0]LogDerivedDataCache:Display: Pak cache opened for reading ../../../Engine/DerivedDataCache/Compressed.ddp.
[2015.04.24-19.48.10:454][  0]LogDerivedDataCache: Using Local data cache path C:/Users/Hinato/AppData/Local/UnrealEngine/Common/DerivedDataCache: Writable
[2015.04.24-19.48.15:819][  0]LogMeshUtilities: No automatic mesh reduction module available
[2015.04.24-19.48.15:819][  0]LogMeshUtilities: No automatic mesh merging module available
[2015.04.24-19.48.18:492][  0]LogInit: WinSock: version 1.1 (2.2), MaxSocks=32767, MaxUdp=65467
[2015.04.24-19.48.18:912][  0]LogSlate:Warning: Failed to load font data from '../../../Engine/Content/Slate/Fonts/Roboto-Italic.ttf'
[2015.04.24-19.48.58:889][  0]UdpMessaging: Initializing bridge on interface 0.0.0.0:0 to multicast group 230.0.0.1:6666.
[2015.04.24-19.49.03:775][  0]SourceControl: Info Source control is disabled
[2015.04.24-19.49.03:798][  0]SourceControl: Info Source control is disabled
[2015.04.24-19.49.03:798][  0]SourceControl: Info Source control is disabled
[2015.04.24-19.49.03:798][  0]LogSourceControl: RunCommandInternalRaw: 'git version'
[2015.04.24-19.49.03:798][  0]LogSourceControl: RunCommandInternalRaw: ExecProcess ReturnCode=2 OutResults=''
[2015.04.24-19.49.03:826][  0]SourceControl: Info Source control is disabled
[2015.04.24-19.49.09:205][  0]LogObj: 24232 objects as part of root set at end of initial load.
[2015.04.24-19.49.09:205][  0]LogUObjectAllocator: 5137176 out of 0 bytes used by permanent object pool.
[2015.04.24-19.49.11:133][  0]LogAutomationTest:Warning: Smoke tests took > 1s to run: 1.20s
[2015.04.24-19.49.11:379][  0]LogEngine: Initializing Engine...
[2015.04.24-19.49.17:242][  0]LogInit: XAudio2 using 'Lautsprecher (Realtek High Definition Audio)' : 2 channels at 48 kHz using 32 bits per sample (channel mask 0x3)
[2015.04.24-19.49.17:337][  0]LogInit: FAudioDevice initialized.
[2015.04.24-19.49.19:790][  0]LogAIModule: Creating AISystem for world NewWorld
[2015.04.24-19.49.20:765][  0]LogDerivedDataCache: Saved boot cache 0.03s 39MB C:/Users/Hinato/AppData/Local/UnrealEngine/4.7/DerivedDataCache/Boot.ddc.
[2015.04.24-19.49.20:771][  0]LogInit: Texture streaming: Enabled
[2015.04.24-19.49.23:056][  0]LogAnalytics: Creating configured Analytics provider AnalyticsET
[2015.04.24-19.49.23:056][  0]LogAnalytics: ET APIKey = Rocket.Release. APIServer = http://et2.epicgames.com/ET2/. AppVersion = 4.7.6-2513093+++depot+UE4-Releases+4.7
[2015.04.24-19.49.23:056][  0]LogAnalytics: ET APIKey = Rocket.Release. DataRouterUploadURL = https://datarouter-public-service-gamedev.ol.epicgames.net/datarouter/api/v1/public/data. AppVersion = 4.7.6-2513093+++depot+UE4-Releases+4.7
[2015.04.24-19.49.23:057][  0]LogAnalytics: SetUserId 0293e48444163cfde8d972980fd566d2|d13178c4327547f4b81623395438f0bc|c0a7748a-5860-45c5-973b-d3828b400282
[2015.04.24-19.49.23:119][  0]LogAnalytics: AnalyticsET::StartSession [Rocket.Release]
[2015.04.24-19.49.23:513][  0]LogInit: Transaction tracking system initialized
[2015.04.24-19.49.27:300][  0]BlueprintLog: New page: Editor Load
[2015.04.24-19.49.27:964][  0]LogAssetRegistry: FAssetRegistry took 0.0286 seconds to start up
[2015.04.24-19.49.27:965][  0]LogDirectoryWatcher:Warning: Failed to begin reading directory changes for ../../../Engine/Plugins/Experimental/CharacterAI/Content/. Error: 0
[2015.04.24-19.49.34:788][  0]LogTargetPlatformManager:Display: Building Assets For Windows
[2015.04.24-19.49.35:229][  0]LogTargetPlatformManager:Display: Building Assets For Windows
[2015.04.24-19.49.40:118][  0]LogSlate:Warning: Failed to load font data from '../../../Engine/Content/Editor/Slate/Fonts/Roboto-Regular.ttf'
[2015.04.24-19.49.40:120][  0]LogSlate:Warning: Failed to load font data from '../../../Engine/Content/Editor/Slate/Fonts/Roboto-Bold.ttf'
[2015.04.24-19.49.40:552][  0]LogConsoleResponse:Display: 
[2015.04.24-19.49.55:558][  0]LogCook:Display: Done creating registry. It took  0.00s.
[2015.04.24-19.50.00:998][  0]SourceControl: Info Source control is disabled
[2015.04.24-19.50.01:161][  0]Cmd: MAP LOAD FILE="../../../../../../Users/Hinato/Documents/Unreal Projects/RevoX01/Content/RevoX/Maps/NewGameMap.umap" TEMPLATE=0 SHOWPROGRESS=1 FEATURELEVEL=3
[2015.04.24-19.50.01:287][  0]LightingResults: New page: Lighting Build
[2015.04.24-19.50.02:849][  0]MapCheck: New page: Map Check
[2015.04.24-19.50.02:849][  0]LightingResults: New page: Lighting Build
[2015.04.24-19.50.04:765][  0]LogParticles: Destroying 0 GPU particle simulations for FXSystem 0x0000000014C88720
[2015.04.24-19.51.04:559][  0]LogEditorServer: Finished looking for orphan Actors (0.000 secs)
[2015.04.24-19.51.04:660][  0]LogAIModule: Creating AISystem for world NewGameMap
[2015.04.24-19.51.04:698][  0]Cmd: MAP CHECKDEP
[2015.04.24-19.51.04:739][  0]MapCheck: New page: NewGameMap - Apr 24, 2015, 11:51:04 PM
[2015.04.24-19.51.05:035][  0]MapCheck: Info Map check complete: 0 Error(s), 0 Warning(s), took 336.772ms to complete.
[2015.04.24-19.51.05:035][  0]LogFileHelpers: Loading map 'NewGameMap' took 63.977
[2015.04.24-19.51.06:761][  0]LogCollectionManager: Loaded 0 collections in 0.002085 seconds
[2015.04.24-19.51.06:790][  0]LogContentBrowser: Native class hierarchy populated in 0.0289 seconds. Added 1696 classes and 261 folders.
[2015.04.24-19.51.06:954][  0]LogContentBrowser: Native class hierarchy updated for 'SceneOutliner' in 0.0025 seconds. Added 1 classes and 2 folders.
[2015.04.24-19.51.07:496][  0]LogCrashTracker: Crashtracker disabled due to settings.
[2015.04.24-19.51.07:527][  0]LogSlate:Warning: Failed to load font data from 'Veranda'
[2015.04.24-19.51.07:553][  0]LogUObjectGlobals:Warning: Failed to find object 'Class None.'
[2015.04.24-19.51.07:740][  0]LogLoad: Full Startup: 216.06 seconds (BP compile: 11.12 seconds)
[2015.04.24-19.51.08:258][  0]LogContentBrowser:Verbose: The content browser source was changed by the sources view to '/Game/RevoX/UI/Inventory'
[2015.04.24-19.51.08:881][  0]LogRenderer:Warning: Reallocating scene render targets to support 32x32 (Frame:2).
[2015.04.24-19.51.09:346][  0]LogRenderer:Warning: Reallocating scene render targets to support 1208x576 (Frame:3).
[2015.04.24-19.51.11:762][  8]LogAssetRegistry: Asset discovery search completed in 103.8252 seconds
[2015.04.24-19.51.58:033][321]Cmd: QUIT_EDITOR
[2015.04.24-19.51.58:741][321]LogExit: Preparing to exit.
[2015.04.24-19.51.59:111][321]LogExit: Editor shut down
[2015.04.24-19.51.59:112][321]LogExit: Transaction tracking system shut down
[2015.04.24-19.51.59:116][321]LogParticles: Destroying 0 GPU particle simulations for FXSystem 0x0000000023DC7240
[2015.04.24-19.51.59:116][321]LogParticles: Destroying 0 GPU particle simulations for FXSystem 0x000000002BD87880
[2015.04.24-19.51.59:116][321]LogParticles: Destroying 0 GPU particle simulations for FXSystem 0x000000002C030FE0
[2015.04.24-19.51.59:358][321]LogExit: Object subsystem successfully closed.
[2015.04.24-19.51.59:622][321]LogModuleManager: Shutting down and abandoning module CrashTracker (177)
[2015.04.24-19.51.59:622][321]LogModuleManager: Shutting down and abandoning module SuperSearch (176)
[2015.04.24-19.51.59:622][321]LogModuleManager: Shutting down and abandoning module SceneOutliner (175)
[2015.04.24-19.51.59:622][321]LogModuleManager: Shutting down and abandoning module EditorWidgets (174)
[2015.04.24-19.51.59:622][321]LogModuleManager: Shutting down and abandoning module CollectionManager (173)
[2015.04.24-19.51.59:630][321]LogModuleManager: Shutting down and abandoning module StatsViewer (172)
[2015.04.24-19.51.59:630][321]LogModuleManager: Shutting down and abandoning module FoliageEdit (171)
[2015.04.24-19.51.59:630][321]LogModuleManager: Shutting down and abandoning module LandscapeEditor (170)
[2015.04.24-19.51.59:641][321]LogModuleManager: Shutting down and abandoning module MeshPaint (169)
[2015.04.24-19.51.59:641][321]LogModuleManager: Shutting down and abandoning module ActorPickerMode (168)
[2015.04.24-19.51.59:642][321]LogModuleManager: Shutting down and abandoning module GeometryMode (167)
[2015.04.24-19.51.59:642][321]LogModuleManager: Shutting down and abandoning module TextureAlignMode (166)
[2015.04.24-19.51.59:642][321]LogModuleManager: Shutting down and abandoning module BspMode (165)
[2015.04.24-19.51.59:642][321]LogModuleManager: Shutting down and abandoning module PlacementMode (164)
[2015.04.24-19.51.59:642][321]LogModuleManager: Shutting down and abandoning module AutomationWorker (163)
[2015.04.24-19.51.59:642][321]LogModuleManager: Shutting down and abandoning module CharacterAI (162)
[2015.04.24-19.51.59:642][321]LogModuleManager: Shutting down and abandoning module SmartSnapping (161)
[2015.04.24-19.51.59:642][321]LogModuleManager: Shutting down and abandoning module ViewportSnapping (160)
[2015.04.24-19.51.59:642][321]LogModuleManager: Shutting down and abandoning module LogVisualizer (159)
[2015.04.24-19.51.59:642][321]LogModuleManager: Shutting down and abandoning module GameProjectGeneration (158)
[2015.04.24-19.51.59:647][321]LogModuleManager: Shutting down and abandoning module IntroTutorials (157)
[2015.04.24-19.51.59:660][321]LogModuleManager: Shutting down and abandoning module EditorLiveStreaming (156)
[2015.04.24-19.51.59:660][321]LogModuleManager: Shutting down and abandoning module HardwareTargeting (155)
[2015.04.24-19.51.59:660][321]LogModuleManager: Shutting down and abandoning module DeviceProfileEditor (154)
[2015.04.24-19.51.59:660][321]LogModuleManager: Shutting down and abandoning module UndoHistory (153)
[2015.04.24-19.51.59:660][321]LogModuleManager: Shutting down and abandoning module GameplayTagsEditor (152)
[2015.04.24-19.51.59:660][321]LogModuleManager: Shutting down and abandoning module UserFeedback (151)
[2015.04.24-19.51.59:660][321]LogModuleManager: Shutting down and abandoning module XmlParser (150)
[2015.04.24-19.51.59:660][321]LogModuleManager: Shutting down and abandoning module Blutility (149)
[2015.04.24-19.51.59:660][321]LogModuleManager: Shutting down and abandoning module IOSPlatformEditor (148)
[2015.04.24-19.51.59:660][321]LogModuleManager: Shutting down and abandoning module IOSRuntimeSettings (147)
[2015.04.24-19.51.59:660][321]LogModuleManager: Shutting down and abandoning module AndroidDeviceDetection (146)
[2015.04.24-19.52.00:512][321]LogModuleManager: Shutting down and abandoning module AndroidPlatformEditor (145)
[2015.04.24-19.52.00:512][321]LogModuleManager: Shutting down and abandoning module AndroidRuntimeSettings (144)
[2015.04.24-19.52.00:512][321]LogModuleManager: Shutting down and abandoning module ProjectTargetPlatformEditor (143)
[2015.04.24-19.52.00:512][321]LogModuleManager: Shutting down and abandoning module ProjectSettingsViewer (142)
[2015.04.24-19.52.00:512][321]LogModuleManager: Shutting down and abandoning module InputBindingEditor (141)
[2015.04.24-19.52.00:512][321]LogModuleManager: Shutting down and abandoning module EditorSettingsViewer (140)
[2015.04.24-19.52.00:512][321]LogModuleManager: Shutting down and abandoning module SettingsEditor (139)
[2015.04.24-19.52.00:527][321]LogModuleManager: Shutting down and abandoning module ProjectLauncher (138)
[2015.04.24-19.52.00:527][321]LogModuleManager: Shutting down and abandoning module SessionFrontend (137)
[2015.04.24-19.52.00:527][321]LogModuleManager: Shutting down and abandoning module ProfilerClient (136)
[2015.04.24-19.52.00:530][321]LogModuleManager: Shutting down and abandoning module TargetDeviceServices (135)
[2015.04.24-19.52.00:530][321]LogModuleManager: Shutting down and abandoning module DeviceManager (134)
[2015.04.24-19.52.00:530][321]LogModuleManager: Shutting down and abandoning module AutomationController (133)
[2015.04.24-19.52.00:530][321]LogModuleManager: Shutting down and abandoning module AutomationWindow (132)
[2015.04.24-19.52.00:538][321]LogModuleManager: Shutting down and abandoning module Layers (131)
[2015.04.24-19.52.00:556][321]LogModuleManager: Shutting down and abandoning module ComponentVisualizers (130)
[2015.04.24-19.52.00:556][321]LogModuleManager: Shutting down and abandoning module DetailCustomizations (129)
[2015.04.24-19.52.00:567][321]LogModuleManager: Shutting down and abandoning module PackagesDialog (128)
[2015.04.24-19.52.00:567][321]LogModuleManager: Shutting down and abandoning module AssetRegistry (127)
[2015.04.24-19.52.00:648][321]LogModuleManager: Shutting down and abandoning module Persona (126)
[2015.04.24-19.52.00:659][321]LogModuleManager: Shutting down and abandoning module SlateReflector (125)
[2015.04.24-19.52.00:662][321]LogModuleManager: Shutting down and abandoning module LevelEditor (124)
[2015.04.24-19.52.00:663][321]LogModuleManager: Shutting down and abandoning module Kismet (123)
[2015.04.24-19.52.00:663][321]LogModuleManager: Shutting down and abandoning module GraphEditor (122)
[2015.04.24-19.52.00:685][321]LogModuleManager: Shutting down and abandoning module ClassViewer (121)
[2015.04.24-19.52.00:685][321]LogModuleManager: Shutting down and abandoning module Toolbox (120)
[2015.04.24-19.52.00:685][321]LogModuleManager: Shutting down and abandoning module ModuleUI (119)
[2015.04.24-19.52.00:691][321]LogModuleManager: Shutting down and abandoning module MovieSceneTools (118)
[2015.04.24-19.52.00:691][321]LogModuleManager: Shutting down and abandoning module OutputLog (117)
[2015.04.24-19.52.00:691][321]LogModuleManager: Shutting down and abandoning module GammaUI (116)
[2015.04.24-19.52.00:698][321]LogModuleManager: Shutting down and abandoning module Documentation (115)
[2015.04.24-19.52.00:698][321]LogModuleManager: Shutting down and abandoning module GameLiveStreaming (114)
[2015.04.24-19.52.00:698][321]LogModuleManager: Shutting down and abandoning module StreamingPauseRendering (113)
[2015.04.24-19.52.00:698][321]LogModuleManager: Shutting down and abandoning module HTTP (112)
[2015.04.24-19.52.00:698][321]LogModuleManager: Shutting down and abandoning module AnalyticsET (111)
[2015.04.24-19.52.00:698][321]LogModuleManager: Shutting down and abandoning module Analytics (110)
[2015.04.24-19.52.00:698][321]LogModuleManager: Shutting down and abandoning module AITestSuite (109)
[2015.04.24-19.52.00:698][321]LogModuleManager: Shutting down and abandoning module GameplayDebugger (108)
[2015.04.24-19.52.00:698][321]LogModuleManager: Shutting down and abandoning module AIModule (107)
[2015.04.24-19.52.00:698][321]LogModuleManager: Shutting down and abandoning module ProfilerService (106)
[2015.04.24-19.52.00:776][321]LogModuleManager: Shutting down and abandoning module TaskGraph (105)
[2015.04.24-19.52.00:838][321]LogModuleManager: Shutting down and abandoning module SlateRemote (104)
[2015.04.24-19.52.00:838][321]LogModuleManager: Shutting down and abandoning module ScriptEditorPlugin (103)
[2015.04.24-19.52.00:838][321]LogModuleManager: Shutting down and abandoning module CustomMeshComponent (102)
[2015.04.24-19.52.00:838][321]LogModuleManager: Shutting down and abandoning module CableComponent (101)
[2015.04.24-19.52.00:838][321]LogModuleManager: Shutting down and abandoning module MessagingDebugger (100)
[2015.04.24-19.52.00:848][321]LogModuleManager: Shutting down and abandoning module MediaPlayerEditor (99)
[2015.04.24-19.52.00:857][321]LogModuleManager: Shutting down and abandoning module SpeedTreeImporter (98)
[2015.04.24-19.52.00:857][321]LogModuleManager: Shutting down and abandoning module PluginsEditor (97)
[2015.04.24-19.52.00:857][321]LogModuleManager: Shutting down and abandoning module MainFrame (96)
[2015.04.24-19.52.00:857][321]LogModuleManager: Shutting down and abandoning module EpicSurvey (95)
[2015.04.24-19.52.00:857][321]LogModuleManager: Shutting down and abandoning module DesktopPlatform (94)
[2015.04.24-19.52.00:857][321]LogModuleManager: Shutting down and abandoning module DirectoryWatcher (93)
[2015.04.24-19.52.00:857][321]LogModuleManager: Shutting down and abandoning module HotReload (92)
[2015.04.24-19.52.00:857][321]LogModuleManager: Shutting down and abandoning module VisualStudioSourceCodeAccess (91)
[2015.04.24-19.52.00:857][321]LogModuleManager: Shutting down and abandoning module UObjectPlugin (90)
[2015.04.24-19.52.00:857][321]LogModuleManager: Shutting down and abandoning module SubversionSourceControl (89)
[2015.04.24-19.52.00:857][321]LogModuleManager: Shutting down and abandoning module PerforceSourceControl (88)
[2015.04.24-19.52.00:866][321]LogModuleManager: Shutting down and abandoning module SourceControl (87)
[2015.04.24-19.52.00:866][321]LogModuleManager: Shutting down and abandoning module GitSourceControl (86)
[2015.04.24-19.52.00:866][321]LogModuleManager: Shutting down and abandoning module BlankPlugin (85)
[2015.04.24-19.52.00:866][321]LogModuleManager: Shutting down and abandoning module PaperTiledImporter (84)
[2015.04.24-19.52.00:866][321]LogModuleManager: Shutting down and abandoning module PaperJsonImporter (83)
[2015.04.24-19.52.00:866][321]LogModuleManager: Shutting down and abandoning module ContentBrowser (82)
[2015.04.24-19.52.00:867][321]LogModuleManager: Shutting down and abandoning module Paper2DEditor (81)
[2015.04.24-19.52.00:867][321]LogModuleManager: Shutting down and abandoning module ScriptPlugin (80)
[2015.04.24-19.52.00:868][321]LogModuleManager: Shutting down and abandoning module UdpMessaging (79)
[2015.04.24-19.52.00:969][321]LogModuleManager: Shutting down and abandoning module Paper2D (78)
[2015.04.24-19.52.00:969][321]LogModuleManager: Shutting down and abandoning module WindowsMoviePlayer (77)
[2015.04.24-19.52.00:973][321]LogModuleManager: Shutting down and abandoning module Media (76)
[2015.04.24-19.52.00:973][321]LogModuleManager: Shutting down and abandoning module WmfMedia (75)
[2015.04.24-19.52.00:984][321]LogModuleManager: Shutting down and abandoning module OnlineBlueprintSupport (74)
[2015.04.24-19.52.00:984][321]LogModuleManager: Shutting down and abandoning module PropertyEditor (73)
[2015.04.24-19.52.00:984][321]LogModuleManager: Shutting down and abandoning module BehaviorTreeEditor (72)
[2015.04.24-19.52.00:991][321]LogModuleManager: Shutting down and abandoning module FunctionalTesting (71)
[2015.04.24-19.52.00:991][321]LogModuleManager: Shutting down and abandoning module CollisionAnalyzer (70)
[2015.04.24-19.52.00:994][321]LogModuleManager: Shutting down and abandoning module WorkspaceMenuStructure (69)
[2015.04.24-19.52.00:994][321]LogModuleManager: Shutting down and abandoning module MessageLog (68)
[2015.04.24-19.52.00:994][321]LogModuleManager: Shutting down and abandoning module Sequencer (67)
[2015.04.24-19.52.00:994][321]LogModuleManager: Shutting down and abandoning module AssetTools (66)
[2015.04.24-19.52.01:013][321]LogModuleManager: Shutting down and abandoning module UMGEditor (65)
[2015.04.24-19.52.01:013][321]LogModuleManager: Shutting down and abandoning module UMG (64)
[2015.04.24-19.52.01:013][321]LogModuleManager: Shutting down and abandoning module Slate (63)
[2015.04.24-19.52.01:013][321]LogModuleManager: Shutting down and abandoning module EditorStyle (62)
[2015.04.24-19.52.01:017][321]LogModuleManager: Shutting down and abandoning module SessionServices (61)
[2015.04.24-19.52.01:017][321]LogModuleManager: Shutting down and abandoning module SourceCodeAccess (60)
[2015.04.24-19.52.01:017][321]LogModuleManager: Shutting down and abandoning module HeadMountedDisplay (59)
[2015.04.24-19.52.01:017][321]LogModuleManager: Shutting down and abandoning module XAudio2 (58)
[2015.04.24-19.52.01:017][321]LogModuleManager: Shutting down and abandoning module Networking (56)
[2015.04.24-19.52.01:017][321]LogModuleManager: Shutting down and abandoning module Core (55)
[2015.04.24-19.52.01:017][321]LogModuleManager: Shutting down and abandoning module KismetCompiler (54)
[2015.04.24-19.52.01:017][321]LogModuleManager: Shutting down and abandoning module PhysXFormats (53)
[2015.04.24-19.52.01:017][321]LogModuleManager: Shutting down and abandoning module MeshUtilities (52)
[2015.04.24-19.52.01:028][321]LogModuleManager: Shutting down and abandoning module DerivedDataCache (51)
[2015.04.24-19.52.01:117][321]LogDerivedDataCache: Shutdown
[2015.04.24-19.52.01:117][321]LogModuleManager: Shutting down and abandoning module ShaderFormatOpenGL (50)
[2015.04.24-19.52.01:127][321]LogModuleManager: Shutting down and abandoning module ShaderFormatD3D (49)
[2015.04.24-19.52.01:127][321]LogModuleManager: Shutting down and abandoning module MetalShaderFormat (48)
[2015.04.24-19.52.01:134][321]LogModuleManager: Shutting down and abandoning module TextureFormatUncompressed (47)
[2015.04.24-19.52.01:134][321]LogModuleManager: Shutting down and abandoning module TextureFormatPVR (46)
[2015.04.24-19.52.01:134][321]LogModuleManager: Shutting down and abandoning module TextureFormatIntelISPCTexComp (45)
[2015.04.24-19.52.01:134][321]LogModuleManager: Shutting down and abandoning module TextureFormatDXT (44)
[2015.04.24-19.52.01:134][321]LogModuleManager: Shutting down and abandoning module ImageWrapper (43)
[2015.04.24-19.52.01:134][321]LogModuleManager: Shutting down and abandoning module TextureFormatASTC (42)
[2015.04.24-19.52.01:134][321]LogModuleManager: Shutting down and abandoning module TextureFormatAndroid (41)
[2015.04.24-19.52.01:134][321]LogModuleManager: Shutting down and abandoning module AudioFormatOpus (40)
[2015.04.24-19.52.01:134][321]LogModuleManager: Shutting down and abandoning module AudioFormatOgg (39)
[2015.04.24-19.52.01:134][321]LogModuleManager: Shutting down and abandoning module AudioFormatADPCM (38)
[2015.04.24-19.52.01:134][321]LogModuleManager: Shutting down and abandoning module LinuxTargetPlatform (37)
[2015.04.24-19.52.01:134][321]LogModuleManager: Shutting down and abandoning module LinuxServerTargetPlatform (36)
[2015.04.24-19.52.01:134][321]LogModuleManager: Shutting down and abandoning module LinuxNoEditorTargetPlatform (35)
[2015.04.24-19.52.01:134][321]LogModuleManager: Shutting down and abandoning module Messaging (34)
[2015.04.24-19.52.01:134][321]LogModuleManager: Shutting down and abandoning module IOSTargetPlatform (33)
[2015.04.24-19.52.01:134][321]LogModuleManager: Shutting down and abandoning module HTML5TargetPlatform (32)
[2015.04.24-19.52.01:134][321]LogModuleManager: Shutting down and abandoning module Android_PVRTCTargetPlatform (31)
[2015.04.24-19.52.01:134][321]LogModuleManager: Shutting down and abandoning module Android_ETC2TargetPlatform (30)
[2015.04.24-19.52.01:134][321]LogModuleManager: Shutting down and abandoning module Android_ETC1TargetPlatform (29)
[2015.04.24-19.52.01:134][321]LogModuleManager: Shutting down and abandoning module Android_ES31TargetPlatform (28)
[2015.04.24-19.52.01:134][321]LogModuleManager: Shutting down and abandoning module Android_DXTTargetPlatform (27)
[2015.04.24-19.52.01:134][321]LogModuleManager: Shutting down and abandoning module Android_ATCTargetPlatform (26)
[2015.04.24-19.52.01:134][321]LogModuleManager: Shutting down and abandoning module AndroidTargetPlatform (25)
[2015.04.24-19.52.01:134][321]LogModuleManager: Shutting down and abandoning module WindowsTargetPlatform (24)
[2015.04.24-19.52.01:134][321]LogModuleManager: Shutting down and abandoning module WindowsServerTargetPlatform (23)
[2015.04.24-19.52.01:134][321]LogModuleManager: Shutting down and abandoning module WindowsNoEditorTargetPlatform (22)
[2015.04.24-19.52.01:134][321]LogModuleManager: Shutting down and abandoning module WindowsClientTargetPlatform (21)
[2015.04.24-19.52.01:134][321]LogModuleManager: Shutting down and abandoning module TargetPlatform (20)
[2015.04.24-19.52.01:134][321]LogModuleManager: Shutting down and abandoning module InputCore (19)
[2015.04.24-19.52.01:134][321]LogModuleManager: Shutting down and abandoning module Settings (18)
[2015.04.24-19.52.01:134][321]LogModuleManager: Shutting down and abandoning module OnlineSubsystem (16)
[2015.04.24-19.52.01:134][321]LogModuleManager: Shutting down and abandoning module OculusRift (15)
[2015.04.24-19.52.01:134][321]LogModuleManager: Shutting down and abandoning module ExampleDeviceProfileSelector (14)
[2015.04.24-19.52.01:134][321]LogModuleManager: Shutting down and abandoning module TextureCompressor (13)
[2015.04.24-19.52.01:134][321]LogModuleManager: Shutting down and abandoning module ShaderCore (12)
[2015.04.24-19.52.01:134][321]LogModuleManager: Shutting down and abandoning module Landscape (11)
[2015.04.24-19.52.01:134][321]LogModuleManager: Shutting down and abandoning module SlateRHIRenderer (10)
[2015.04.24-19.52.01:136][321]LogModuleManager: Shutting down and abandoning module OpenGLDrv (9)
[2015.04.24-19.52.01:136][321]LogModuleManager: Shutting down and abandoning module D3D11RHI (8)
[2015.04.24-19.52.01:136][321]LogModuleManager: Shutting down and abandoning module Renderer (7)
[2015.04.24-19.52.01:136][321]LogModuleManager: Shutting down and abandoning module Engine (6)
[2015.04.24-19.52.01:136][321]LogModuleManager: Shutting down and abandoning module CoreUObject (5)
[2015.04.24-19.52.01:136][321]LogModuleManager: Shutting down and abandoning module NetworkFile (4)
[2015.04.24-19.52.01:136][321]LogModuleManager: Shutting down and abandoning module StreamingFile (3)
[2015.04.24-19.52.01:136][321]LogModuleManager: Shutting down and abandoning module SandboxFile (2)
[2015.04.24-19.52.01:136][321]LogModuleManager: Shutting down and abandoning module PakFile (1)
[2015.04.24-19.52.01:147][321]LogExit: Exiting.
[2015.04.24-19.52.01:152][321]Log file closed, 04/24/15 21:52:01
