Log file open, 04/27/15 01:11:31
LogInit:Display: Running engine for game: RevoX01
LogInit: Version: 4.7.6-2513093+++depot+UE4-Releases+4.7
LogInit: API Version: 2455222
LogInit: Compiled (64-bit): Apr 15 2015 12:09:54
LogInit: Compiled with Visual C++: 18.00.21005.01
LogInit: Build Configuration: Development
LogInit: Branch Name: ++depot+UE4-Releases+4.7
LogInit: Command line:  
LogInit: Base directory: C:/Program Files/Epic Games/4.7/Engine/Binaries/Win64/
LogInit: Rocket: 1
[2015.04.26-23.11.31:325][  0]LogTaskGraph: Started task graph with 3 named threads and 6 total threads.
[2015.04.26-23.11.31:393][  0]LogOnline:Warning: No default platform service specified for OnlineSubsystem
[2015.04.26-23.11.31:509][  0]LogInit: Presizing for 0 objects not considered by GC, pre-allocating 0 bytes.
[2015.04.26-23.11.31:544][  0]LogInit: Object subsystem initialized
[2015.04.26-23.11.31:583][  0]LogConsoleResponse:Warning: Skipping Unknown console variable: 'UIScaleRule = ShortestSide'
[2015.04.26-23.11.31:583][  0]LogConsoleResponse:Warning:   Found in ini file 'C:/Users/Hinato/Documents/Unreal Projects/RevoX01/Saved/Config/Windows/Engine.ini', in section '[/Script/Engine.RendererSettings]'
[2015.04.26-23.11.31:583][  0]LogConsoleResponse:Warning: Skipping Unknown console variable: 'UIScaleCurve = (EditorCurveData=(Keys=),ExternalCurve=None)'
[2015.04.26-23.11.31:583][  0]LogConsoleResponse:Warning:   Found in ini file 'C:/Users/Hinato/Documents/Unreal Projects/RevoX01/Saved/Config/Windows/Engine.ini', in section '[/Script/Engine.RendererSettings]'
[2015.04.26-23.11.31:584][  0]LogConsoleManager:Warning: Console variable 'r.MSAA.CompositingSampleCount' wasn't set (Priority ProjectSetting < Scalability)
[2015.04.26-23.11.31:598][  0]LogInit: Selected Device Profile: [Windows]
[2015.04.26-23.11.31:598][  0]LogInit: Applying CVar settings loaded from the selected device profile: [Windows]
[2015.04.26-23.11.31:716][  0]LogInit: Computer: P02
[2015.04.26-23.11.31:716][  0]LogInit: User: Hinato
[2015.04.26-23.11.31:716][  0]LogInit: CPU Page size=4096, Cores=4
[2015.04.26-23.11.31:716][  0]LogInit: High frequency timer resolution =2.727587 MHz
[2015.04.26-23.11.31:717][  0]LogMemory: Memory total: Physical=4.0GB (4GB approx) Virtual=8192.0GB
[2015.04.26-23.11.31:717][  0]LogMemory: Platform Memory Stats for Windows
[2015.04.26-23.11.31:717][  0]LogMemory: Process Physical Memory: 48.50 MB used, 48.50 MB peak
[2015.04.26-23.11.31:717][  0]LogMemory: Process Virtual Memory: 24.92 MB used, 26.36 MB peak
[2015.04.26-23.11.31:717][  0]LogMemory: Physical Memory: 1335.10 MB used, 4087.11 MB total
[2015.04.26-23.11.31:717][  0]LogMemory: Virtual Memory: 279.70 MB used, 8388608.00 MB total
[2015.04.26-23.11.32:521][  0]LogD3D11RHI: Found D3D11 adapter 0: NVIDIA GeForce GTX 560 Ti   (Feature Level 11_0)
[2015.04.26-23.11.32:521][  0]LogD3D11RHI: Adapter has 1998MB of dedicated video memory, 0MB of dedicated system memory, and 1787MB of shared system memory, 1 output[s]
[2015.04.26-23.11.32:521][  0]LogD3D11RHI: Chosen D3D11 Adapter Id = 0
[2015.04.26-23.11.32:528][  0]LogRHI: Texture pool is 1361 MB (70% of 1945 MB)
[2015.04.26-23.11.32:536][  0]LogD3D11RHI: Async texture creation enabled
[2015.04.26-23.11.33:563][  0]LogTextLocalizationManager: The requested culture ('de_DE') has no localization data; falling back to 'en' for localization and internationalization data.
[2015.04.26-23.11.33:738][  0]LogTextLocalizationManager:Warning: Loading localization resources contain conflicting entries for (Namespace:UICommands, Key:Save_ToolTip):
Resource: (C:/Program Files/Epic Games/4.7/Engine/Content/Localization/Editor/en/Editor.locres) Hash: (-29098895) String: (Saves the current level to disk)
Resource: (C:/Program Files/Epic Games/4.7/Engine/Content/Localization/Engine/en/Engine.locres) Hash: (-1280300587) String: (Save selected data to vlog file)
[2015.04.26-23.11.33:738][  0]LogTextLocalizationManager:Warning: Loading localization resources contain conflicting entries for (Namespace:ContentBrowser, Key:ImportAssetToolTip):
Resource: (C:/Program Files/Epic Games/4.7/Engine/Content/Localization/Editor/en/Editor.locres) Hash: (-630476809) String: (Import to {0}...)
Resource: (C:/Program Files/Epic Games/4.7/Engine/Content/Localization/Editor/en/Editor.locres) Hash: (1271782899) String: (Imports an asset from file to this folder.)
[2015.04.26-23.11.33:841][  0]LogContentStreaming: Texture pool size is 0.000000MB
[2015.04.26-23.11.40:241][  0]LogTargetPlatformManager:Display: Building Assets For Windows
[2015.04.26-23.11.41:180][  0]LogTargetPlatformManager:Display: Building Assets For Windows
[2015.04.26-23.11.41:341][  0]LogDerivedDataCache:Display: Max Cache Size: 512 MB
[2015.04.26-23.11.42:033][  0]LogDerivedDataCache: Loaded boot cache 0.67s 39MB C:/Users/Hinato/AppData/Local/UnrealEngine/4.7/DerivedDataCache/Boot.ddc.
[2015.04.26-23.11.42:033][  0]LogDerivedDataCache:Display: Loaded Boot cache: C:/Users/Hinato/AppData/Local/UnrealEngine/4.7/DerivedDataCache/Boot.ddc
[2015.04.26-23.11.42:033][  0]LogDerivedDataCache: FDerivedDataBackendGraph:  Pak pak cache file ../../../../../../Users/Hinato/Documents/Unreal Projects/RevoX01/DerivedDataCache/DDC.ddp not found, will not use a pak cache.
[2015.04.26-23.11.42:033][  0]LogDerivedDataCache: Unable to find inner node Pak for hierarchical cache Hierarchy.
[2015.04.26-23.11.42:238][  0]LogDerivedDataCache:Display: Pak cache opened for reading ../../../Engine/DerivedDataCache/Compressed.ddp.
[2015.04.26-23.11.42:270][  0]LogDerivedDataCache: Using Local data cache path C:/Users/Hinato/AppData/Local/UnrealEngine/Common/DerivedDataCache: Writable
[2015.04.26-23.11.46:217][  0]LogMeshUtilities: No automatic mesh reduction module available
[2015.04.26-23.11.46:217][  0]LogMeshUtilities: No automatic mesh merging module available
[2015.04.26-23.11.48:100][  0]LogInit: WinSock: version 1.1 (2.2), MaxSocks=32767, MaxUdp=65467
[2015.04.26-23.11.48:403][  0]LogSlate:Warning: Failed to load font data from '../../../Engine/Content/Slate/Fonts/Roboto-Italic.ttf'
[2015.04.26-23.12.00:521][  0]UdpMessaging: Initializing bridge on interface 0.0.0.0:0 to multicast group 230.0.0.1:6666.
[2015.04.26-23.12.01:215][  0]SourceControl: Info Source control is disabled
[2015.04.26-23.12.01:215][  0]SourceControl: Info Source control is disabled
[2015.04.26-23.12.01:215][  0]SourceControl: Info Source control is disabled
[2015.04.26-23.12.01:215][  0]LogSourceControl: RunCommandInternalRaw: 'git version'
[2015.04.26-23.12.01:215][  0]LogSourceControl: RunCommandInternalRaw: ExecProcess ReturnCode=2 OutResults=''
[2015.04.26-23.12.01:226][  0]SourceControl: Info Source control is disabled
[2015.04.26-23.12.02:111][  0]LogObj: 24232 objects as part of root set at end of initial load.
[2015.04.26-23.12.02:111][  0]LogUObjectAllocator: 5137168 out of 0 bytes used by permanent object pool.
[2015.04.26-23.12.02:522][  0]LogEngine: Initializing Engine...
[2015.04.26-23.12.06:294][  0]LogInit: XAudio2 using 'Lautsprecher (Realtek High Definition Audio)' : 2 channels at 48 kHz using 32 bits per sample (channel mask 0x3)
[2015.04.26-23.12.07:176][  0]LogInit: FAudioDevice initialized.
[2015.04.26-23.12.07:296][  0]LogAIModule: Creating AISystem for world NewWorld
[2015.04.26-23.12.07:470][  0]LogDerivedDataCache: Saved boot cache 0.17s 39MB C:/Users/Hinato/AppData/Local/UnrealEngine/4.7/DerivedDataCache/Boot.ddc.
[2015.04.26-23.12.07:477][  0]LogInit: Texture streaming: Enabled
[2015.04.26-23.12.07:988][  0]LogAnalytics: Creating configured Analytics provider AnalyticsET
[2015.04.26-23.12.07:988][  0]LogAnalytics: ET APIKey = Rocket.Release. APIServer = http://et2.epicgames.com/ET2/. AppVersion = 4.7.6-2513093+++depot+UE4-Releases+4.7
[2015.04.26-23.12.07:988][  0]LogAnalytics: ET APIKey = Rocket.Release. DataRouterUploadURL = https://datarouter-public-service-gamedev.ol.epicgames.net/datarouter/api/v1/public/data. AppVersion = 4.7.6-2513093+++depot+UE4-Releases+4.7
[2015.04.26-23.12.07:989][  0]LogAnalytics: SetUserId 0293e48444163cfde8d972980fd566d2|d13178c4327547f4b81623395438f0bc|c0a7748a-5860-45c5-973b-d3828b400282
[2015.04.26-23.12.07:989][  0]LogAnalytics: AnalyticsET::StartSession [Rocket.Release]
[2015.04.26-23.12.08:160][  0]LogInit: Transaction tracking system initialized
[2015.04.26-23.12.09:136][  0]BlueprintLog: New page: Editor Load
[2015.04.26-23.12.09:231][  0]LogAssetRegistry: FAssetRegistry took 0.0100 seconds to start up
[2015.04.26-23.12.09:231][  0]LogDirectoryWatcher:Warning: Failed to begin reading directory changes for ../../../Engine/Plugins/Experimental/CharacterAI/Content/. Error: 0
[2015.04.26-23.12.10:808][  0]LogTargetPlatformManager:Display: Building Assets For Windows
[2015.04.26-23.12.11:271][  0]LogTargetPlatformManager:Display: Building Assets For Windows
[2015.04.26-23.12.13:524][  0]LogSlate:Warning: Failed to load font data from '../../../Engine/Content/Editor/Slate/Fonts/Roboto-Regular.ttf'
[2015.04.26-23.12.13:525][  0]LogSlate:Warning: Failed to load font data from '../../../Engine/Content/Editor/Slate/Fonts/Roboto-Bold.ttf'
[2015.04.26-23.12.13:616][  0]LogConsoleResponse:Display: 
[2015.04.26-23.12.15:700][  0]LogCook:Display: Done creating registry. It took  0.00s.
[2015.04.26-23.12.17:152][  0]SourceControl: Info Source control is disabled
[2015.04.26-23.12.17:159][  0]Cmd: MAP LOAD FILE="../../../../../../Users/Hinato/Documents/Unreal Projects/RevoX01/Content/RevoX/Maps/NewGameMap.umap" TEMPLATE=0 SHOWPROGRESS=1 FEATURELEVEL=3
[2015.04.26-23.12.17:165][  0]LightingResults: New page: Lighting Build
[2015.04.26-23.12.17:187][  0]MapCheck: New page: Map Check
[2015.04.26-23.12.17:187][  0]LightingResults: New page: Lighting Build
[2015.04.26-23.12.17:195][  0]LogParticles: Destroying 0 GPU particle simulations for FXSystem 0x0000000014A0B380
[2015.04.26-23.12.19:861][  0]LogLinker:Warning: Can't find file '/Game/AdvancedTurnBasedTileToolkit/Textures/Tile_Grey'
[2015.04.26-23.12.19:861][  0]LoadErrors: Info Failed to load /Game/RevoX/Game/BP_Grid_Camera.BP_Grid_Camera_C Referenced by StaticMeshComponent_387
[2015.04.26-23.12.19:862][  0]LogLinker:Warning: Can't find file for asset '/Game/AdvancedTurnBasedTileToolkit/Textures/Tile_Grey' while loading ../../../../../../Users/Hinato/Documents/Unreal Projects/RevoX01/Content/RevoX/Materials/M_Tiling_Grid.uasset.
[2015.04.26-23.12.19:862][  0]LoadErrors: Info Failed to load /Game/RevoX/Game/BP_Grid_Camera.BP_Grid_Camera_C Referenced by StaticMeshComponent_387
[2015.04.26-23.12.19:862][  0]LoadErrors:Error: Error /Game/RevoX/Materials/M_Tiling_Grid : Can't find file for asset. /Game/AdvancedTurnBasedTileToolkit/Textures/Tile_Grey
[2015.04.26-23.12.19:862][  0]LogLinker:Warning: Can't find file '/Game/AdvancedTurnBasedTileToolkit/Textures/Tile_Grey'
[2015.04.26-23.12.19:862][  0]LoadErrors: Info Failed to load /Game/RevoX/Game/BP_Grid_Camera.BP_Grid_Camera_C Referenced by StaticMeshComponent_387
[2015.04.26-23.12.19:863][  0]LogLinker:Warning: Can't find file for asset '/Game/AdvancedTurnBasedTileToolkit/Textures/Tile_Grey' while loading ../../../../../../Users/Hinato/Documents/Unreal Projects/RevoX01/Content/RevoX/Materials/M_Tiling_Grid.uasset.
[2015.04.26-23.12.19:863][  0]LoadErrors: Info Failed to load /Game/RevoX/Game/BP_Grid_Camera.BP_Grid_Camera_C Referenced by StaticMeshComponent_387
[2015.04.26-23.12.19:863][  0]LoadErrors:Error: Error /Game/RevoX/Materials/M_Tiling_Grid : Can't find file for asset. /Game/AdvancedTurnBasedTileToolkit/Textures/Tile_Grey
[2015.04.26-23.12.19:864][  0]LogLinker:Warning: Can't find file '/Game/AdvancedTurnBasedTileToolkit/Textures/Tile_Grey'
[2015.04.26-23.12.19:864][  0]LoadErrors: Info Failed to load /Game/RevoX/Game/BP_Grid_Camera.BP_Grid_Camera_C Referenced by StaticMeshComponent_387
[2015.04.26-23.12.19:865][  0]LogLinker:Warning: Can't find file for asset '/Game/AdvancedTurnBasedTileToolkit/Textures/Tile_Grey' while loading ../../../../../../Users/Hinato/Documents/Unreal Projects/RevoX01/Content/RevoX/Materials/M_Tiling_Grid_Instance.uasset.
[2015.04.26-23.12.19:865][  0]LoadErrors: Info Failed to load /Game/RevoX/Game/BP_Grid_Camera.BP_Grid_Camera_C Referenced by StaticMeshComponent_387
[2015.04.26-23.12.19:865][  0]LoadErrors:Error: Error /Game/RevoX/Materials/M_Tiling_Grid_Instance : Can't find file for asset. /Game/AdvancedTurnBasedTileToolkit/Textures/Tile_Grey
[2015.04.26-23.12.19:866][  0]LogLinker:Warning: Can't find file '/Game/AdvancedTurnBasedTileToolkit/Textures/Tile_Grey'
[2015.04.26-23.12.19:866][  0]LoadErrors: Info Failed to load /Game/RevoX/Game/BP_Grid_Camera.BP_Grid_Camera_C Referenced by StaticMeshComponent_387
[2015.04.26-23.12.19:866][  0]LogLinker:Warning: Can't find file for asset '/Game/AdvancedTurnBasedTileToolkit/Textures/Tile_Grey' while loading ../../../../../../Users/Hinato/Documents/Unreal Projects/RevoX01/Content/RevoX/Materials/M_Tiling_Grid_Instance.uasset.
[2015.04.26-23.12.19:866][  0]LoadErrors: Info Failed to load /Game/RevoX/Game/BP_Grid_Camera.BP_Grid_Camera_C Referenced by StaticMeshComponent_387
[2015.04.26-23.12.19:866][  0]LoadErrors:Error: Error /Game/RevoX/Materials/M_Tiling_Grid_Instance : Can't find file for asset. /Game/AdvancedTurnBasedTileToolkit/Textures/Tile_Grey
[2015.04.26-23.12.25:650][  0]LogBlueprint:Warning: [Unit_Parent] CreatePinForVariable: 'InteractTextWidget' variable not found. Base class was probably changed.
[2015.04.26-23.12.25:650][  0]LogBlueprint:Warning: [Unit_Parent] CreatePinForVariable: 'InteractTextWidget' variable not found. Base class was probably changed.
[2015.04.26-23.12.25:871][  0]LogBlueprint:Warning: [compiler] Warning Could not find a variable named "InteractTextWidget" in 'Unit_Parent_C'.
Make sure 'Unit_Parent_C' has been compiled for  Set InteractTextWidget 
[2015.04.26-23.12.25:931][  0]LogBlueprint:Error: [compiler] Error The property associated with  Interact Text Widget  could not be found
[2015.04.26-23.12.26:056][  0]LogBlueprint:Warning: [compiler] Warning [0061.65] Compile of Unit_Parent failed. 1 Fatal Issue(s) 1 Warning(s) [in 390 ms]
[2015.04.26-23.12.26:056][  0]LogBlueprint:Warning: [compiler] Warning [0061.65] Compile of Unit_Parent failed. 1 Fatal Issue(s) 2 Warning(s) [in 0 ms]
[2015.04.26-23.12.26:056][  0]LogBlueprint:Warning: [compiler] Warning [0061.65] Compile of Unit_Parent failed. 1 Fatal Issue(s) 3 Warning(s) [in 0 ms]
[2015.04.26-23.12.26:057][  0]LogBlueprint:Warning: [compiler] Warning [0061.65] Compile of Unit_Parent failed. 1 Fatal Issue(s) 4 Warning(s) [in 0 ms]
[2015.04.26-23.12.26:104][  0]LogLinker:Warning: Can't find file '/Game/AdvancedTurnBasedTileToolkit/Textures/Tile_Grey'
[2015.04.26-23.12.26:104][  0]LogLinker:Warning: Can't find file for asset '/Game/AdvancedTurnBasedTileToolkit/Textures/Tile_Grey' while loading ../../../../../../Users/Hinato/Documents/Unreal Projects/RevoX01/Content/RevoX/Game/BP_Grid_Camera.uasset.
[2015.04.26-23.12.26:105][  0]LoadErrors:Error: Error /Game/RevoX/Game/BP_Grid_Camera : Can't find file for asset. /Game/AdvancedTurnBasedTileToolkit/Textures/Tile_Grey
[2015.04.26-23.12.26:133][  0]LogLinker:Warning: Can't find file '/Game/AdvancedTurnBasedTileToolkit/Textures/Tile_Grey'
[2015.04.26-23.12.26:134][  0]LogLinker:Warning: Can't find file for asset '/Game/AdvancedTurnBasedTileToolkit/Textures/Tile_Grey' while loading ../../../../../../Users/Hinato/Documents/Unreal Projects/RevoX01/Content/RevoX/Game/BP_Grid_Camera.uasset.
[2015.04.26-23.12.26:134][  0]LoadErrors:Error: Error /Game/RevoX/Game/BP_Grid_Camera : Can't find file for asset. /Game/AdvancedTurnBasedTileToolkit/Textures/Tile_Grey
[2015.04.26-23.12.26:134][  0]LogLinker:Warning: Can't find file '/Game/AdvancedTurnBasedTileToolkit/Textures/Tile_Grey'
[2015.04.26-23.12.26:135][  0]LogLinker:Warning: Can't find file for asset '/Game/AdvancedTurnBasedTileToolkit/Textures/Tile_Grey' while loading ../../../../../../Users/Hinato/Documents/Unreal Projects/RevoX01/Content/RevoX/Game/BP_Grid_Camera.uasset.
[2015.04.26-23.12.26:135][  0]LoadErrors:Error: Error /Game/RevoX/Game/BP_Grid_Camera : Can't find file for asset. /Game/AdvancedTurnBasedTileToolkit/Textures/Tile_Grey
[2015.04.26-23.12.37:678][  0]LogLinker:Warning: Can't find file '/Game/AdvancedTurnBasedTileToolkit/Textures/Tile_Grey'
[2015.04.26-23.12.37:678][  0]LogLinker:Warning: Can't find file for asset '/Game/AdvancedTurnBasedTileToolkit/Textures/Tile_Grey' while loading ../../../../../../Users/Hinato/Documents/Unreal Projects/RevoX01/Content/RevoX/Game/BP_Grid_Manager.uasset.
[2015.04.26-23.12.37:678][  0]LoadErrors:Error: Error /Game/RevoX/Game/BP_Grid_Manager : Can't find file for asset. /Game/AdvancedTurnBasedTileToolkit/Textures/Tile_Grey
[2015.04.26-23.12.37:687][  0]LogLinker:Warning: Can't find file '/Game/AdvancedTurnBasedTileToolkit/Textures/Tile_Grey'
[2015.04.26-23.12.37:687][  0]LogLinker:Warning: Can't find file for asset '/Game/AdvancedTurnBasedTileToolkit/Textures/Tile_Grey' while loading ../../../../../../Users/Hinato/Documents/Unreal Projects/RevoX01/Content/RevoX/Game/BP_Grid_Manager.uasset.
[2015.04.26-23.12.37:688][  0]LoadErrors:Error: Error /Game/RevoX/Game/BP_Grid_Manager : Can't find file for asset. /Game/AdvancedTurnBasedTileToolkit/Textures/Tile_Grey
[2015.04.26-23.12.38:977][  0]Warning: Unknown property in WeaponStruct: MinDamage_24_A6039AB0404F311C57292A895D4084DA=None,MaxDamage_25_21E7B40D459BAA243F2A40AAE7799FAE=None,Parry_26_946401594224D5C1C1767CA4F52ACDF4=) 
[2015.04.26-23.12.38:977][  0]Warning: Unknown property in WeaponStruct: MaxDamage_25_21E7B40D459BAA243F2A40AAE7799FAE=None,Parry_26_946401594224D5C1C1767CA4F52ACDF4=) 
[2015.04.26-23.12.38:977][  0]Warning: Unknown property in WeaponStruct: Parry_26_946401594224D5C1C1767CA4F52ACDF4=) 
[2015.04.26-23.12.39:022][  0]Warning: Unknown property in WeaponStruct: MinDamage_24_A6039AB0404F311C57292A895D4084DA=None,MaxDamage_25_21E7B40D459BAA243F2A40AAE7799FAE=None,Parry_26_946401594224D5C1C1767CA4F52ACDF4=) 
[2015.04.26-23.12.39:022][  0]Warning: Unknown property in WeaponStruct: MaxDamage_25_21E7B40D459BAA243F2A40AAE7799FAE=None,Parry_26_946401594224D5C1C1767CA4F52ACDF4=) 
[2015.04.26-23.12.39:022][  0]Warning: Unknown property in WeaponStruct: Parry_26_946401594224D5C1C1767CA4F52ACDF4=) 
[2015.04.26-23.12.40:827][  0]LogLinker:Warning: Can't find file '/Game/AdvancedTurnBasedTileToolkit/Textures/Tile_Grey'
[2015.04.26-23.12.40:827][  0]LoadErrors: Info Failed to load /Game/AdvancedTurnBasedTileToolkit/Textures/Tile_Grey.Tile_Grey Referenced by MaterialExpressionTextureSampleParameter2D_1
[2015.04.26-23.12.40:827][  0]LogLinker:Warning: Can't find file for asset '/Game/AdvancedTurnBasedTileToolkit/Textures/Tile_Grey' while loading NULL.
[2015.04.26-23.12.40:827][  0]LoadErrors: Info Failed to load /Game/AdvancedTurnBasedTileToolkit/Textures/Tile_Grey.Tile_Grey Referenced by MaterialExpressionTextureSampleParameter2D_1
[2015.04.26-23.12.40:865][  0]LogLinker:Warning: Can't find file '/Game/AdvancedTurnBasedTileToolkit/Textures/Tile_Grey'
[2015.04.26-23.12.40:865][  0]LoadErrors: Info Failed to load /Game/AdvancedTurnBasedTileToolkit/Textures/Tile_Grey.Tile_Grey Referenced by M_Tiling_Grid_Instance
[2015.04.26-23.12.40:866][  0]LogLinker:Warning: Can't find file for asset '/Game/AdvancedTurnBasedTileToolkit/Textures/Tile_Grey' while loading NULL.
[2015.04.26-23.12.40:866][  0]LoadErrors: Info Failed to load /Game/AdvancedTurnBasedTileToolkit/Textures/Tile_Grey.Tile_Grey Referenced by M_Tiling_Grid_Instance
[2015.04.26-23.12.45:150][  0]LogMaterial: Missing cached shader map for material M_Tiling_Grid, compiling. 
[2015.04.26-23.12.45:150][  0]LogMaterial:Warning: Failed to compile Material /Game/RevoX/Materials/M_Tiling_Grid.M_Tiling_Grid for platform PCD3D_SM5, Default Material will be used in game.
[2015.04.26-23.12.45:150][  0]LogMaterial:Warning: 	(Node TextureSampleParameter2D) Param2D> Requires Texture2D
[2015.04.26-23.12.48:567][  0]LogEditorServer: Finished looking for orphan Actors (0.000 secs)
[2015.04.26-23.12.48:597][  0]LogAIModule: Creating AISystem for world NewGameMap
[2015.04.26-23.12.48:597][  0]Cmd: MAP CHECKDEP
[2015.04.26-23.12.48:597][  0]MapCheck: New page: NewGameMap - Apr 27, 2015, 3:12:48 AM
[2015.04.26-23.12.48:771][  0]MapCheck: Info Map check complete: 0 Error(s), 0 Warning(s), took 174.037ms to complete.
[2015.04.26-23.12.48:772][  0]LogFileHelpers: Loading map 'NewGameMap' took 31.613
[2015.04.26-23.12.49:495][  0]LogCollectionManager: Loaded 0 collections in 0.001990 seconds
[2015.04.26-23.12.49:526][  0]LogContentBrowser: Native class hierarchy populated in 0.0303 seconds. Added 1696 classes and 261 folders.
[2015.04.26-23.12.49:660][  0]LogContentBrowser: Native class hierarchy updated for 'SceneOutliner' in 0.0026 seconds. Added 1 classes and 2 folders.
[2015.04.26-23.12.49:990][  0]LogCrashTracker: Crashtracker disabled due to settings.
[2015.04.26-23.12.49:992][  0]LogSlate:Warning: Failed to load font data from 'Veranda'
[2015.04.26-23.12.50:004][  0]LogUObjectGlobals:Warning: Failed to find object 'Class None.'
[2015.04.26-23.12.50:149][  0]LogLoad: Full Startup: 85.75 seconds (BP compile: 9.63 seconds)
[2015.04.26-23.12.51:130][  0]LogRenderer:Warning: Reallocating scene render targets to support 32x32 (Frame:2).
[2015.04.26-23.12.51:506][  0]LogRenderer:Warning: Reallocating scene render targets to support 1208x576 (Frame:5).
[2015.04.26-23.12.54:034][  8]LogAssetRegistry: Asset discovery search completed in 44.8144 seconds
[2015.04.26-23.13.01:133][303]LogContentBrowser:Verbose: The content browser source was changed by the sources view to '/Game/RevoX/Game'
[2015.04.26-23.13.08:041][661]LogContentBrowser:Verbose: The content browser source was changed by the sources view to 'None'
[2015.04.26-23.13.08:041][661]LogContentBrowser:Verbose: The content browser source was changed by the sources view to '/Game/RevoX/Game'
[2015.04.26-23.13.08:895][706]LogContentBrowser:Verbose: The content browser source was changed by the sources view to 'None'
[2015.04.26-23.13.08:896][706]LogContentBrowser:Verbose: The content browser source was changed by the sources view to '/Game/RevoX/Game'
[2015.04.26-23.13.22:339][422]LogContentBrowser:Verbose: The content browser source was changed by the sources view to 'None'
[2015.04.26-23.13.22:340][422]LogContentBrowser:Verbose: The content browser source was changed by the sources view to '/Game/RevoX/Materials'
[2015.04.26-23.13.24:947][518]LogMaterial: Missing cached shader map for material M_Tiling_Grid, compiling. 
[2015.04.26-23.13.24:947][518]LogMaterial:Warning: Failed to compile Material /Engine/Transient.M_Tiling_Grid for platform PCD3D_SM5, Default Material will be used in game.
[2015.04.26-23.13.24:947][518]LogMaterial:Warning: 	(Node TextureSampleParameter2D) Param2D> Requires Texture2D
[2015.04.26-23.13.24:974][518]LogActorComponent: UnregisterComponent: (/Engine/Transient.SkeletalMeshComponent_0) Not registered. Aborting.
[2015.04.26-23.13.25:061][518]LogActorComponent: UnregisterComponent: (/Engine/Transient.SkeletalMeshComponent_0) Not registered. Aborting.
[2015.04.26-23.13.25:062][518]LogActorComponent: RegisterComponentWithWorld: (/Engine/Transient.MaterialEditorMeshComponent_0) Already registered. Aborting.
[2015.04.26-23.13.25:062][518]LogActorComponent: UnregisterComponent: (/Engine/Transient.SkeletalMeshComponent_0) Not registered. Aborting.
[2015.04.26-23.13.25:062][518]LogActorComponent: RegisterComponentWithWorld: (/Engine/Transient.MaterialEditorMeshComponent_0) Already registered. Aborting.
[2015.04.26-23.13.25:083][518]LogMaterial: Missing cached shader map for material M_Tiling_Grid, compiling. 
[2015.04.26-23.13.25:083][518]LogMaterial:Warning: Failed to compile Material /Engine/Transient.M_Tiling_Grid for platform PCD3D_SM5, Default Material will be used in game.
[2015.04.26-23.13.25:083][518]LogMaterial:Warning: 	(Node TextureSampleParameter2D) Param2D> Requires Texture2D
[2015.04.26-23.13.25:083][518]LogMaterial: 0.000032 seconds spent updating 1 materials, 1 interfaces, 0 instances, 0 with static permutations.
[2015.04.26-23.13.25:129][518]LogMaterial: Missing cached shader map for material FMatExpressionPreview MaterialExpressionTextureSampleParameter2D_1, compiling. 
[2015.04.26-23.13.25:168][518]LogMaterial: Missing cached shader map for material FMatExpressionPreview MaterialExpressionVectorParameter_4, compiling. 
[2015.04.26-23.13.25:195][518]LogMaterial: Missing cached shader map for material FMatExpressionPreview MaterialExpressionStaticComponentMaskParameter_0, compiling. 
[2015.04.26-23.13.25:198][518]MaterialEditorStats:Error: Error [SM5] (Node TextureSampleParameter2D) Param2D> Requires Texture2D
[2015.04.26-23.13.45:017][550]LogMaterial: Missing cached shader map for material M_Tiling_Grid, compiling. 
[2015.04.26-23.13.45:039][550]LogMaterial: 0.000038 seconds spent updating 1 materials, 1 interfaces, 0 instances, 0 with static permutations.
[2015.04.26-23.13.45:085][550]LogMaterial: Missing cached shader map for material FMatExpressionPreview MaterialExpressionTextureSampleParameter2D_1, compiling. 
[2015.04.26-23.13.46:162][651]MaterialEditorStats: Info Base pass shader with only dynamic lighting: 31 instructions
[2015.04.26-23.13.46:162][651]MaterialEditorStats: Info Vertex shader: 33 instructions
[2015.04.26-23.13.46:162][651]MaterialEditorStats: Info Texture samplers: 1/16
[2015.04.26-23.13.47:525][803]LogMaterialEditor: Saving and Compiling material M_Tiling_Grid
[2015.04.26-23.13.49:452][803]LogMaterial: Missing cached shader map for material M_Tiling_Grid, compiling. 
[2015.04.26-23.13.49:478][803]LogMaterial: 0.000061 seconds spent updating 1 materials, 1 interfaces, 0 instances, 0 with static permutations.
[2015.04.26-23.13.49:587][803]LogMaterial: Missing cached shader map for material M_Tiling_Grid, compiling. 
[2015.04.26-23.13.49:620][803]LogMaterial: Missing cached shader map for material M_Tiling_Grid, compiling. 
[2015.04.26-23.13.49:639][803]LogMaterial: 0.010538 seconds spent updating 1 materials, 1 interfaces, 3 instances, 0 with static permutations.
[2015.04.26-23.13.51:537][803]Cmd: OBJ SAVEPACKAGE PACKAGE="/Game/RevoX/Materials/M_Tiling_Grid" FILE="../../../../../../Users/Hinato/Documents/Unreal Projects/RevoX01/Content/RevoX/Materials/M_Tiling_Grid.uasset" SILENT=true
[2015.04.26-23.13.52:157][803]LogSavePackage: Save=438.345703ms
[2015.04.26-23.13.52:157][803]LogSavePackage: Moving '../../../../../../Users/Hinato/Documents/Unreal Projects/RevoX01/Saved/M_Tiling_Grid697B90964A88543BDCA2179351D8DBF4.tmp' to '../../../../../../Users/Hinato/Documents/Unreal Projects/RevoX01/Content/RevoX/Materials/M_Tiling_Grid.uasset'
[2015.04.26-23.13.52:182][803]MaterialEditorStats: Info Base pass shader with only dynamic lighting: 60 instructions
[2015.04.26-23.13.52:182][803]MaterialEditorStats: Info Vertex shader: 33 instructions
[2015.04.26-23.13.52:182][803]MaterialEditorStats: Info Texture samplers: 4/16
[2015.04.26-23.13.56:203][ 67]LogContentBrowser:Verbose: The content browser source was changed by the sources view to 'None'
[2015.04.26-23.13.56:203][ 67]LogContentBrowser:Verbose: The content browser source was changed by the sources view to '/Game/RevoX/Materials'
[2015.04.26-23.13.59:649][246]LogContentBrowser:Verbose: The content browser source was changed by the sources view to 'None'
[2015.04.26-23.13.59:649][246]LogContentBrowser:Verbose: The content browser source was changed by the sources view to '/Game/RevoX/Materials'
[2015.04.26-23.14.02:521][320]LogActorComponent: UnregisterComponent: (/Engine/Transient.SkeletalMeshComponent_1) Not registered. Aborting.
[2015.04.26-23.14.02:592][320]LogActorComponent: UnregisterComponent: (/Engine/Transient.SkeletalMeshComponent_1) Not registered. Aborting.
[2015.04.26-23.14.02:592][320]LogActorComponent: RegisterComponentWithWorld: (/Engine/Transient.MaterialEditorMeshComponent_1) Already registered. Aborting.
[2015.04.26-23.14.02:641][320]LogRenderer:Warning: Reallocating scene render targets to support 1392x928 (Frame:3423).
[2015.04.26-23.14.14:930][319]LogSavePackage: Save=439.926575ms
[2015.04.26-23.14.14:930][319]LogSavePackage: Moving '../../../../../../Users/Hinato/Documents/Unreal Projects/RevoX01/Saved/M_Tiling_Grid_InstanceFCD884664A5DFF9DCCFE1EAE6CFDF6EE.tmp' to '../../../../../../Users/Hinato/Documents/Unreal Projects/RevoX01/Content/RevoX/Materials/M_Tiling_Grid_Instance.uasset'
[2015.04.26-23.14.18:590][604]LogContentBrowser:Verbose: The content browser source was changed by the sources view to 'None'
[2015.04.26-23.14.18:591][604]LogContentBrowser:Verbose: The content browser source was changed by the sources view to '/Game/RevoX/Game'
[2015.04.26-23.14.18:720][605]LogContentBrowser:Verbose: The content browser source was changed by the sources view to 'None'
[2015.04.26-23.14.18:721][605]LogContentBrowser:Verbose: The content browser source was changed by the sources view to '/Game/RevoX/Game'
[2015.04.26-23.14.21:624][754]LogContentBrowser:Verbose: The content browser source was changed by the sources view to 'None'
[2015.04.26-23.14.21:624][754]LogContentBrowser:Verbose: The content browser source was changed by the sources view to '/Game/RevoX/Game'
[2015.04.26-23.14.22:716][807]LogContentBrowser:Verbose: The content browser source was changed by the sources view to 'None'
[2015.04.26-23.14.22:716][807]LogContentBrowser:Verbose: The content browser source was changed by the sources view to '/Game/RevoX/Game'
[2015.04.26-23.14.22:836][809]LogContentBrowser:Verbose: The content browser source was changed by the sources view to 'None'
[2015.04.26-23.14.22:836][809]LogContentBrowser:Verbose: The content browser source was changed by the sources view to '/Game/RevoX/Game'
[2015.04.26-23.14.23:555][847]LogContentBrowser:Verbose: The content browser source was changed by the sources view to 'None'
[2015.04.26-23.14.23:555][847]LogContentBrowser:Verbose: The content browser source was changed by the sources view to '/Game/RevoX/Game'
[2015.04.26-23.14.25:681][955]LogContentBrowser:Verbose: The content browser source was changed by the sources view to 'None'
[2015.04.26-23.14.25:681][955]LogContentBrowser:Verbose: The content browser source was changed by the sources view to '/Game/RevoX/Game'
[2015.04.26-23.14.42:324][749]LogContentBrowser:Verbose: The content browser source was changed by the sources view to 'None'
[2015.04.26-23.14.42:325][749]LogContentBrowser:Verbose: The content browser source was changed by the sources view to '/Game/RevoX/Game'
[2015.04.26-23.14.48:826][ 90]LogContentBrowser:Verbose: The content browser source was changed by the sources view to 'None'
[2015.04.26-23.14.48:827][ 90]LogContentBrowser:Verbose: The content browser source was changed by the sources view to '/Game/RevoX/Game'
[2015.04.26-23.14.48:951][ 91]LogContentBrowser:Verbose: The content browser source was changed by the sources view to 'None'
[2015.04.26-23.14.48:951][ 91]LogContentBrowser:Verbose: The content browser source was changed by the sources view to '/Game/RevoX/Game'
[2015.04.26-23.15.30:382][ 96]LogContentBrowser:Verbose: The content browser source was changed by the sources view to 'None'
[2015.04.26-23.15.30:383][ 96]LogContentBrowser:Verbose: The content browser source was changed by the sources view to '/Game/RevoX/Game'
[2015.04.26-23.16.16:659][116]BlueprintLog: New page: Compile BP_Grid_Manager
[2015.04.26-23.16.19:992][116]LogParticles: Destroying 0 GPU particle simulations for FXSystem 0x000000000EBB8360
[2015.04.26-23.16.19:992][116]LogParticles: Destroying 0 GPU particle simulations for FXSystem 0x000000003A69FB00
[2015.04.26-23.16.19:992][116]LogParticles: Destroying 0 GPU particle simulations for FXSystem 0x00000000241E2A20
[2015.04.26-23.16.20:284][116]BlueprintEditorCompileResults: Info [0295.88] Compile of BP_Grid_Manager successful! [in 3,625 ms]
[2015.04.26-23.16.22:311][247]Cmd: OBJ SAVEPACKAGE PACKAGE="/Game/RevoX/Game/BP_Grid_Manager" FILE="../../../../../../Users/Hinato/Documents/Unreal Projects/RevoX01/Content/RevoX/Game/BP_Grid_Manager.uasset" SILENT=true
[2015.04.26-23.16.30:189][247]LogSavePackage: Save=7570.605957ms
[2015.04.26-23.16.30:189][247]LogSavePackage: Moving '../../../../../../Users/Hinato/Documents/Unreal Projects/RevoX01/Saved/BP_Grid_Manager299AEFDC4EFA2F5285812DBD2B1F27BC.tmp' to '../../../../../../Users/Hinato/Documents/Unreal Projects/RevoX01/Content/RevoX/Game/BP_Grid_Manager.uasset'
[2015.04.26-23.16.41:499][ 77]LogSavePackage: Save=396.902100ms
[2015.04.26-23.16.41:499][ 77]LogSavePackage: Moving '../../../../../../Users/Hinato/Documents/Unreal Projects/RevoX01/Saved/BP_Grid_Manager_Child_Hex341FCB7E4B677619AB1B08AF272F98CB.tmp' to '../../../../../../Users/Hinato/Documents/Unreal Projects/RevoX01/Content/RevoX/Game/BP_Grid_Manager_Child_Hex.uasset'
[2015.04.26-23.16.43:757][195]LogContentBrowser:Verbose: The content browser source was changed by the sources view to 'None'
[2015.04.26-23.16.43:757][195]LogContentBrowser:Verbose: The content browser source was changed by the sources view to '/Game/RevoX/Materials'
[2015.04.26-23.16.43:850][196]LogContentBrowser:Verbose: The content browser source was changed by the sources view to 'None'
[2015.04.26-23.16.43:850][196]LogContentBrowser:Verbose: The content browser source was changed by the sources view to '/Game/RevoX/Materials'
[2015.04.26-23.16.49:441][433]LogActorComponent: UnregisterComponent: (/Engine/Transient.SkeletalMeshComponent_2) Not registered. Aborting.
[2015.04.26-23.16.49:489][433]LogActorComponent: UnregisterComponent: (/Engine/Transient.SkeletalMeshComponent_2) Not registered. Aborting.
[2015.04.26-23.16.49:489][433]LogActorComponent: RegisterComponentWithWorld: (/Engine/Transient.MaterialEditorMeshComponent_2) Already registered. Aborting.
[2015.04.26-23.16.58:268][122]LogContentBrowser:Verbose: The content browser source was changed by the sources view to 'None'
[2015.04.26-23.16.58:269][122]LogContentBrowser:Verbose: The content browser source was changed by the sources view to '/Game/RevoX/Game'
[2015.04.26-23.17.00:248][224]LogContentBrowser:Verbose: The content browser source was changed by the sources view to 'None'
[2015.04.26-23.17.00:248][224]LogContentBrowser:Verbose: The content browser source was changed by the sources view to '/Game/RevoX/Game'
[2015.04.26-23.17.01:798][304]LogContentBrowser:Verbose: The content browser source was changed by the sources view to 'None'
[2015.04.26-23.17.01:798][304]LogContentBrowser:Verbose: The content browser source was changed by the sources view to '/Game/RevoX/Game'
[2015.04.26-23.17.18:253][564]LogParticles: Destroying 0 GPU particle simulations for FXSystem 0x00000000443A2020
[2015.04.26-23.17.18:253][564]LogParticles: Destroying 0 GPU particle simulations for FXSystem 0x0000000012ED9B20
[2015.04.26-23.17.19:081][564]LogSavePackage: Save=407.150726ms
[2015.04.26-23.17.19:081][564]LogSavePackage: Moving '../../../../../../Users/Hinato/Documents/Unreal Projects/RevoX01/Saved/NewGameMap5F272AA0426C7E675A464A9EA836E53A.tmp' to '../../../../../../Users/Hinato/Documents/Unreal Projects/RevoX01/Content/RevoX/Maps/NewGameMap.umap'
[2015.04.26-23.17.19:143][564]LogFileHelpers: Saving map 'NewGameMap' took 0.797
[2015.04.26-23.17.20:125][617]LogParticles: Destroying 0 GPU particle simulations for FXSystem 0x0000000044B7C220
[2015.04.26-23.17.21:013][618]Cmd: QUIT_EDITOR
[2015.04.26-23.17.21:763][618]LogExit: Preparing to exit.
[2015.04.26-23.17.22:798][618]LogExit: Editor shut down
[2015.04.26-23.17.22:799][618]LogExit: Transaction tracking system shut down
[2015.04.26-23.17.22:803][618]LogParticles: Destroying 0 GPU particle simulations for FXSystem 0x000000001C9FACA0
[2015.04.26-23.17.22:803][618]LogParticles: Destroying 0 GPU particle simulations for FXSystem 0x000000002DBD3600
[2015.04.26-23.17.22:803][618]LogParticles: Destroying 0 GPU particle simulations for FXSystem 0x000000002E0F0AE0
[2015.04.26-23.17.22:803][618]LogParticles: Destroying 0 GPU particle simulations for FXSystem 0x0000000012EDB240
[2015.04.26-23.17.22:805][618]LogParticles: Destroying 0 GPU particle simulations for FXSystem 0x0000000044454900
[2015.04.26-23.17.23:171][618]LogExit: Object subsystem successfully closed.
[2015.04.26-23.17.23:268][618]LogModuleManager: Shutting down and abandoning module MaterialEditor (178)
[2015.04.26-23.17.23:268][618]LogModuleManager: Shutting down and abandoning module CrashTracker (177)
[2015.04.26-23.17.23:268][618]LogModuleManager: Shutting down and abandoning module SuperSearch (176)
[2015.04.26-23.17.23:269][618]LogModuleManager: Shutting down and abandoning module SceneOutliner (175)
[2015.04.26-23.17.23:269][618]LogModuleManager: Shutting down and abandoning module EditorWidgets (174)
[2015.04.26-23.17.23:269][618]LogModuleManager: Shutting down and abandoning module CollectionManager (173)
[2015.04.26-23.17.23:283][618]LogModuleManager: Shutting down and abandoning module StatsViewer (172)
[2015.04.26-23.17.23:296][618]LogModuleManager: Shutting down and abandoning module FoliageEdit (171)
[2015.04.26-23.17.23:296][618]LogModuleManager: Shutting down and abandoning module LandscapeEditor (170)
[2015.04.26-23.17.23:303][618]LogModuleManager: Shutting down and abandoning module MeshPaint (169)
[2015.04.26-23.17.23:303][618]LogModuleManager: Shutting down and abandoning module ActorPickerMode (168)
[2015.04.26-23.17.23:303][618]LogModuleManager: Shutting down and abandoning module GeometryMode (167)
[2015.04.26-23.17.23:303][618]LogModuleManager: Shutting down and abandoning module TextureAlignMode (166)
[2015.04.26-23.17.23:303][618]LogModuleManager: Shutting down and abandoning module BspMode (165)
[2015.04.26-23.17.23:303][618]LogModuleManager: Shutting down and abandoning module PlacementMode (164)
[2015.04.26-23.17.23:303][618]LogModuleManager: Shutting down and abandoning module AutomationWorker (163)
[2015.04.26-23.17.23:303][618]LogModuleManager: Shutting down and abandoning module CharacterAI (162)
[2015.04.26-23.17.23:303][618]LogModuleManager: Shutting down and abandoning module SmartSnapping (161)
[2015.04.26-23.17.23:304][618]LogModuleManager: Shutting down and abandoning module ViewportSnapping (160)
[2015.04.26-23.17.23:304][618]LogModuleManager: Shutting down and abandoning module LogVisualizer (159)
[2015.04.26-23.17.23:304][618]LogModuleManager: Shutting down and abandoning module GameProjectGeneration (158)
[2015.04.26-23.17.23:308][618]LogModuleManager: Shutting down and abandoning module IntroTutorials (157)
[2015.04.26-23.17.23:316][618]LogModuleManager: Shutting down and abandoning module EditorLiveStreaming (156)
[2015.04.26-23.17.23:316][618]LogModuleManager: Shutting down and abandoning module HardwareTargeting (155)
[2015.04.26-23.17.23:316][618]LogModuleManager: Shutting down and abandoning module DeviceProfileEditor (154)
[2015.04.26-23.17.23:316][618]LogModuleManager: Shutting down and abandoning module UndoHistory (153)
[2015.04.26-23.17.23:316][618]LogModuleManager: Shutting down and abandoning module GameplayTagsEditor (152)
[2015.04.26-23.17.23:316][618]LogModuleManager: Shutting down and abandoning module UserFeedback (151)
[2015.04.26-23.17.23:316][618]LogModuleManager: Shutting down and abandoning module XmlParser (150)
[2015.04.26-23.17.23:316][618]LogModuleManager: Shutting down and abandoning module Blutility (149)
[2015.04.26-23.17.23:316][618]LogModuleManager: Shutting down and abandoning module IOSPlatformEditor (148)
[2015.04.26-23.17.23:316][618]LogModuleManager: Shutting down and abandoning module IOSRuntimeSettings (147)
[2015.04.26-23.17.23:316][618]LogModuleManager: Shutting down and abandoning module AndroidDeviceDetection (146)
[2015.04.26-23.17.23:809][618]LogModuleManager: Shutting down and abandoning module AndroidPlatformEditor (145)
[2015.04.26-23.17.23:809][618]LogModuleManager: Shutting down and abandoning module AndroidRuntimeSettings (144)
[2015.04.26-23.17.23:809][618]LogModuleManager: Shutting down and abandoning module ProjectTargetPlatformEditor (143)
[2015.04.26-23.17.23:829][618]LogModuleManager: Shutting down and abandoning module ProjectSettingsViewer (142)
[2015.04.26-23.17.23:829][618]LogModuleManager: Shutting down and abandoning module InputBindingEditor (141)
[2015.04.26-23.17.23:849][618]LogModuleManager: Shutting down and abandoning module EditorSettingsViewer (140)
[2015.04.26-23.17.23:849][618]LogModuleManager: Shutting down and abandoning module SettingsEditor (139)
[2015.04.26-23.17.23:855][618]LogModuleManager: Shutting down and abandoning module ProjectLauncher (138)
[2015.04.26-23.17.23:855][618]LogModuleManager: Shutting down and abandoning module SessionFrontend (137)
[2015.04.26-23.17.23:855][618]LogModuleManager: Shutting down and abandoning module ProfilerClient (136)
[2015.04.26-23.17.23:858][618]LogModuleManager: Shutting down and abandoning module TargetDeviceServices (135)
[2015.04.26-23.17.23:858][618]LogModuleManager: Shutting down and abandoning module DeviceManager (134)
[2015.04.26-23.17.23:866][618]LogModuleManager: Shutting down and abandoning module AutomationController (133)
[2015.04.26-23.17.23:866][618]LogModuleManager: Shutting down and abandoning module AutomationWindow (132)
[2015.04.26-23.17.23:875][618]LogModuleManager: Shutting down and abandoning module Layers (131)
[2015.04.26-23.17.23:893][618]LogModuleManager: Shutting down and abandoning module ComponentVisualizers (130)
[2015.04.26-23.17.23:893][618]LogModuleManager: Shutting down and abandoning module DetailCustomizations (129)
[2015.04.26-23.17.23:893][618]LogModuleManager: Shutting down and abandoning module PackagesDialog (128)
[2015.04.26-23.17.23:902][618]LogModuleManager: Shutting down and abandoning module AssetRegistry (127)
[2015.04.26-23.17.24:096][618]LogModuleManager: Shutting down and abandoning module Persona (126)
[2015.04.26-23.17.24:104][618]LogModuleManager: Shutting down and abandoning module SlateReflector (125)
[2015.04.26-23.17.24:108][618]LogModuleManager: Shutting down and abandoning module LevelEditor (124)
[2015.04.26-23.17.24:108][618]LogModuleManager: Shutting down and abandoning module Kismet (123)
[2015.04.26-23.17.24:108][618]LogModuleManager: Shutting down and abandoning module GraphEditor (122)
[2015.04.26-23.17.24:109][618]LogModuleManager: Shutting down and abandoning module ClassViewer (121)
[2015.04.26-23.17.24:109][618]LogModuleManager: Shutting down and abandoning module Toolbox (120)
[2015.04.26-23.17.24:109][618]LogModuleManager: Shutting down and abandoning module ModuleUI (119)
[2015.04.26-23.17.24:111][618]LogModuleManager: Shutting down and abandoning module MovieSceneTools (118)
[2015.04.26-23.17.24:112][618]LogModuleManager: Shutting down and abandoning module OutputLog (117)
[2015.04.26-23.17.24:112][618]LogModuleManager: Shutting down and abandoning module GammaUI (116)
[2015.04.26-23.17.24:118][618]LogModuleManager: Shutting down and abandoning module Documentation (115)
[2015.04.26-23.17.24:118][618]LogModuleManager: Shutting down and abandoning module GameLiveStreaming (114)
[2015.04.26-23.17.24:118][618]LogModuleManager: Shutting down and abandoning module StreamingPauseRendering (113)
[2015.04.26-23.17.24:118][618]LogModuleManager: Shutting down and abandoning module HTTP (112)
[2015.04.26-23.17.24:124][618]LogModuleManager: Shutting down and abandoning module AnalyticsET (111)
[2015.04.26-23.17.24:124][618]LogModuleManager: Shutting down and abandoning module Analytics (110)
[2015.04.26-23.17.24:124][618]LogModuleManager: Shutting down and abandoning module AITestSuite (109)
[2015.04.26-23.17.24:124][618]LogModuleManager: Shutting down and abandoning module GameplayDebugger (108)
[2015.04.26-23.17.24:124][618]LogModuleManager: Shutting down and abandoning module AIModule (107)
[2015.04.26-23.17.24:124][618]LogModuleManager: Shutting down and abandoning module ProfilerService (106)
[2015.04.26-23.17.24:321][618]LogModuleManager: Shutting down and abandoning module TaskGraph (105)
[2015.04.26-23.17.24:350][618]LogModuleManager: Shutting down and abandoning module SlateRemote (104)
[2015.04.26-23.17.24:350][618]LogModuleManager: Shutting down and abandoning module ScriptEditorPlugin (103)
[2015.04.26-23.17.24:350][618]LogModuleManager: Shutting down and abandoning module CustomMeshComponent (102)
[2015.04.26-23.17.24:350][618]LogModuleManager: Shutting down and abandoning module CableComponent (101)
[2015.04.26-23.17.24:350][618]LogModuleManager: Shutting down and abandoning module MessagingDebugger (100)
[2015.04.26-23.17.24:360][618]LogModuleManager: Shutting down and abandoning module MediaPlayerEditor (99)
[2015.04.26-23.17.24:369][618]LogModuleManager: Shutting down and abandoning module SpeedTreeImporter (98)
[2015.04.26-23.17.24:369][618]LogModuleManager: Shutting down and abandoning module PluginsEditor (97)
[2015.04.26-23.17.24:369][618]LogModuleManager: Shutting down and abandoning module MainFrame (96)
[2015.04.26-23.17.24:369][618]LogModuleManager: Shutting down and abandoning module EpicSurvey (95)
[2015.04.26-23.17.24:369][618]LogModuleManager: Shutting down and abandoning module DesktopPlatform (94)
[2015.04.26-23.17.24:372][618]LogModuleManager: Shutting down and abandoning module DirectoryWatcher (93)
[2015.04.26-23.17.24:372][618]LogModuleManager: Shutting down and abandoning module HotReload (92)
[2015.04.26-23.17.24:373][618]LogModuleManager: Shutting down and abandoning module VisualStudioSourceCodeAccess (91)
[2015.04.26-23.17.24:373][618]LogModuleManager: Shutting down and abandoning module UObjectPlugin (90)
[2015.04.26-23.17.24:373][618]LogModuleManager: Shutting down and abandoning module SubversionSourceControl (89)
[2015.04.26-23.17.24:373][618]LogModuleManager: Shutting down and abandoning module PerforceSourceControl (88)
[2015.04.26-23.17.24:378][618]LogModuleManager: Shutting down and abandoning module SourceControl (87)
[2015.04.26-23.17.24:378][618]LogModuleManager: Shutting down and abandoning module GitSourceControl (86)
[2015.04.26-23.17.24:378][618]LogModuleManager: Shutting down and abandoning module BlankPlugin (85)
[2015.04.26-23.17.24:378][618]LogModuleManager: Shutting down and abandoning module PaperTiledImporter (84)
[2015.04.26-23.17.24:378][618]LogModuleManager: Shutting down and abandoning module PaperJsonImporter (83)
[2015.04.26-23.17.24:378][618]LogModuleManager: Shutting down and abandoning module ContentBrowser (82)
[2015.04.26-23.17.24:379][618]LogModuleManager: Shutting down and abandoning module Paper2DEditor (81)
[2015.04.26-23.17.24:392][618]LogModuleManager: Shutting down and abandoning module ScriptPlugin (80)
[2015.04.26-23.17.24:392][618]LogModuleManager: Shutting down and abandoning module UdpMessaging (79)
[2015.04.26-23.17.24:492][618]LogModuleManager: Shutting down and abandoning module Paper2D (78)
[2015.04.26-23.17.24:492][618]LogModuleManager: Shutting down and abandoning module WindowsMoviePlayer (77)
[2015.04.26-23.17.24:496][618]LogModuleManager: Shutting down and abandoning module Media (76)
[2015.04.26-23.17.24:496][618]LogModuleManager: Shutting down and abandoning module WmfMedia (75)
[2015.04.26-23.17.24:504][618]LogModuleManager: Shutting down and abandoning module OnlineBlueprintSupport (74)
[2015.04.26-23.17.24:504][618]LogModuleManager: Shutting down and abandoning module PropertyEditor (73)
[2015.04.26-23.17.24:504][618]LogModuleManager: Shutting down and abandoning module BehaviorTreeEditor (72)
[2015.04.26-23.17.24:510][618]LogModuleManager: Shutting down and abandoning module FunctionalTesting (71)
[2015.04.26-23.17.24:510][618]LogModuleManager: Shutting down and abandoning module CollisionAnalyzer (70)
[2015.04.26-23.17.24:513][618]LogModuleManager: Shutting down and abandoning module WorkspaceMenuStructure (69)
[2015.04.26-23.17.24:513][618]LogModuleManager: Shutting down and abandoning module MessageLog (68)
[2015.04.26-23.17.24:513][618]LogModuleManager: Shutting down and abandoning module Sequencer (67)
[2015.04.26-23.17.24:513][618]LogModuleManager: Shutting down and abandoning module AssetTools (66)
[2015.04.26-23.17.24:514][618]LogModuleManager: Shutting down and abandoning module UMGEditor (65)
[2015.04.26-23.17.24:514][618]LogModuleManager: Shutting down and abandoning module UMG (64)
[2015.04.26-23.17.24:514][618]LogModuleManager: Shutting down and abandoning module Slate (63)
[2015.04.26-23.17.24:514][618]LogModuleManager: Shutting down and abandoning module EditorStyle (62)
[2015.04.26-23.17.24:518][618]LogModuleManager: Shutting down and abandoning module SessionServices (61)
[2015.04.26-23.17.24:518][618]LogModuleManager: Shutting down and abandoning module SourceCodeAccess (60)
[2015.04.26-23.17.24:518][618]LogModuleManager: Shutting down and abandoning module HeadMountedDisplay (59)
[2015.04.26-23.17.24:518][618]LogModuleManager: Shutting down and abandoning module XAudio2 (58)
[2015.04.26-23.17.24:518][618]LogModuleManager: Shutting down and abandoning module Networking (56)
[2015.04.26-23.17.24:518][618]LogModuleManager: Shutting down and abandoning module Core (55)
[2015.04.26-23.17.24:518][618]LogModuleManager: Shutting down and abandoning module KismetCompiler (54)
[2015.04.26-23.17.24:518][618]LogModuleManager: Shutting down and abandoning module PhysXFormats (53)
[2015.04.26-23.17.24:518][618]LogModuleManager: Shutting down and abandoning module MeshUtilities (52)
[2015.04.26-23.17.24:522][618]LogModuleManager: Shutting down and abandoning module DerivedDataCache (51)
[2015.04.26-23.17.24:561][618]LogDerivedDataCache: Shutdown
[2015.04.26-23.17.24:561][618]LogModuleManager: Shutting down and abandoning module ShaderFormatOpenGL (50)
[2015.04.26-23.17.24:571][618]LogModuleManager: Shutting down and abandoning module ShaderFormatD3D (49)
[2015.04.26-23.17.24:571][618]LogModuleManager: Shutting down and abandoning module MetalShaderFormat (48)
[2015.04.26-23.17.24:578][618]LogModuleManager: Shutting down and abandoning module TextureFormatUncompressed (47)
[2015.04.26-23.17.24:578][618]LogModuleManager: Shutting down and abandoning module TextureFormatPVR (46)
[2015.04.26-23.17.24:578][618]LogModuleManager: Shutting down and abandoning module TextureFormatIntelISPCTexComp (45)
[2015.04.26-23.17.24:578][618]LogModuleManager: Shutting down and abandoning module TextureFormatDXT (44)
[2015.04.26-23.17.24:578][618]LogModuleManager: Shutting down and abandoning module ImageWrapper (43)
[2015.04.26-23.17.24:578][618]LogModuleManager: Shutting down and abandoning module TextureFormatASTC (42)
[2015.04.26-23.17.24:578][618]LogModuleManager: Shutting down and abandoning module TextureFormatAndroid (41)
[2015.04.26-23.17.24:578][618]LogModuleManager: Shutting down and abandoning module AudioFormatOpus (40)
[2015.04.26-23.17.24:578][618]LogModuleManager: Shutting down and abandoning module AudioFormatOgg (39)
[2015.04.26-23.17.24:578][618]LogModuleManager: Shutting down and abandoning module AudioFormatADPCM (38)
[2015.04.26-23.17.24:578][618]LogModuleManager: Shutting down and abandoning module LinuxTargetPlatform (37)
[2015.04.26-23.17.24:578][618]LogModuleManager: Shutting down and abandoning module LinuxServerTargetPlatform (36)
[2015.04.26-23.17.24:578][618]LogModuleManager: Shutting down and abandoning module LinuxNoEditorTargetPlatform (35)
[2015.04.26-23.17.24:578][618]LogModuleManager: Shutting down and abandoning module Messaging (34)
[2015.04.26-23.17.24:578][618]LogModuleManager: Shutting down and abandoning module IOSTargetPlatform (33)
[2015.04.26-23.17.24:578][618]LogModuleManager: Shutting down and abandoning module HTML5TargetPlatform (32)
[2015.04.26-23.17.24:578][618]LogModuleManager: Shutting down and abandoning module Android_PVRTCTargetPlatform (31)
[2015.04.26-23.17.24:578][618]LogModuleManager: Shutting down and abandoning module Android_ETC2TargetPlatform (30)
[2015.04.26-23.17.24:578][618]LogModuleManager: Shutting down and abandoning module Android_ETC1TargetPlatform (29)
[2015.04.26-23.17.24:578][618]LogModuleManager: Shutting down and abandoning module Android_ES31TargetPlatform (28)
[2015.04.26-23.17.24:578][618]LogModuleManager: Shutting down and abandoning module Android_DXTTargetPlatform (27)
[2015.04.26-23.17.24:578][618]LogModuleManager: Shutting down and abandoning module Android_ATCTargetPlatform (26)
[2015.04.26-23.17.24:578][618]LogModuleManager: Shutting down and abandoning module AndroidTargetPlatform (25)
[2015.04.26-23.17.24:578][618]LogModuleManager: Shutting down and abandoning module WindowsTargetPlatform (24)
[2015.04.26-23.17.24:578][618]LogModuleManager: Shutting down and abandoning module WindowsServerTargetPlatform (23)
[2015.04.26-23.17.24:578][618]LogModuleManager: Shutting down and abandoning module WindowsNoEditorTargetPlatform (22)
[2015.04.26-23.17.24:578][618]LogModuleManager: Shutting down and abandoning module WindowsClientTargetPlatform (21)
[2015.04.26-23.17.24:578][618]LogModuleManager: Shutting down and abandoning module TargetPlatform (20)
[2015.04.26-23.17.24:578][618]LogModuleManager: Shutting down and abandoning module InputCore (19)
[2015.04.26-23.17.24:578][618]LogModuleManager: Shutting down and abandoning module Settings (18)
[2015.04.26-23.17.24:578][618]LogModuleManager: Shutting down and abandoning module OnlineSubsystem (16)
[2015.04.26-23.17.24:578][618]LogModuleManager: Shutting down and abandoning module OculusRift (15)
[2015.04.26-23.17.24:578][618]LogModuleManager: Shutting down and abandoning module ExampleDeviceProfileSelector (14)
[2015.04.26-23.17.24:578][618]LogModuleManager: Shutting down and abandoning module TextureCompressor (13)
[2015.04.26-23.17.24:578][618]LogModuleManager: Shutting down and abandoning module ShaderCore (12)
[2015.04.26-23.17.24:579][618]LogModuleManager: Shutting down and abandoning module Landscape (11)
[2015.04.26-23.17.24:579][618]LogModuleManager: Shutting down and abandoning module SlateRHIRenderer (10)
[2015.04.26-23.17.24:590][618]LogModuleManager: Shutting down and abandoning module OpenGLDrv (9)
[2015.04.26-23.17.24:590][618]LogModuleManager: Shutting down and abandoning module D3D11RHI (8)
[2015.04.26-23.17.24:590][618]LogModuleManager: Shutting down and abandoning module Renderer (7)
[2015.04.26-23.17.24:590][618]LogModuleManager: Shutting down and abandoning module Engine (6)
[2015.04.26-23.17.24:590][618]LogModuleManager: Shutting down and abandoning module CoreUObject (5)
[2015.04.26-23.17.24:590][618]LogModuleManager: Shutting down and abandoning module NetworkFile (4)
[2015.04.26-23.17.24:590][618]LogModuleManager: Shutting down and abandoning module StreamingFile (3)
[2015.04.26-23.17.24:590][618]LogModuleManager: Shutting down and abandoning module SandboxFile (2)
[2015.04.26-23.17.24:590][618]LogModuleManager: Shutting down and abandoning module PakFile (1)
[2015.04.26-23.17.24:599][618]LogExit: Exiting.
[2015.04.26-23.17.24:605][618]Log file closed, 04/27/15 01:17:24
